{"meta": {"format": 3, "version": "7.13.5", "timestamp": "2026-04-21T17:12:57.508780", "branch_coverage": false, "show_contexts": false}, "files": {"demo_additional_tasks.py": {"executed_lines": [], "summary": {"covered_lines": 0, "num_statements": 377, "percent_covered": 0.0, "percent_covered_display": "0", "missing_lines": 377, "excluded_lines": 0, "percent_statements_covered": 0.0, "percent_statements_covered_display": "0"}, "missing_lines": [11, 12, 13, 14, 17, 28, 29, 30, 39, 64, 66, 67, 68, 69, 70, 71, 72, 73, 74, 75, 76, 77, 78, 79, 80, 81, 82, 83, 84, 85, 86, 87, 88, 89, 90, 91, 92, 93, 94, 96, 99, 112, 113, 114, 117, 125, 138, 140, 141, 142, 143, 144, 145, 146, 147, 148, 149, 150, 151, 152, 153, 154, 155, 156, 157, 158, 159, 160, 161, 162, 163, 164, 165, 166, 167, 168, 169, 170, 171, 172, 173, 174, 175, 176, 177, 178, 179, 180, 181, 182, 183, 184, 185, 186, 187, 188, 189, 190, 191, 192, 193, 194, 195, 196, 197, 198, 199, 200, 201, 202, 203, 204, 205, 206, 207, 208, 209, 210, 211, 212, 213, 214, 215, 216, 217, 218, 219, 220, 221, 222, 223, 224, 225, 226, 227, 228, 229, 230, 231, 232, 233, 234, 235, 236, 237, 238, 239, 240, 241, 242, 244, 247, 258, 259, 260, 263, 265, 266, 267, 268, 270, 271, 274, 276, 277, 278, 279, 281, 282, 285, 291, 292, 294, 295, 296, 297, 299, 300, 301, 304, 305, 324, 325, 327, 328, 329, 331, 332, 351, 352, 354, 355, 356, 358, 359, 378, 379, 381, 382, 383, 385, 386, 387, 389, 390, 391, 392, 393, 394, 395, 396, 398, 401, 411, 412, 413, 415, 416, 419, 427, 428, 429, 430, 431, 432, 436, 444, 445, 446, 447, 448, 449, 450, 453, 454, 456, 457, 459, 460, 461, 462, 463, 464, 465, 466, 467, 468, 470, 471, 472, 473, 474, 475, 478, 479, 480, 481, 482, 483, 484, 485, 486, 488, 489, 490, 491, 492, 495, 496, 497, 498, 499, 500, 501, 502, 503, 504, 505, 506, 507, 508, 509, 510, 511, 512, 513, 514, 515, 516, 517, 518, 519, 522, 523, 524, 525, 526, 527, 528, 529, 530, 531, 532, 533, 534, 535, 536, 537, 538, 539, 540, 541, 542, 543, 544, 545, 546, 547, 548, 551, 554, 555, 556, 557, 558, 559, 560, 561, 564, 566, 568, 569, 570, 571, 572, 573, 574, 575, 576, 577, 578, 579, 581, 582, 583, 584, 585, 588, 589, 590, 591, 594, 595, 596, 597, 598, 599, 600, 601, 602, 603, 604, 605, 606, 607, 608, 609, 610, 611, 612, 613, 614, 615, 616, 617, 620, 621], "excluded_lines": [], "functions": {"task_1_offshore_wind_maintenance": {"executed_lines": [], "summary": {"covered_lines": 0, "num_statements": 35, "percent_covered": 0.0, "percent_covered_display": "0", "missing_lines": 35, "excluded_lines": 0, "percent_statements_covered": 0.0, "percent_statements_covered_display": "0"}, "missing_lines": [28, 29, 30, 39, 64, 66, 67, 68, 69, 70, 71, 72, 73, 74, 75, 76, 77, 78, 79, 80, 81, 82, 83, 84, 85, 86, 87, 88, 89, 90, 91, 92, 93, 94, 96], "excluded_lines": [], "start_line": 17}, "task_2_marine_data_analyst_credential": {"executed_lines": [], "summary": {"covered_lines": 0, "num_statements": 110, "percent_covered": 0.0, "percent_covered_display": "0", "missing_lines": 110, "excluded_lines": 0, "percent_statements_covered": 0.0, "percent_statements_covered_display": "0"}, "missing_lines": [112, 113, 114, 117, 125, 138, 140, 141, 142, 143, 144, 145, 146, 147, 148, 149, 150, 151, 152, 153, 154, 155, 156, 157, 158, 159, 160, 161, 162, 163, 164, 165, 166, 167, 168, 169, 170, 171, 172, 173, 174, 175, 176, 177, 178, 179, 180, 181, 182, 183, 184, 185, 186, 187, 188, 189, 190, 191, 192, 193, 194, 195, 196, 197, 198, 199, 200, 201, 202, 203, 204, 205, 206, 207, 208, 209, 210, 211, 212, 213, 214, 215, 216, 217, 218, 219, 220, 221, 222, 223, 224, 225, 226, 227, 228, 229, 230, 231, 232, 233, 234, 235, 236, 237, 238, 239, 240, 241, 242, 244], "excluded_lines": [], "start_line": 99}, "task_3_extract_from_literature": {"executed_lines": [], "summary": {"covered_lines": 0, "num_statements": 60, "percent_covered": 0.0, "percent_covered_display": "0", "missing_lines": 60, "excluded_lines": 0, "percent_statements_covered": 0.0, "percent_statements_covered_display": "0"}, "missing_lines": [258, 259, 260, 263, 265, 266, 267, 268, 270, 271, 274, 276, 277, 278, 279, 281, 282, 285, 291, 292, 294, 295, 296, 297, 299, 300, 301, 304, 305, 324, 325, 327, 328, 329, 331, 332, 351, 352, 354, 355, 356, 358, 359, 378, 379, 381, 382, 383, 385, 386, 387, 389, 390, 391, 392, 393, 394, 395, 396, 398], "excluded_lines": [], "start_line": 247}, "task_4_fisheries_aquaculture_transition": {"executed_lines": [], "summary": {"covered_lines": 0, "num_statements": 106, "percent_covered": 0.0, "percent_covered_display": "0", "missing_lines": 106, "excluded_lines": 0, "percent_statements_covered": 0.0, "percent_statements_covered_display": "0"}, "missing_lines": [411, 412, 413, 415, 416, 419, 427, 428, 429, 430, 431, 432, 436, 444, 445, 446, 447, 448, 449, 450, 453, 454, 456, 457, 459, 460, 461, 462, 463, 464, 465, 466, 467, 468, 470, 471, 472, 473, 474, 475, 478, 479, 480, 481, 482, 483, 484, 485, 486, 488, 489, 490, 491, 492, 495, 496, 497, 498, 499, 500, 501, 502, 503, 504, 505, 506, 507, 508, 509, 510, 511, 512, 513, 514, 515, 516, 517, 518, 519, 522, 523, 524, 525, 526, 527, 528, 529, 530, 531, 532, 533, 534, 535, 536, 537, 538, 539, 540, 541, 542, 543, 544, 545, 546, 547, 548], "excluded_lines": [], "start_line": 401}, "main": {"executed_lines": [], "summary": {"covered_lines": 0, "num_statements": 55, "percent_covered": 0.0, "percent_covered_display": "0", "missing_lines": 55, "excluded_lines": 0, "percent_statements_covered": 0.0, "percent_statements_covered_display": "0"}, "missing_lines": [554, 555, 556, 557, 558, 559, 560, 561, 564, 566, 568, 569, 570, 571, 572, 573, 574, 575, 576, 577, 578, 579, 581, 582, 583, 584, 585, 588, 589, 590, 591, 594, 595, 596, 597, 598, 599, 600, 601, 602, 603, 604, 605, 606, 607, 608, 609, 610, 611, 612, 613, 614, 615, 616, 617], "excluded_lines": [], "start_line": 551}, "": {"executed_lines": [], "summary": {"covered_lines": 0, "num_statements": 11, "percent_covered": 0.0, "percent_covered_display": "0", "missing_lines": 11, "excluded_lines": 0, "percent_statements_covered": 0.0, "percent_statements_covered_display": "0"}, "missing_lines": [11, 12, 13, 14, 17, 99, 247, 401, 551, 620, 621], "excluded_lines": [], "start_line": 1}}, "classes": {"": {"executed_lines": [], "summary": {"covered_lines": 0, "num_statements": 377, "percent_covered": 0.0, "percent_covered_display": "0", "missing_lines": 377, "excluded_lines": 0, "percent_statements_covered": 0.0, "percent_statements_covered_display": "0"}, "missing_lines": [11, 12, 13, 14, 17, 28, 29, 30, 39, 64, 66, 67, 68, 69, 70, 71, 72, 73, 74, 75, 76, 77, 78, 79, 80, 81, 82, 83, 84, 85, 86, 87, 88, 89, 90, 91, 92, 93, 94, 96, 99, 112, 113, 114, 117, 125, 138, 140, 141, 142, 143, 144, 145, 146, 147, 148, 149, 150, 151, 152, 153, 154, 155, 156, 157, 158, 159, 160, 161, 162, 163, 164, 165, 166, 167, 168, 169, 170, 171, 172, 173, 174, 175, 176, 177, 178, 179, 180, 181, 182, 183, 184, 185, 186, 187, 188, 189, 190, 191, 192, 193, 194, 195, 196, 197, 198, 199, 200, 201, 202, 203, 204, 205, 206, 207, 208, 209, 210, 211, 212, 213, 214, 215, 216, 217, 218, 219, 220, 221, 222, 223, 224, 225, 226, 227, 228, 229, 230, 231, 232, 233, 234, 235, 236, 237, 238, 239, 240, 241, 242, 244, 247, 258, 259, 260, 263, 265, 266, 267, 268, 270, 271, 274, 276, 277, 278, 279, 281, 282, 285, 291, 292, 294, 295, 296, 297, 299, 300, 301, 304, 305, 324, 325, 327, 328, 329, 331, 332, 351, 352, 354, 355, 356, 358, 359, 378, 379, 381, 382, 383, 385, 386, 387, 389, 390, 391, 392, 393, 394, 395, 396, 398, 401, 411, 412, 413, 415, 416, 419, 427, 428, 429, 430, 431, 432, 436, 444, 445, 446, 447, 448, 449, 450, 453, 454, 456, 457, 459, 460, 461, 462, 463, 464, 465, 466, 467, 468, 470, 471, 472, 473, 474, 475, 478, 479, 480, 481, 482, 483, 484, 485, 486, 488, 489, 490, 491, 492, 495, 496, 497, 498, 499, 500, 501, 502, 503, 504, 505, 506, 507, 508, 509, 510, 511, 512, 513, 514, 515, 516, 517, 518, 519, 522, 523, 524, 525, 526, 527, 528, 529, 530, 531, 532, 533, 534, 535, 536, 537, 538, 539, 540, 541, 542, 543, 544, 545, 546, 547, 548, 551, 554, 555, 556, 557, 558, 559, 560, 561, 564, 566, 568, 569, 570, 571, 572, 573, 574, 575, 576, 577, 578, 579, 581, 582, 583, 584, 585, 588, 589, 590, 591, 594, 595, 596, 597, 598, 599, 600, 601, 602, 603, 604, 605, 606, 607, 608, 609, 610, 611, 612, 613, 614, 615, 616, 617, 620, 621], "excluded_lines": [], "start_line": 1}}}, "demo_workspace_instructions.py": {"executed_lines": [], "summary": {"covered_lines": 0, "num_statements": 175, "percent_covered": 0.0, "percent_covered_display": "0", "missing_lines": 175, "excluded_lines": 0, "percent_statements_covered": 0.0, "percent_statements_covered_display": "0"}, "missing_lines": [10, 11, 12, 15, 28, 51, 53, 54, 55, 56, 57, 58, 59, 60, 61, 62, 64, 67, 78, 86, 98, 100, 101, 102, 103, 104, 105, 106, 107, 108, 109, 110, 111, 112, 113, 114, 115, 116, 117, 118, 119, 120, 121, 122, 123, 124, 125, 126, 127, 128, 129, 130, 131, 132, 133, 134, 135, 136, 137, 139, 142, 152, 153, 154, 157, 163, 164, 165, 166, 167, 168, 169, 170, 173, 178, 179, 180, 181, 182, 183, 184, 185, 187, 188, 189, 190, 191, 192, 193, 194, 197, 198, 199, 200, 203, 204, 205, 206, 207, 208, 209, 212, 213, 214, 215, 216, 217, 218, 219, 222, 233, 234, 235, 236, 237, 238, 239, 240, 241, 242, 243, 244, 245, 246, 247, 250, 253, 254, 255, 256, 257, 258, 259, 260, 263, 266, 268, 270, 271, 272, 273, 274, 275, 276, 277, 279, 280, 281, 283, 284, 285, 286, 287, 290, 291, 292, 293, 296, 297, 298, 299, 300, 301, 302, 303, 304, 305, 306, 307, 308, 309, 310, 311, 314, 315], "excluded_lines": [], "functions": {"task_1_add_coastal_resilience_competence": {"executed_lines": [], "summary": {"covered_lines": 0, "num_statements": 13, "percent_covered": 0.0, "percent_covered_display": "0", "missing_lines": 13, "excluded_lines": 0, "percent_statements_covered": 0.0, "percent_statements_covered_display": "0"}, "missing_lines": [28, 51, 53, 54, 55, 56, 57, 58, 59, 60, 61, 62, 64], "excluded_lines": [], "start_line": 15}, "task_2_create_port_sustainability_credential": {"executed_lines": [], "summary": {"covered_lines": 0, "num_statements": 42, "percent_covered": 0.0, "percent_covered_display": "0", "missing_lines": 42, "excluded_lines": 0, "percent_statements_covered": 0.0, "percent_statements_covered_display": "0"}, "missing_lines": [78, 86, 98, 100, 101, 102, 103, 104, 105, 106, 107, 108, 109, 110, 111, 112, 113, 114, 115, 116, 117, 118, 119, 120, 121, 122, 123, 124, 125, 126, 127, 128, 129, 130, 131, 132, 133, 134, 135, 136, 137, 139], "excluded_lines": [], "start_line": 67}, "task_3_analyze_renewable_energy_gaps": {"executed_lines": [], "summary": {"covered_lines": 0, "num_statements": 48, "percent_covered": 0.0, "percent_covered_display": "0", "missing_lines": 48, "excluded_lines": 0, "percent_statements_covered": 0.0, "percent_statements_covered_display": "0"}, "missing_lines": [152, 153, 154, 157, 163, 164, 165, 166, 167, 168, 169, 170, 173, 178, 179, 180, 181, 182, 183, 184, 185, 187, 188, 189, 190, 191, 192, 193, 194, 197, 198, 199, 200, 203, 204, 205, 206, 207, 208, 209, 212, 213, 214, 215, 216, 217, 218, 219], "excluded_lines": [], "start_line": 142}, "task_4_validate_type_safety": {"executed_lines": [], "summary": {"covered_lines": 0, "num_statements": 15, "percent_covered": 0.0, "percent_covered_display": "0", "missing_lines": 15, "excluded_lines": 0, "percent_statements_covered": 0.0, "percent_statements_covered_display": "0"}, "missing_lines": [233, 234, 235, 236, 237, 238, 239, 240, 241, 242, 243, 244, 245, 246, 247], "excluded_lines": [], "start_line": 222}, "main": {"executed_lines": [], "summary": {"covered_lines": 0, "num_statements": 47, "percent_covered": 0.0, "percent_covered_display": "0", "missing_lines": 47, "excluded_lines": 0, "percent_statements_covered": 0.0, "percent_statements_covered_display": "0"}, "missing_lines": [253, 254, 255, 256, 257, 258, 259, 260, 263, 266, 268, 270, 271, 272, 273, 274, 275, 276, 277, 279, 280, 281, 283, 284, 285, 286, 287, 290, 291, 292, 293, 296, 297, 298, 299, 300, 301, 302, 303, 304, 305, 306, 307, 308, 309, 310, 311], "excluded_lines": [], "start_line": 250}, "": {"executed_lines": [], "summary": {"covered_lines": 0, "num_statements": 10, "percent_covered": 0.0, "percent_covered_display": "0", "missing_lines": 10, "excluded_lines": 0, "percent_statements_covered": 0.0, "percent_statements_covered_display": "0"}, "missing_lines": [10, 11, 12, 15, 67, 142, 222, 250, 314, 315], "excluded_lines": [], "start_line": 1}}, "classes": {"": {"executed_lines": [], "summary": {"covered_lines": 0, "num_statements": 175, "percent_covered": 0.0, "percent_covered_display": "0", "missing_lines": 175, "excluded_lines": 0, "percent_statements_covered": 0.0, "percent_statements_covered_display": "0"}, "missing_lines": [10, 11, 12, 15, 28, 51, 53, 54, 55, 56, 57, 58, 59, 60, 61, 62, 64, 67, 78, 86, 98, 100, 101, 102, 103, 104, 105, 106, 107, 108, 109, 110, 111, 112, 113, 114, 115, 116, 117, 118, 119, 120, 121, 122, 123, 124, 125, 126, 127, 128, 129, 130, 131, 132, 133, 134, 135, 136, 137, 139, 142, 152, 153, 154, 157, 163, 164, 165, 166, 167, 168, 169, 170, 173, 178, 179, 180, 181, 182, 183, 184, 185, 187, 188, 189, 190, 191, 192, 193, 194, 197, 198, 199, 200, 203, 204, 205, 206, 207, 208, 209, 212, 213, 214, 215, 216, 217, 218, 219, 222, 233, 234, 235, 236, 237, 238, 239, 240, 241, 242, 243, 244, 245, 246, 247, 250, 253, 254, 255, 256, 257, 258, 259, 260, 263, 266, 268, 270, 271, 272, 273, 274, 275, 276, 277, 279, 280, 281, 283, 284, 285, 286, 287, 290, 291, 292, 293, 296, 297, 298, 299, 300, 301, 302, 303, 304, 305, 306, 307, 308, 309, 310, 311, 314, 315], "excluded_lines": [], "start_line": 1}}}, "fix_all_md.py": {"executed_lines": [], "summary": {"covered_lines": 0, "num_statements": 10, "percent_covered": 0.0, "percent_covered_display": "0", "missing_lines": 10, "excluded_lines": 0, "percent_statements_covered": 0.0, "percent_statements_covered_display": "0"}, "missing_lines": [2, 5, 6, 9, 12, 15, 18, 19, 21, 22], "excluded_lines": [], "functions": {"": {"executed_lines": [], "summary": {"covered_lines": 0, "num_statements": 10, "percent_covered": 0.0, "percent_covered_display": "0", "missing_lines": 10, "excluded_lines": 0, "percent_statements_covered": 0.0, "percent_statements_covered_display": "0"}, "missing_lines": [2, 5, 6, 9, 12, 15, 18, 19, 21, 22], "excluded_lines": [], "start_line": 1}}, "classes": {"": {"executed_lines": [], "summary": {"covered_lines": 0, "num_statements": 10, "percent_covered": 0.0, "percent_covered_display": "0", "missing_lines": 10, "excluded_lines": 0, "percent_statements_covered": 0.0, "percent_statements_covered_display": "0"}, "missing_lines": [2, 5, 6, 9, 12, 15, 18, 19, 21, 22], "excluded_lines": [], "start_line": 1}}}, "fix_markdown.py": {"executed_lines": [], "summary": {"covered_lines": 0, "num_statements": 14, "percent_covered": 0.0, "percent_covered_display": "0", "missing_lines": 14, "excluded_lines": 0, "percent_statements_covered": 0.0, "percent_statements_covered_display": "0"}, "missing_lines": [1, 4, 5, 8, 9, 12, 13, 14, 17, 20, 21, 23, 24, 25], "excluded_lines": [], "functions": {"": {"executed_lines": [], "summary": {"covered_lines": 0, "num_statements": 14, "percent_covered": 0.0, "percent_covered_display": "0", "missing_lines": 14, "excluded_lines": 0, "percent_statements_covered": 0.0, "percent_statements_covered_display": "0"}, "missing_lines": [1, 4, 5, 8, 9, 12, 13, 14, 17, 20, 21, 23, 24, 25], "excluded_lines": [], "start_line": 1}}, "classes": {"": {"executed_lines": [], "summary": {"covered_lines": 0, "num_statements": 14, "percent_covered": 0.0, "percent_covered_display": "0", "missing_lines": 14, "excluded_lines": 0, "percent_statements_covered": 0.0, "percent_statements_covered_display": "0"}, "missing_lines": [1, 4, 5, 8, 9, 12, 13, 14, 17, 20, 21, 23, 24, 25], "excluded_lines": [], "start_line": 1}}}, "fix_markdown_bulk.py": {"executed_lines": [], "summary": {"covered_lines": 0, "num_statements": 32, "percent_covered": 0.0, "percent_covered_display": "0", "missing_lines": 32, "excluded_lines": 0, "percent_statements_covered": 0.0, "percent_statements_covered_display": "0"}, "missing_lines": [3, 4, 5, 7, 9, 10, 13, 14, 15, 18, 21, 24, 25, 26, 30, 34, 37, 40, 42, 43, 45, 48, 51, 52, 53, 54, 55, 56, 57, 58, 59, 61], "excluded_lines": [], "functions": {"fix_markdown_file": {"executed_lines": [], "summary": {"covered_lines": 0, "num_statements": 17, "percent_covered": 0.0, "percent_covered_display": "0", "missing_lines": 17, "excluded_lines": 0, "percent_statements_covered": 0.0, "percent_statements_covered_display": "0"}, "missing_lines": [9, 10, 13, 14, 15, 18, 21, 24, 25, 26, 30, 34, 37, 40, 42, 43, 45], "excluded_lines": [], "start_line": 7}, "": {"executed_lines": [], "summary": {"covered_lines": 0, "num_statements": 15, "percent_covered": 0.0, "percent_covered_display": "0", "missing_lines": 15, "excluded_lines": 0, "percent_statements_covered": 0.0, "percent_statements_covered_display": "0"}, "missing_lines": [3, 4, 5, 7, 48, 51, 52, 53, 54, 55, 56, 57, 58, 59, 61], "excluded_lines": [], "start_line": 1}}, "classes": {"": {"executed_lines": [], "summary": {"covered_lines": 0, "num_statements": 32, "percent_covered": 0.0, "percent_covered_display": "0", "missing_lines": 32, "excluded_lines": 0, "percent_statements_covered": 0.0, "percent_statements_covered_display": "0"}, "missing_lines": [3, 4, 5, 7, 9, 10, 13, 14, 15, 18, 21, 24, 25, 26, 30, 34, 37, 40, 42, 43, 45, 48, 51, 52, 53, 54, 55, 56, 57, 58, 59, 61], "excluded_lines": [], "start_line": 1}}}, "load_real_competences.py": {"executed_lines": [9, 10, 11, 12, 15, 24, 26, 33, 36, 42, 44, 45, 47, 49, 50, 52, 54, 55, 56, 60, 61, 64, 67, 70, 84, 85, 88, 89, 91, 92, 94, 95, 96, 97, 98, 100, 102, 105, 109, 110, 117, 122, 125, 126, 128, 129, 130, 131, 134, 135, 136, 137, 138, 142, 143, 144, 146, 150, 151, 153, 154, 157], "summary": {"covered_lines": 62, "num_statements": 67, "percent_covered": 92.53731343283582, "percent_covered_display": "93", "missing_lines": 5, "excluded_lines": 0, "percent_statements_covered": 92.53731343283582, "percent_statements_covered_display": "93"}, "missing_lines": [118, 119, 139, 158, 160], "excluded_lines": [], "functions": {"map_dimension_to_axis": {"executed_lines": [24, 26, 33], "summary": {"covered_lines": 3, "num_statements": 3, "percent_covered": 100.0, "percent_covered_display": "100", "missing_lines": 0, "excluded_lines": 0, "percent_statements_covered": 100.0, "percent_statements_covered_display": "100"}, "missing_lines": [], "excluded_lines": [], "start_line": 15}, "load_blue_competences": {"executed_lines": [42, 44, 45, 47, 49, 50, 52, 54, 55, 56, 60, 61, 64, 67, 70, 84, 85, 88, 89, 91, 92, 94, 95, 96, 97, 98, 100, 102], "summary": {"covered_lines": 28, "num_statements": 28, "percent_covered": 100.0, "percent_covered_display": "100", "missing_lines": 0, "excluded_lines": 0, "percent_statements_covered": 100.0, "percent_statements_covered_display": "100"}, "missing_lines": [], "excluded_lines": [], "start_line": 36}, "main": {"executed_lines": [109, 110, 117, 122, 125, 126, 128, 129, 130, 131, 134, 135, 136, 137, 138, 142, 143, 144, 146, 150, 151, 153, 154], "summary": {"covered_lines": 23, "num_statements": 26, "percent_covered": 88.46153846153847, "percent_covered_display": "88", "missing_lines": 3, "excluded_lines": 0, "percent_statements_covered": 88.46153846153847, "percent_statements_covered_display": "88"}, "missing_lines": [118, 119, 139], "excluded_lines": [], "start_line": 105}, "": {"executed_lines": [9, 10, 11, 12, 15, 36, 105, 157], "summary": {"covered_lines": 8, "num_statements": 10, "percent_covered": 80.0, "percent_covered_display": "80", "missing_lines": 2, "excluded_lines": 0, "percent_statements_covered": 80.0, "percent_statements_covered_display": "80"}, "missing_lines": [158, 160], "excluded_lines": [], "start_line": 1}}, "classes": {"": {"executed_lines": [9, 10, 11, 12, 15, 24, 26, 33, 36, 42, 44, 45, 47, 49, 50, 52, 54, 55, 56, 60, 61, 64, 67, 70, 84, 85, 88, 89, 91, 92, 94, 95, 96, 97, 98, 100, 102, 105, 109, 110, 117, 122, 125, 126, 128, 129, 130, 131, 134, 135, 136, 137, 138, 142, 143, 144, 146, 150, 151, 153, 154, 157], "summary": {"covered_lines": 62, "num_statements": 67, "percent_covered": 92.53731343283582, "percent_covered_display": "93", "missing_lines": 5, "excluded_lines": 0, "percent_statements_covered": 92.53731343283582, "percent_statements_covered_display": "93"}, "missing_lines": [118, 119, 139, 158, 160], "excluded_lines": [], "start_line": 1}}}, "main.py": {"executed_lines": [], "summary": {"covered_lines": 0, "num_statements": 65, "percent_covered": 0.0, "percent_covered_display": "0", "missing_lines": 65, "excluded_lines": 0, "percent_statements_covered": 0.0, "percent_statements_covered_display": "0"}, "missing_lines": [8, 9, 16, 19, 21, 22, 23, 24, 27, 30, 31, 32, 33, 34, 35, 38, 39, 56, 57, 58, 59, 62, 63, 64, 65, 66, 67, 68, 69, 70, 71, 72, 75, 76, 77, 78, 82, 83, 84, 85, 86, 87, 90, 91, 92, 93, 94, 95, 96, 98, 99, 100, 101, 102, 103, 104, 105, 106, 107, 110, 111, 112, 113, 114, 115], "excluded_lines": [], "functions": {"main": {"executed_lines": [], "summary": {"covered_lines": 0, "num_statements": 55, "percent_covered": 0.0, "percent_covered_display": "0", "missing_lines": 55, "excluded_lines": 0, "percent_statements_covered": 0.0, "percent_statements_covered_display": "0"}, "missing_lines": [21, 22, 23, 24, 27, 30, 31, 32, 33, 34, 35, 38, 39, 56, 57, 58, 59, 62, 63, 64, 65, 66, 67, 68, 69, 70, 71, 72, 75, 76, 77, 78, 82, 83, 84, 85, 86, 87, 90, 91, 92, 93, 94, 95, 96, 98, 99, 100, 101, 102, 103, 104, 105, 106, 107], "excluded_lines": [], "start_line": 19}, "": {"executed_lines": [], "summary": {"covered_lines": 0, "num_statements": 10, "percent_covered": 0.0, "percent_covered_display": "0", "missing_lines": 10, "excluded_lines": 0, "percent_statements_covered": 0.0, "percent_statements_covered_display": "0"}, "missing_lines": [8, 9, 16, 19, 110, 111, 112, 113, 114, 115], "excluded_lines": [], "start_line": 1}}, "classes": {"": {"executed_lines": [], "summary": {"covered_lines": 0, "num_statements": 65, "percent_covered": 0.0, "percent_covered_display": "0", "missing_lines": 65, "excluded_lines": 0, "percent_statements_covered": 0.0, "percent_statements_covered_display": "0"}, "missing_lines": [8, 9, 16, 19, 21, 22, 23, 24, 27, 30, 31, 32, 33, 34, 35, 38, 39, 56, 57, 58, 59, 62, 63, 64, 65, 66, 67, 68, 69, 70, 71, 72, 75, 76, 77, 78, 82, 83, 84, 85, 86, 87, 90, 91, 92, 93, 94, 95, 96, 98, 99, 100, 101, 102, 103, 104, 105, 106, 107, 110, 111, 112, 113, 114, 115], "excluded_lines": [], "start_line": 1}}}, "main_real_data.py": {"executed_lines": [9, 10, 11, 12, 13, 16, 19, 20, 21, 22, 25, 28, 29, 30, 32, 36, 37, 40, 41, 42, 43, 44, 47, 50, 51, 52, 54, 78, 79, 80, 81, 84, 85, 86, 87, 88, 91, 92, 93, 95, 96, 101, 102, 104, 105, 106, 107, 108, 109, 110, 113, 114, 115, 116, 117, 118, 119, 121, 122, 123, 124, 125, 126, 127, 128, 129, 130, 131, 132, 133, 134, 135, 136, 138, 141], "summary": {"covered_lines": 75, "num_statements": 78, "percent_covered": 96.15384615384616, "percent_covered_display": "96", "missing_lines": 3, "excluded_lines": 0, "percent_statements_covered": 96.15384615384616, "percent_statements_covered_display": "96"}, "missing_lines": [33, 34, 142], "excluded_lines": [], "functions": {"main": {"executed_lines": [19, 20, 21, 22, 25, 28, 29, 30, 32, 36, 37, 40, 41, 42, 43, 44, 47, 50, 51, 52, 54, 78, 79, 80, 81, 84, 85, 86, 87, 88, 91, 92, 93, 95, 96, 101, 102, 104, 105, 106, 107, 108, 109, 110, 113, 114, 115, 116, 117, 118, 119, 121, 122, 123, 124, 125, 126, 127, 128, 129, 130, 131, 132, 133, 134, 135, 136, 138], "summary": {"covered_lines": 68, "num_statements": 70, "percent_covered": 97.14285714285714, "percent_covered_display": "97", "missing_lines": 2, "excluded_lines": 0, "percent_statements_covered": 97.14285714285714, "percent_statements_covered_display": "97"}, "missing_lines": [33, 34], "excluded_lines": [], "start_line": 16}, "": {"executed_lines": [9, 10, 11, 12, 13, 16, 141], "summary": {"covered_lines": 7, "num_statements": 8, "percent_covered": 87.5, "percent_covered_display": "88", "missing_lines": 1, "excluded_lines": 0, "percent_statements_covered": 87.5, "percent_statements_covered_display": "88"}, "missing_lines": [142], "excluded_lines": [], "start_line": 1}}, "classes": {"": {"executed_lines": [9, 10, 11, 12, 13, 16, 19, 20, 21, 22, 25, 28, 29, 30, 32, 36, 37, 40, 41, 42, 43, 44, 47, 50, 51, 52, 54, 78, 79, 80, 81, 84, 85, 86, 87, 88, 91, 92, 93, 95, 96, 101, 102, 104, 105, 106, 107, 108, 109, 110, 113, 114, 115, 116, 117, 118, 119, 121, 122, 123, 124, 125, 126, 127, 128, 129, 130, 131, 132, 133, 134, 135, 136, 138, 141], "summary": {"covered_lines": 75, "num_statements": 78, "percent_covered": 96.15384615384616, "percent_covered_display": "96", "missing_lines": 3, "excluded_lines": 0, "percent_statements_covered": 96.15384615384616, "percent_statements_covered_display": "96"}, "missing_lines": [33, 34, 142], "excluded_lines": [], "start_line": 1}}}, "run_full_analysis.py": {"executed_lines": [24, 25, 26, 27, 28, 29, 30, 31, 32, 33, 34, 35, 37, 41, 43, 48, 53, 54, 55, 56, 57, 60, 76, 92, 118, 121, 122, 123, 126, 129, 130, 131, 132, 135, 136, 139, 140, 141, 142, 143, 144, 146, 147, 149, 150, 153, 154, 157, 158, 159, 160, 161, 162, 163, 164, 166, 167, 188, 189, 192, 193, 194, 195, 196, 197, 198, 199, 200, 201, 202, 203, 205, 206, 222, 223, 226, 227, 228, 229, 230, 231, 234, 235, 238, 239, 240, 241, 247, 275, 303, 331, 333, 334, 339, 340, 341, 342, 348, 360, 364, 370, 380, 381, 383, 385, 386, 387, 389, 392, 393, 394, 395, 397, 398, 399, 400, 401, 403, 404, 407, 408, 409, 410, 411, 413, 417, 418, 431, 432, 440, 520, 522, 525, 545, 546, 548, 550, 551, 552, 554, 558, 559, 560, 561, 564, 565, 566, 567, 569, 570, 571, 572, 573, 574, 575, 576, 577, 579, 583, 584, 585, 586, 589, 590, 593, 596, 600, 601, 604, 605, 607, 617, 618, 640, 642, 649, 650, 658, 679, 682, 683, 684, 686, 687, 689, 691, 692, 693, 694, 696, 697, 700, 702, 704, 707, 708, 709, 710, 712, 720, 724, 725, 732, 783, 799, 819, 821, 822, 823, 825, 827, 828, 829, 831, 832, 833, 838, 839, 840, 843, 844, 845, 847, 850, 853, 854, 855, 856, 886, 887, 888, 889, 919, 920, 921, 922, 956, 957, 992, 993, 1001, 1016, 1019, 1020, 1021, 1024, 1025, 1026, 1027, 1029, 1031, 1032, 1033, 1034, 1035, 1036, 1038, 1039, 1040, 1042, 1051, 1052, 1060, 1065, 1066, 1067, 1079, 1080, 1081, 1093, 1096, 1102, 1113, 1114, 1115, 1118, 1123, 1131, 1132, 1133, 1136, 1141, 1153, 1154, 1155, 1158, 1173, 1174, 1175, 1177, 1178, 1179, 1182, 1184, 1191, 1250, 1262, 1263, 1264, 1267, 1275, 1276, 1278, 1284, 1288, 1310, 1311, 1312, 1318, 1320, 1321, 1322, 1326, 1327, 1328, 1329, 1330, 1331, 1337, 1339, 1343, 1344, 1345, 1348, 1354, 1359, 1360, 1361, 1362, 1363, 1364, 1371, 1372, 1373, 1376, 1377, 1378, 1383, 1388, 1391, 1392, 1393, 1394, 1395, 1396, 1398, 1399, 1406, 1408, 1411, 1412, 1413, 1416, 1421, 1426, 1427, 1428, 1429, 1430, 1434, 1435, 1441, 1444, 1457, 1459, 1462, 1463, 1464, 1467, 1472, 1477, 1478, 1480, 1481, 1482, 1484, 1485, 1486, 1491, 1492, 1497, 1499, 1500, 1501, 1502, 1503, 1505, 1506, 1507, 1508, 1509, 1510, 1514, 1515, 1519, 1520, 1529, 1531, 1534, 1535, 1536, 1544, 1560, 1562, 1563, 1564, 1567, 1568, 1571, 1572, 1573, 1575, 1578, 1580, 1581, 1584, 1585, 1586, 1588, 1596, 1599, 1602, 1605, 1606, 1609, 1610, 1611, 1612, 1617, 1620, 1621, 1628, 1629, 1630, 1633, 1634, 1635, 1636, 1637, 1643, 1646, 1647, 1648, 1649, 1659, 1660, 1661, 1662, 1663, 1664, 1667, 1668, 1669, 1672, 1679, 1682, 1690, 1693], "summary": {"covered_lines": 458, "num_statements": 467, "percent_covered": 98.0728051391863, "percent_covered_display": "98", "missing_lines": 9, "excluded_lines": 0, "percent_statements_covered": 98.0728051391863, "percent_statements_covered_display": "98"}, "missing_lines": [396, 553, 555, 556, 580, 597, 1397, 1694, 1695], "excluded_lines": [], "functions": {"CompetenceSource.github_url": {"executed_lines": [149, 150], "summary": {"covered_lines": 2, "num_statements": 2, "percent_covered": 100.0, "percent_covered_display": "100", "missing_lines": 0, "excluded_lines": 0, "percent_statements_covered": 100.0, "percent_statements_covered_display": "100"}, "missing_lines": [], "excluded_lines": [], "start_line": 147}, "Competence.to_dict": {"executed_lines": [167], "summary": {"covered_lines": 1, "num_statements": 1, "percent_covered": 100.0, "percent_covered_display": "100", "missing_lines": 0, "excluded_lines": 0, "percent_statements_covered": 100.0, "percent_statements_covered_display": "100"}, "missing_lines": [], "excluded_lines": [], "start_line": 166}, "MicroCredential.to_dict": {"executed_lines": [206], "summary": {"covered_lines": 1, "num_statements": 1, "percent_covered": 100.0, "percent_covered_display": "100", "missing_lines": 0, "excluded_lines": 0, "percent_statements_covered": 100.0, "percent_statements_covered_display": "100"}, "missing_lines": [], "excluded_lines": [], "start_line": 205}, "_detect_axis": {"executed_lines": [333, 334, 339, 340, 341, 342], "summary": {"covered_lines": 6, "num_statements": 6, "percent_covered": 100.0, "percent_covered_display": "100", "missing_lines": 0, "excluded_lines": 0, "percent_statements_covered": 100.0, "percent_statements_covered_display": "100"}, "missing_lines": [], "excluded_lines": [], "start_line": 331}, "load_baseline_competences": {"executed_lines": [380, 381, 383, 385, 386, 387, 389, 392, 393, 394, 395, 397, 398, 399, 400, 401, 403, 404, 407, 408, 409, 410, 411, 413, 417, 418, 431, 432], "summary": {"covered_lines": 28, "num_statements": 29, "percent_covered": 96.55172413793103, "percent_covered_display": "97", "missing_lines": 1, "excluded_lines": 0, "percent_statements_covered": 96.55172413793103, "percent_statements_covered_display": "97"}, "missing_lines": [396], "excluded_lines": [], "start_line": 370}, "_slugify": {"executed_lines": [522], "summary": {"covered_lines": 1, "num_statements": 1, "percent_covered": 100.0, "percent_covered_display": "100", "missing_lines": 0, "excluded_lines": 0, "percent_statements_covered": 100.0, "percent_statements_covered_display": "100"}, "missing_lines": [], "excluded_lines": [], "start_line": 520}, "extract_literature_competences": {"executed_lines": [545, 546, 548, 550, 551, 552, 554, 558, 559, 560, 561, 564, 565, 566, 567, 569, 570, 571, 572, 573, 574, 575, 576, 577, 579, 583, 584, 585, 586, 589, 590, 593, 596, 600, 601, 604, 605, 607, 617, 618, 640, 642, 649, 650], "summary": {"covered_lines": 44, "num_statements": 49, "percent_covered": 89.79591836734694, "percent_covered_display": "90", "missing_lines": 5, "excluded_lines": 0, "percent_statements_covered": 89.79591836734694, "percent_statements_covered_display": "90"}, "missing_lines": [553, 555, 556, 580, 597], "excluded_lines": [], "start_line": 525}, "run_gap_analysis": {"executed_lines": [679, 682, 683, 684, 686, 687, 689, 691, 692, 693, 694, 696, 697, 700, 702, 704, 707, 708, 709, 710, 712, 720, 724, 725], "summary": {"covered_lines": 24, "num_statements": 24, "percent_covered": 100.0, "percent_covered_display": "100", "missing_lines": 0, "excluded_lines": 0, "percent_statements_covered": 100.0, "percent_statements_covered_display": "100"}, "missing_lines": [], "excluded_lines": [], "start_line": 658}, "generate_micro_credentials": {"executed_lines": [819, 821, 822, 823, 825, 827, 828, 829, 831, 832, 833, 838, 839, 840, 843, 844, 845, 847, 850, 853, 854, 855, 856, 886, 887, 888, 889, 919, 920, 921, 922, 956, 957, 992, 993], "summary": {"covered_lines": 35, "num_statements": 35, "percent_covered": 100.0, "percent_covered_display": "100", "missing_lines": 0, "excluded_lines": 0, "percent_statements_covered": 100.0, "percent_statements_covered_display": "100"}, "missing_lines": [], "excluded_lines": [], "start_line": 799}, "compute_sector_pathways": {"executed_lines": [1016, 1019, 1020, 1021, 1024, 1025, 1026, 1027, 1029, 1031, 1032, 1033, 1034, 1035, 1036, 1038, 1039, 1040, 1042, 1051, 1052], "summary": {"covered_lines": 21, "num_statements": 21, "percent_covered": 100.0, "percent_covered_display": "100", "missing_lines": 0, "excluded_lines": 0, "percent_statements_covered": 100.0, "percent_statements_covered_display": "100"}, "missing_lines": [], "excluded_lines": [], "start_line": 1001}, "export_gaps_summary_csv": {"executed_lines": [1065, 1066, 1067, 1079, 1080, 1081, 1093], "summary": {"covered_lines": 7, "num_statements": 7, "percent_covered": 100.0, "percent_covered_display": "100", "missing_lines": 0, "excluded_lines": 0, "percent_statements_covered": 100.0, "percent_statements_covered_display": "100"}, "missing_lines": [], "excluded_lines": [], "start_line": 1060}, "export_competences_json": {"executed_lines": [1102, 1113, 1114, 1115], "summary": {"covered_lines": 4, "num_statements": 4, "percent_covered": 100.0, "percent_covered_display": "100", "missing_lines": 0, "excluded_lines": 0, "percent_statements_covered": 100.0, "percent_statements_covered_display": "100"}, "missing_lines": [], "excluded_lines": [], "start_line": 1096}, "export_credentials_json": {"executed_lines": [1123, 1131, 1132, 1133], "summary": {"covered_lines": 4, "num_statements": 4, "percent_covered": 100.0, "percent_covered_display": "100", "missing_lines": 0, "excluded_lines": 0, "percent_statements_covered": 100.0, "percent_statements_covered_display": "100"}, "missing_lines": [], "excluded_lines": [], "start_line": 1118}, "export_pathways_json": {"executed_lines": [1141, 1153, 1154, 1155], "summary": {"covered_lines": 4, "num_statements": 4, "percent_covered": 100.0, "percent_covered_display": "100", "missing_lines": 0, "excluded_lines": 0, "percent_statements_covered": 100.0, "percent_statements_covered_display": "100"}, "missing_lines": [], "excluded_lines": [], "start_line": 1136}, "export_sector_dictionaries": {"executed_lines": [1173, 1174, 1175, 1177, 1178, 1179, 1182, 1184], "summary": {"covered_lines": 8, "num_statements": 8, "percent_covered": 100.0, "percent_covered_display": "100", "missing_lines": 0, "excluded_lines": 0, "percent_statements_covered": 100.0, "percent_statements_covered_display": "100"}, "missing_lines": [], "excluded_lines": [], "start_line": 1158}, "_axis_badge": {"executed_lines": [1263, 1264], "summary": {"covered_lines": 2, "num_statements": 2, "percent_covered": 100.0, "percent_covered_display": "100", "missing_lines": 0, "excluded_lines": 0, "percent_statements_covered": 100.0, "percent_statements_covered_display": "100"}, "missing_lines": [], "excluded_lines": [], "start_line": 1262}, "generate_report_index": {"executed_lines": [1275, 1276, 1278, 1284, 1288, 1310, 1311, 1312, 1318, 1320, 1321, 1322, 1326, 1327, 1328, 1329, 1330, 1331, 1337, 1339, 1343, 1344, 1345], "summary": {"covered_lines": 23, "num_statements": 23, "percent_covered": 100.0, "percent_covered_display": "100", "missing_lines": 0, "excluded_lines": 0, "percent_statements_covered": 100.0, "percent_statements_covered_display": "100"}, "missing_lines": [], "excluded_lines": [], "start_line": 1267}, "generate_gaps_html": {"executed_lines": [1354, 1359, 1360, 1361, 1362, 1363, 1364, 1371, 1372, 1373, 1376, 1377, 1378, 1383, 1388, 1391, 1392, 1393, 1394, 1395, 1396, 1398, 1399, 1406, 1408, 1411, 1412, 1413], "summary": {"covered_lines": 28, "num_statements": 29, "percent_covered": 96.55172413793103, "percent_covered_display": "97", "missing_lines": 1, "excluded_lines": 0, "percent_statements_covered": 96.55172413793103, "percent_statements_covered_display": "97"}, "missing_lines": [1397], "excluded_lines": [], "start_line": 1348}, "generate_credentials_html": {"executed_lines": [1421, 1426, 1427, 1428, 1429, 1430, 1434, 1435, 1441, 1444, 1457, 1459, 1462, 1463, 1464], "summary": {"covered_lines": 15, "num_statements": 15, "percent_covered": 100.0, "percent_covered_display": "100", "missing_lines": 0, "excluded_lines": 0, "percent_statements_covered": 100.0, "percent_statements_covered_display": "100"}, "missing_lines": [], "excluded_lines": [], "start_line": 1416}, "generate_literature_html": {"executed_lines": [1472, 1477, 1478, 1480, 1481, 1482, 1484, 1485, 1486, 1491, 1492, 1497, 1499, 1500, 1501, 1502, 1503, 1505, 1506, 1507, 1508, 1509, 1510, 1514, 1515, 1519, 1520, 1529, 1531, 1534, 1535, 1536], "summary": {"covered_lines": 32, "num_statements": 32, "percent_covered": 100.0, "percent_covered_display": "100", "missing_lines": 0, "excluded_lines": 0, "percent_statements_covered": 100.0, "percent_statements_covered_display": "100"}, "missing_lines": [], "excluded_lines": [], "start_line": 1467}, "main": {"executed_lines": [1560, 1562, 1563, 1564, 1567, 1568, 1571, 1572, 1573, 1575, 1578, 1580, 1581, 1584, 1585, 1586, 1588, 1596, 1599, 1602, 1605, 1606, 1609, 1610, 1611, 1612, 1617, 1620, 1621, 1628, 1629, 1630, 1633, 1634, 1635, 1636, 1637, 1643, 1646, 1647, 1648, 1649, 1659, 1660, 1661, 1662, 1663, 1664, 1667, 1668, 1669], "summary": {"covered_lines": 51, "num_statements": 51, "percent_covered": 100.0, "percent_covered_display": "100", "missing_lines": 0, "excluded_lines": 0, "percent_statements_covered": 100.0, "percent_statements_covered_display": "100"}, "missing_lines": [], "excluded_lines": [], "start_line": 1544}, "parse_cli_args": {"executed_lines": [1679, 1682, 1690], "summary": {"covered_lines": 3, "num_statements": 3, "percent_covered": 100.0, "percent_covered_display": "100", "missing_lines": 0, "excluded_lines": 0, "percent_statements_covered": 100.0, "percent_statements_covered_display": "100"}, "missing_lines": [], "excluded_lines": [], "start_line": 1672}, "": {"executed_lines": [24, 25, 26, 27, 28, 29, 30, 31, 32, 33, 34, 35, 37, 41, 43, 48, 53, 54, 55, 56, 57, 60, 76, 92, 118, 121, 122, 123, 126, 129, 130, 131, 132, 135, 136, 139, 140, 141, 142, 143, 144, 146, 147, 153, 154, 157, 158, 159, 160, 161, 162, 163, 164, 166, 188, 189, 192, 193, 194, 195, 196, 197, 198, 199, 200, 201, 202, 203, 205, 222, 223, 226, 227, 228, 229, 230, 231, 234, 235, 238, 239, 240, 241, 247, 275, 303, 331, 348, 360, 364, 370, 440, 520, 525, 658, 732, 783, 799, 1001, 1060, 1096, 1118, 1136, 1158, 1191, 1250, 1262, 1267, 1348, 1416, 1467, 1544, 1672, 1693], "summary": {"covered_lines": 114, "num_statements": 116, "percent_covered": 98.27586206896552, "percent_covered_display": "98", "missing_lines": 2, "excluded_lines": 0, "percent_statements_covered": 98.27586206896552, "percent_statements_covered_display": "98"}, "missing_lines": [1694, 1695], "excluded_lines": [], "start_line": 1}}, "classes": {"TMBDAxis": {"executed_lines": [], "summary": {"covered_lines": 0, "num_statements": 0, "percent_covered": 100.0, "percent_covered_display": "100", "missing_lines": 0, "excluded_lines": 0, "percent_statements_covered": 100.0, "percent_statements_covered_display": "100"}, "missing_lines": [], "excluded_lines": [], "start_line": 118}, "EQFLevel": {"executed_lines": [], "summary": {"covered_lines": 0, "num_statements": 0, "percent_covered": 100.0, "percent_covered_display": "100", "missing_lines": 0, "excluded_lines": 0, "percent_statements_covered": 100.0, "percent_statements_covered_display": "100"}, "missing_lines": [], "excluded_lines": [], "start_line": 126}, "CompetenceSource": {"executed_lines": [149, 150], "summary": {"covered_lines": 2, "num_statements": 2, "percent_covered": 100.0, "percent_covered_display": "100", "missing_lines": 0, "excluded_lines": 0, "percent_statements_covered": 100.0, "percent_statements_covered_display": "100"}, "missing_lines": [], "excluded_lines": [], "start_line": 136}, "Competence": {"executed_lines": [167], "summary": {"covered_lines": 1, "num_statements": 1, "percent_covered": 100.0, "percent_covered_display": "100", "missing_lines": 0, "excluded_lines": 0, "percent_statements_covered": 100.0, "percent_statements_covered_display": "100"}, "missing_lines": [], "excluded_lines": [], "start_line": 154}, "MicroCredential": {"executed_lines": [206], "summary": {"covered_lines": 1, "num_statements": 1, "percent_covered": 100.0, "percent_covered_display": "100", "missing_lines": 0, "excluded_lines": 0, "percent_statements_covered": 100.0, "percent_statements_covered_display": "100"}, "missing_lines": [], "excluded_lines": [], "start_line": 189}, "GapAnalysis": {"executed_lines": [], "summary": {"covered_lines": 0, "num_statements": 0, "percent_covered": 100.0, "percent_covered_display": "100", "missing_lines": 0, "excluded_lines": 0, "percent_statements_covered": 100.0, "percent_statements_covered_display": "100"}, "missing_lines": [], "excluded_lines": [], "start_line": 223}, "SectorPathway": {"executed_lines": [], "summary": {"covered_lines": 0, "num_statements": 0, "percent_covered": 100.0, "percent_covered_display": "100", "missing_lines": 0, "excluded_lines": 0, "percent_statements_covered": 100.0, "percent_statements_covered_display": "100"}, "missing_lines": [], "excluded_lines": [], "start_line": 235}, "": {"executed_lines": [24, 25, 26, 27, 28, 29, 30, 31, 32, 33, 34, 35, 37, 41, 43, 48, 53, 54, 55, 56, 57, 60, 76, 92, 118, 121, 122, 123, 126, 129, 130, 131, 132, 135, 136, 139, 140, 141, 142, 143, 144, 146, 147, 153, 154, 157, 158, 159, 160, 161, 162, 163, 164, 166, 188, 189, 192, 193, 194, 195, 196, 197, 198, 199, 200, 201, 202, 203, 205, 222, 223, 226, 227, 228, 229, 230, 231, 234, 235, 238, 239, 240, 241, 247, 275, 303, 331, 333, 334, 339, 340, 341, 342, 348, 360, 364, 370, 380, 381, 383, 385, 386, 387, 389, 392, 393, 394, 395, 397, 398, 399, 400, 401, 403, 404, 407, 408, 409, 410, 411, 413, 417, 418, 431, 432, 440, 520, 522, 525, 545, 546, 548, 550, 551, 552, 554, 558, 559, 560, 561, 564, 565, 566, 567, 569, 570, 571, 572, 573, 574, 575, 576, 577, 579, 583, 584, 585, 586, 589, 590, 593, 596, 600, 601, 604, 605, 607, 617, 618, 640, 642, 649, 650, 658, 679, 682, 683, 684, 686, 687, 689, 691, 692, 693, 694, 696, 697, 700, 702, 704, 707, 708, 709, 710, 712, 720, 724, 725, 732, 783, 799, 819, 821, 822, 823, 825, 827, 828, 829, 831, 832, 833, 838, 839, 840, 843, 844, 845, 847, 850, 853, 854, 855, 856, 886, 887, 888, 889, 919, 920, 921, 922, 956, 957, 992, 993, 1001, 1016, 1019, 1020, 1021, 1024, 1025, 1026, 1027, 1029, 1031, 1032, 1033, 1034, 1035, 1036, 1038, 1039, 1040, 1042, 1051, 1052, 1060, 1065, 1066, 1067, 1079, 1080, 1081, 1093, 1096, 1102, 1113, 1114, 1115, 1118, 1123, 1131, 1132, 1133, 1136, 1141, 1153, 1154, 1155, 1158, 1173, 1174, 1175, 1177, 1178, 1179, 1182, 1184, 1191, 1250, 1262, 1263, 1264, 1267, 1275, 1276, 1278, 1284, 1288, 1310, 1311, 1312, 1318, 1320, 1321, 1322, 1326, 1327, 1328, 1329, 1330, 1331, 1337, 1339, 1343, 1344, 1345, 1348, 1354, 1359, 1360, 1361, 1362, 1363, 1364, 1371, 1372, 1373, 1376, 1377, 1378, 1383, 1388, 1391, 1392, 1393, 1394, 1395, 1396, 1398, 1399, 1406, 1408, 1411, 1412, 1413, 1416, 1421, 1426, 1427, 1428, 1429, 1430, 1434, 1435, 1441, 1444, 1457, 1459, 1462, 1463, 1464, 1467, 1472, 1477, 1478, 1480, 1481, 1482, 1484, 1485, 1486, 1491, 1492, 1497, 1499, 1500, 1501, 1502, 1503, 1505, 1506, 1507, 1508, 1509, 1510, 1514, 1515, 1519, 1520, 1529, 1531, 1534, 1535, 1536, 1544, 1560, 1562, 1563, 1564, 1567, 1568, 1571, 1572, 1573, 1575, 1578, 1580, 1581, 1584, 1585, 1586, 1588, 1596, 1599, 1602, 1605, 1606, 1609, 1610, 1611, 1612, 1617, 1620, 1621, 1628, 1629, 1630, 1633, 1634, 1635, 1636, 1637, 1643, 1646, 1647, 1648, 1649, 1659, 1660, 1661, 1662, 1663, 1664, 1667, 1668, 1669, 1672, 1679, 1682, 1690, 1693], "summary": {"covered_lines": 454, "num_statements": 463, "percent_covered": 98.0561555075594, "percent_covered_display": "98", "missing_lines": 9, "excluded_lines": 0, "percent_statements_covered": 98.0561555075594, "percent_statements_covered_display": "98"}, "missing_lines": [396, 553, 555, 556, 580, 597, 1397, 1694, 1695], "excluded_lines": [], "start_line": 1}}}, "scientific_bridge.py": {"executed_lines": [], "summary": {"covered_lines": 0, "num_statements": 128, "percent_covered": 0.0, "percent_covered_display": "0", "missing_lines": 128, "excluded_lines": 0, "percent_statements_covered": 0.0, "percent_statements_covered_display": "0"}, "missing_lines": [33, 34, 35, 36, 37, 38, 41, 44, 45, 46, 48, 59, 66, 68, 74, 75, 76, 78, 79, 81, 82, 83, 84, 85, 86, 87, 89, 92, 93, 96, 97, 99, 100, 101, 102, 103, 104, 107, 115, 117, 119, 120, 122, 124, 125, 127, 128, 130, 131, 133, 134, 135, 136, 138, 140, 141, 143, 144, 146, 148, 150, 151, 153, 154, 164, 167, 168, 170, 175, 176, 178, 180, 182, 184, 186, 187, 197, 199, 200, 205, 206, 207, 208, 211, 212, 214, 215, 216, 217, 218, 219, 221, 228, 229, 231, 232, 241, 243, 246, 247, 293, 294, 295, 297, 298, 299, 301, 302, 303, 305, 307, 309, 310, 311, 312, 314, 315, 316, 318, 319, 320, 321, 325, 328, 330, 331, 334, 335], "excluded_lines": [], "functions": {"ScientificBridge.__init__": {"executed_lines": [], "summary": {"covered_lines": 0, "num_statements": 2, "percent_covered": 0.0, "percent_covered_display": "0", "missing_lines": 2, "excluded_lines": 0, "percent_statements_covered": 0.0, "percent_statements_covered_display": "0"}, "missing_lines": [45, 46], "excluded_lines": [], "start_line": 44}, "ScientificBridge.search_crossref": {"executed_lines": [], "summary": {"covered_lines": 0, "num_statements": 31, "percent_covered": 0.0, "percent_covered_display": "0", "missing_lines": 31, "excluded_lines": 0, "percent_statements_covered": 0.0, "percent_statements_covered_display": "0"}, "missing_lines": [59, 66, 68, 74, 75, 76, 78, 79, 81, 82, 83, 84, 85, 86, 87, 89, 92, 93, 96, 97, 99, 100, 101, 102, 103, 104, 107, 115, 117, 119, 120], "excluded_lines": [], "start_line": 48}, "ScientificBridge.format_citation_markdown": {"executed_lines": [], "summary": {"covered_lines": 0, "num_statements": 16, "percent_covered": 0.0, "percent_covered_display": "0", "missing_lines": 16, "excluded_lines": 0, "percent_statements_covered": 0.0, "percent_statements_covered_display": "0"}, "missing_lines": [124, 125, 127, 128, 130, 131, 133, 134, 135, 136, 138, 140, 141, 143, 144, 146], "excluded_lines": [], "start_line": 122}, "ScientificBridge.handle_fetch_scientific_proofs": {"executed_lines": [], "summary": {"covered_lines": 0, "num_statements": 12, "percent_covered": 0.0, "percent_covered_display": "0", "missing_lines": 12, "excluded_lines": 0, "percent_statements_covered": 0.0, "percent_statements_covered_display": "0"}, "missing_lines": [150, 151, 153, 154, 164, 167, 168, 170, 175, 176, 178, 180], "excluded_lines": [], "start_line": 148}, "ScientificBridge.handle_verify_citation": {"executed_lines": [], "summary": {"covered_lines": 0, "num_statements": 23, "percent_covered": 0.0, "percent_covered_display": "0", "missing_lines": 23, "excluded_lines": 0, "percent_statements_covered": 0.0, "percent_statements_covered_display": "0"}, "missing_lines": [184, 186, 187, 197, 199, 200, 205, 206, 207, 208, 211, 212, 214, 215, 216, 217, 218, 219, 221, 228, 229, 231, 232], "excluded_lines": [], "start_line": 182}, "ScientificBridge.handle_request": {"executed_lines": [], "summary": {"covered_lines": 0, "num_statements": 13, "percent_covered": 0.0, "percent_covered_display": "0", "missing_lines": 13, "excluded_lines": 0, "percent_statements_covered": 0.0, "percent_statements_covered_display": "0"}, "missing_lines": [243, 246, 247, 293, 294, 295, 297, 298, 299, 301, 302, 303, 305], "excluded_lines": [], "start_line": 241}, "ScientificBridge.run": {"executed_lines": [], "summary": {"covered_lines": 0, "num_statements": 12, "percent_covered": 0.0, "percent_covered_display": "0", "missing_lines": 12, "excluded_lines": 0, "percent_statements_covered": 0.0, "percent_statements_covered_display": "0"}, "missing_lines": [309, 310, 311, 312, 314, 315, 316, 318, 319, 320, 321, 325], "excluded_lines": [], "start_line": 307}, "main": {"executed_lines": [], "summary": {"covered_lines": 0, "num_statements": 2, "percent_covered": 0.0, "percent_covered_display": "0", "missing_lines": 2, "excluded_lines": 0, "percent_statements_covered": 0.0, "percent_statements_covered_display": "0"}, "missing_lines": [330, 331], "excluded_lines": [], "start_line": 328}, "": {"executed_lines": [], "summary": {"covered_lines": 0, "num_statements": 17, "percent_covered": 0.0, "percent_covered_display": "0", "missing_lines": 17, "excluded_lines": 0, "percent_statements_covered": 0.0, "percent_statements_covered_display": "0"}, "missing_lines": [33, 34, 35, 36, 37, 38, 41, 44, 48, 122, 148, 182, 241, 307, 328, 334, 335], "excluded_lines": [], "start_line": 1}}, "classes": {"ScientificBridge": {"executed_lines": [], "summary": {"covered_lines": 0, "num_statements": 109, "percent_covered": 0.0, "percent_covered_display": "0", "missing_lines": 109, "excluded_lines": 0, "percent_statements_covered": 0.0, "percent_statements_covered_display": "0"}, "missing_lines": [45, 46, 59, 66, 68, 74, 75, 76, 78, 79, 81, 82, 83, 84, 85, 86, 87, 89, 92, 93, 96, 97, 99, 100, 101, 102, 103, 104, 107, 115, 117, 119, 120, 124, 125, 127, 128, 130, 131, 133, 134, 135, 136, 138, 140, 141, 143, 144, 146, 150, 151, 153, 154, 164, 167, 168, 170, 175, 176, 178, 180, 184, 186, 187, 197, 199, 200, 205, 206, 207, 208, 211, 212, 214, 215, 216, 217, 218, 219, 221, 228, 229, 231, 232, 243, 246, 247, 293, 294, 295, 297, 298, 299, 301, 302, 303, 305, 309, 310, 311, 312, 314, 315, 316, 318, 319, 320, 321, 325], "excluded_lines": [], "start_line": 41}, "": {"executed_lines": [], "summary": {"covered_lines": 0, "num_statements": 19, "percent_covered": 0.0, "percent_covered_display": "0", "missing_lines": 19, "excluded_lines": 0, "percent_statements_covered": 0.0, "percent_statements_covered_display": "0"}, "missing_lines": [33, 34, 35, 36, 37, 38, 41, 44, 48, 122, 148, 182, 241, 307, 328, 330, 331, 334, 335], "excluded_lines": [], "start_line": 1}}}, "scripts/build_derived.py": {"executed_lines": [14, 16, 17, 18, 20, 22, 23, 24, 26, 32, 33, 34, 35, 36, 37, 40, 41, 42, 43, 44, 45, 46, 48, 49, 50, 52, 53, 56, 57, 58, 61, 62, 70, 73, 74, 75, 76, 77, 79, 80, 82, 83, 84, 85, 86, 87, 88, 89, 91, 92, 93, 94, 95, 96, 99, 100, 101, 103, 104, 105, 107, 108, 109, 111, 113, 116], "summary": {"covered_lines": 66, "num_statements": 67, "percent_covered": 98.50746268656717, "percent_covered_display": "99", "missing_lines": 1, "excluded_lines": 0, "percent_statements_covered": 98.50746268656717, "percent_statements_covered_display": "99"}, "missing_lines": [117], "excluded_lines": [], "functions": {"sanitize": {"executed_lines": [33, 34, 35, 36, 37], "summary": {"covered_lines": 5, "num_statements": 5, "percent_covered": 100.0, "percent_covered_display": "100", "missing_lines": 0, "excluded_lines": 0, "percent_statements_covered": 100.0, "percent_statements_covered_display": "100"}, "missing_lines": [], "excluded_lines": [], "start_line": 32}, "scan_excel_files": {"executed_lines": [41, 42, 43, 44, 45, 46, 48, 49, 50, 52, 53], "summary": {"covered_lines": 11, "num_statements": 11, "percent_covered": 100.0, "percent_covered_display": "100", "missing_lines": 0, "excluded_lines": 0, "percent_statements_covered": 100.0, "percent_statements_covered_display": "100"}, "missing_lines": [], "excluded_lines": [], "start_line": 40}, "export_sheet": {"executed_lines": [57, 58], "summary": {"covered_lines": 2, "num_statements": 2, "percent_covered": 100.0, "percent_covered_display": "100", "missing_lines": 0, "excluded_lines": 0, "percent_statements_covered": 100.0, "percent_statements_covered_display": "100"}, "missing_lines": [], "excluded_lines": [], "start_line": 56}, "write_datadict": {"executed_lines": [62, 70], "summary": {"covered_lines": 2, "num_statements": 2, "percent_covered": 100.0, "percent_covered_display": "100", "missing_lines": 0, "excluded_lines": 0, "percent_statements_covered": 100.0, "percent_statements_covered_display": "100"}, "missing_lines": [], "excluded_lines": [], "start_line": 61}, "main": {"executed_lines": [74, 75, 76, 77, 79, 80, 82, 83, 84, 85, 86, 87, 88, 89, 91, 92, 93, 94, 95, 96, 99, 100, 101, 103, 104, 105, 107, 108, 109, 111, 113], "summary": {"covered_lines": 31, "num_statements": 31, "percent_covered": 100.0, "percent_covered_display": "100", "missing_lines": 0, "excluded_lines": 0, "percent_statements_covered": 100.0, "percent_statements_covered_display": "100"}, "missing_lines": [], "excluded_lines": [], "start_line": 73}, "": {"executed_lines": [14, 16, 17, 18, 20, 22, 23, 24, 26, 32, 40, 56, 61, 73, 116], "summary": {"covered_lines": 15, "num_statements": 16, "percent_covered": 93.75, "percent_covered_display": "94", "missing_lines": 1, "excluded_lines": 0, "percent_statements_covered": 93.75, "percent_statements_covered_display": "94"}, "missing_lines": [117], "excluded_lines": [], "start_line": 1}}, "classes": {"": {"executed_lines": [14, 16, 17, 18, 20, 22, 23, 24, 26, 32, 33, 34, 35, 36, 37, 40, 41, 42, 43, 44, 45, 46, 48, 49, 50, 52, 53, 56, 57, 58, 61, 62, 70, 73, 74, 75, 76, 77, 79, 80, 82, 83, 84, 85, 86, 87, 88, 89, 91, 92, 93, 94, 95, 96, 99, 100, 101, 103, 104, 105, 107, 108, 109, 111, 113, 116], "summary": {"covered_lines": 66, "num_statements": 67, "percent_covered": 98.50746268656717, "percent_covered_display": "99", "missing_lines": 1, "excluded_lines": 0, "percent_statements_covered": 98.50746268656717, "percent_statements_covered_display": "99"}, "missing_lines": [117], "excluded_lines": [], "start_line": 1}}}, "scripts/build_tmbd_dictionary.py": {"executed_lines": [4, 6, 7, 8, 9, 10, 11, 12, 14, 15, 18, 23, 24, 27, 29, 32, 34, 50, 54, 55, 58, 59, 60, 61, 66, 67, 70, 74, 75, 83, 86, 90, 95, 99, 100, 101, 109, 110, 111, 114, 116, 122, 127, 133, 136, 138, 139, 140, 141, 142, 147, 148, 150, 151, 152, 153, 158, 161, 163, 164, 165, 166, 167, 170, 171, 172, 173, 174, 177], "summary": {"covered_lines": 69, "num_statements": 71, "percent_covered": 97.1830985915493, "percent_covered_display": "97", "missing_lines": 2, "excluded_lines": 0, "percent_statements_covered": 97.1830985915493, "percent_statements_covered_display": "97"}, "missing_lines": [16, 178], "excluded_lines": [], "functions": {"slugify": {"executed_lines": [29], "summary": {"covered_lines": 1, "num_statements": 1, "percent_covered": 100.0, "percent_covered_display": "100", "missing_lines": 0, "excluded_lines": 0, "percent_statements_covered": 100.0, "percent_statements_covered_display": "100"}, "missing_lines": [], "excluded_lines": [], "start_line": 27}, "_to_dictionary_record": {"executed_lines": [34], "summary": {"covered_lines": 1, "num_statements": 1, "percent_covered": 100.0, "percent_covered_display": "100", "missing_lines": 0, "excluded_lines": 0, "percent_statements_covered": 100.0, "percent_statements_covered_display": "100"}, "missing_lines": [], "excluded_lines": [], "start_line": 32}, "build_axis_dictionary": {"executed_lines": [54, 55, 58, 59, 60, 61, 66, 67], "summary": {"covered_lines": 8, "num_statements": 8, "percent_covered": 100.0, "percent_covered_display": "100", "missing_lines": 0, "excluded_lines": 0, "percent_statements_covered": 100.0, "percent_statements_covered_display": "100"}, "missing_lines": [], "excluded_lines": [], "start_line": 50}, "build_sector_dictionary": {"executed_lines": [74, 75, 83], "summary": {"covered_lines": 3, "num_statements": 3, "percent_covered": 100.0, "percent_covered_display": "100", "missing_lines": 0, "excluded_lines": 0, "percent_statements_covered": 100.0, "percent_statements_covered_display": "100"}, "missing_lines": [], "excluded_lines": [], "start_line": 70}, "build_sector_dictionary_from_repository": {"executed_lines": [90], "summary": {"covered_lines": 1, "num_statements": 1, "percent_covered": 100.0, "percent_covered_display": "100", "missing_lines": 0, "excluded_lines": 0, "percent_statements_covered": 100.0, "percent_statements_covered_display": "100"}, "missing_lines": [], "excluded_lines": [], "start_line": 86}, "export_sector_dictionary": {"executed_lines": [99, 100, 101, 109, 110, 111], "summary": {"covered_lines": 6, "num_statements": 6, "percent_covered": 100.0, "percent_covered_display": "100", "missing_lines": 0, "excluded_lines": 0, "percent_statements_covered": 100.0, "percent_statements_covered_display": "100"}, "missing_lines": [], "excluded_lines": [], "start_line": 95}, "parse_args": {"executed_lines": [116, 122, 127, 133], "summary": {"covered_lines": 4, "num_statements": 4, "percent_covered": 100.0, "percent_covered_display": "100", "missing_lines": 0, "excluded_lines": 0, "percent_statements_covered": 100.0, "percent_statements_covered_display": "100"}, "missing_lines": [], "excluded_lines": [], "start_line": 114}, "load_literature_competence_extractor": {"executed_lines": [138, 139, 140, 141, 142, 147, 148, 150, 151, 152, 153, 158], "summary": {"covered_lines": 12, "num_statements": 12, "percent_covered": 100.0, "percent_covered_display": "100", "missing_lines": 0, "excluded_lines": 0, "percent_statements_covered": 100.0, "percent_statements_covered_display": "100"}, "missing_lines": [], "excluded_lines": [], "start_line": 136}, "main": {"executed_lines": [163, 164, 165, 166, 167, 170, 171, 172, 173, 174], "summary": {"covered_lines": 10, "num_statements": 10, "percent_covered": 100.0, "percent_covered_display": "100", "missing_lines": 0, "excluded_lines": 0, "percent_statements_covered": 100.0, "percent_statements_covered_display": "100"}, "missing_lines": [], "excluded_lines": [], "start_line": 161}, "": {"executed_lines": [4, 6, 7, 8, 9, 10, 11, 12, 14, 15, 18, 23, 24, 27, 32, 50, 70, 86, 95, 114, 136, 161, 177], "summary": {"covered_lines": 23, "num_statements": 25, "percent_covered": 92.0, "percent_covered_display": "92", "missing_lines": 2, "excluded_lines": 0, "percent_statements_covered": 92.0, "percent_statements_covered_display": "92"}, "missing_lines": [16, 178], "excluded_lines": [], "start_line": 1}}, "classes": {"": {"executed_lines": [4, 6, 7, 8, 9, 10, 11, 12, 14, 15, 18, 23, 24, 27, 29, 32, 34, 50, 54, 55, 58, 59, 60, 61, 66, 67, 70, 74, 75, 83, 86, 90, 95, 99, 100, 101, 109, 110, 111, 114, 116, 122, 127, 133, 136, 138, 139, 140, 141, 142, 147, 148, 150, 151, 152, 153, 158, 161, 163, 164, 165, 166, 167, 170, 171, 172, 173, 174, 177], "summary": {"covered_lines": 69, "num_statements": 71, "percent_covered": 97.1830985915493, "percent_covered_display": "97", "missing_lines": 2, "excluded_lines": 0, "percent_statements_covered": 97.1830985915493, "percent_statements_covered_display": "97"}, "missing_lines": [16, 178], "excluded_lines": [], "start_line": 1}}}, "scripts/generate_manifest.py": {"executed_lines": [12, 14, 15, 16, 17, 18, 20, 21, 23, 35, 48, 52, 56, 61, 63, 64, 65, 66, 67, 68, 69, 70, 73, 74, 75, 76, 77, 78, 79, 80, 81, 82, 83, 84, 85, 86, 87, 88, 91, 92, 93, 94, 95, 96, 97, 98, 100, 101, 102, 105, 106, 107, 108, 109, 111, 112, 113, 114, 115, 116, 119, 120, 121, 122, 123, 124, 125, 126, 127, 128, 129, 132, 133, 134, 135, 138, 139, 140, 141, 142, 143, 145, 146, 148, 149, 151, 152, 153, 154, 155, 158, 159, 160, 161, 162, 165, 166, 167, 169, 170, 171, 172, 173, 174, 177, 178, 179, 180, 183, 184, 186, 187, 189, 191, 192, 193, 194, 196, 199], "summary": {"covered_lines": 119, "num_statements": 123, "percent_covered": 96.7479674796748, "percent_covered_display": "97", "missing_lines": 4, "excluded_lines": 0, "percent_statements_covered": 96.7479674796748, "percent_statements_covered_display": "97"}, "missing_lines": [99, 144, 156, 200], "excluded_lines": [], "functions": {"should_ignore_file": {"executed_lines": [63, 64, 65, 66, 67, 68, 69, 70], "summary": {"covered_lines": 8, "num_statements": 8, "percent_covered": 100.0, "percent_covered_display": "100", "missing_lines": 0, "excluded_lines": 0, "percent_statements_covered": 100.0, "percent_statements_covered_display": "100"}, "missing_lines": [], "excluded_lines": [], "start_line": 61}, "classify": {"executed_lines": [74, 75, 76, 77, 78, 79, 80, 81, 82, 83, 84, 85, 86, 87, 88, 91, 92, 93, 94, 95, 96, 97, 98, 100, 101, 102], "summary": {"covered_lines": 26, "num_statements": 27, "percent_covered": 96.29629629629629, "percent_covered_display": "96", "missing_lines": 1, "excluded_lines": 0, "percent_statements_covered": 96.29629629629629, "percent_statements_covered_display": "96"}, "missing_lines": [99], "excluded_lines": [], "start_line": 73}, "text_available": {"executed_lines": [106, 107, 108, 109, 111, 112, 113, 114, 115, 116], "summary": {"covered_lines": 10, "num_statements": 10, "percent_covered": 100.0, "percent_covered_display": "100", "missing_lines": 0, "excluded_lines": 0, "percent_statements_covered": 100.0, "percent_statements_covered_display": "100"}, "missing_lines": [], "excluded_lines": [], "start_line": 105}, "load_existing": {"executed_lines": [120, 121, 122, 123, 124, 125, 126, 127, 128, 129], "summary": {"covered_lines": 10, "num_statements": 10, "percent_covered": 100.0, "percent_covered_display": "100", "missing_lines": 0, "excluded_lines": 0, "percent_statements_covered": 100.0, "percent_statements_covered_display": "100"}, "missing_lines": [], "excluded_lines": [], "start_line": 119}, "scan_files": {"executed_lines": [133, 134, 135, 138, 139, 140, 141, 142, 143, 145, 146, 148, 149, 151, 152, 153, 154, 155, 158, 159, 160, 161, 162], "summary": {"covered_lines": 23, "num_statements": 25, "percent_covered": 92.0, "percent_covered_display": "92", "missing_lines": 2, "excluded_lines": 0, "percent_statements_covered": 92.0, "percent_statements_covered_display": "92"}, "missing_lines": [144, 156], "excluded_lines": [], "start_line": 132}, "main": {"executed_lines": [166, 167, 169, 170, 171, 172, 173, 174, 177, 178, 179, 180, 183, 184, 186, 187, 189, 191, 192, 193, 194, 196], "summary": {"covered_lines": 22, "num_statements": 22, "percent_covered": 100.0, "percent_covered_display": "100", "missing_lines": 0, "excluded_lines": 0, "percent_statements_covered": 100.0, "percent_statements_covered_display": "100"}, "missing_lines": [], "excluded_lines": [], "start_line": 165}, "": {"executed_lines": [12, 14, 15, 16, 17, 18, 20, 21, 23, 35, 48, 52, 56, 61, 73, 105, 119, 132, 165, 199], "summary": {"covered_lines": 20, "num_statements": 21, "percent_covered": 95.23809523809524, "percent_covered_display": "95", "missing_lines": 1, "excluded_lines": 0, "percent_statements_covered": 95.23809523809524, "percent_statements_covered_display": "95"}, "missing_lines": [200], "excluded_lines": [], "start_line": 1}}, "classes": {"": {"executed_lines": [12, 14, 15, 16, 17, 18, 20, 21, 23, 35, 48, 52, 56, 61, 63, 64, 65, 66, 67, 68, 69, 70, 73, 74, 75, 76, 77, 78, 79, 80, 81, 82, 83, 84, 85, 86, 87, 88, 91, 92, 93, 94, 95, 96, 97, 98, 100, 101, 102, 105, 106, 107, 108, 109, 111, 112, 113, 114, 115, 116, 119, 120, 121, 122, 123, 124, 125, 126, 127, 128, 129, 132, 133, 134, 135, 138, 139, 140, 141, 142, 143, 145, 146, 148, 149, 151, 152, 153, 154, 155, 158, 159, 160, 161, 162, 165, 166, 167, 169, 170, 171, 172, 173, 174, 177, 178, 179, 180, 183, 184, 186, 187, 189, 191, 192, 193, 194, 196, 199], "summary": {"covered_lines": 119, "num_statements": 123, "percent_covered": 96.7479674796748, "percent_covered_display": "97", "missing_lines": 4, "excluded_lines": 0, "percent_statements_covered": 96.7479674796748, "percent_statements_covered_display": "97"}, "missing_lines": [99, 144, 156, 200], "excluded_lines": [], "start_line": 1}}}, "src/__init__.py": {"executed_lines": [14, 15], "summary": {"covered_lines": 2, "num_statements": 2, "percent_covered": 100.0, "percent_covered_display": "100", "missing_lines": 0, "excluded_lines": 0, "percent_statements_covered": 100.0, "percent_statements_covered_display": "100"}, "missing_lines": [], "excluded_lines": [], "functions": {"": {"executed_lines": [14, 15], "summary": {"covered_lines": 2, "num_statements": 2, "percent_covered": 100.0, "percent_covered_display": "100", "missing_lines": 0, "excluded_lines": 0, "percent_statements_covered": 100.0, "percent_statements_covered_display": "100"}, "missing_lines": [], "excluded_lines": [], "start_line": 1}}, "classes": {"": {"executed_lines": [14, 15], "summary": {"covered_lines": 2, "num_statements": 2, "percent_covered": 100.0, "percent_covered_display": "100", "missing_lines": 0, "excluded_lines": 0, "percent_statements_covered": 100.0, "percent_statements_covered_display": "100"}, "missing_lines": [], "excluded_lines": [], "start_line": 1}}}, "src/axis_classifier.py": {"executed_lines": [3, 5, 7, 8, 11, 14, 20, 22, 23, 25, 26, 28, 30, 31, 32, 34], "summary": {"covered_lines": 16, "num_statements": 16, "percent_covered": 100.0, "percent_covered_display": "100", "missing_lines": 0, "excluded_lines": 0, "percent_statements_covered": 100.0, "percent_statements_covered_display": "100"}, "missing_lines": [], "excluded_lines": [], "functions": {"AxisClassifier.classify_axis": {"executed_lines": [22, 23, 25, 26, 28, 30, 31, 32, 34], "summary": {"covered_lines": 9, "num_statements": 9, "percent_covered": 100.0, "percent_covered_display": "100", "missing_lines": 0, "excluded_lines": 0, "percent_statements_covered": 100.0, "percent_statements_covered_display": "100"}, "missing_lines": [], "excluded_lines": [], "start_line": 20}, "": {"executed_lines": [3, 5, 7, 8, 11, 14, 20], "summary": {"covered_lines": 7, "num_statements": 7, "percent_covered": 100.0, "percent_covered_display": "100", "missing_lines": 0, "excluded_lines": 0, "percent_statements_covered": 100.0, "percent_statements_covered_display": "100"}, "missing_lines": [], "excluded_lines": [], "start_line": 1}}, "classes": {"AxisClassifier": {"executed_lines": [22, 23, 25, 26, 28, 30, 31, 32, 34], "summary": {"covered_lines": 9, "num_statements": 9, "percent_covered": 100.0, "percent_covered_display": "100", "missing_lines": 0, "excluded_lines": 0, "percent_statements_covered": 100.0, "percent_statements_covered_display": "100"}, "missing_lines": [], "excluded_lines": [], "start_line": 11}, "": {"executed_lines": [3, 5, 7, 8, 11, 14, 20], "summary": {"covered_lines": 7, "num_statements": 7, "percent_covered": 100.0, "percent_covered_display": "100", "missing_lines": 0, "excluded_lines": 0, "percent_statements_covered": 100.0, "percent_statements_covered_display": "100"}, "missing_lines": [], "excluded_lines": [], "start_line": 1}}}, "src/competence_mapper.py": {"executed_lines": [5, 6, 9, 10, 11, 12, 15, 18, 19, 20, 22, 24, 26, 28, 30, 32, 34, 36, 38, 40, 46, 47, 48, 50, 52, 65, 66, 68, 70, 76, 77, 82, 83, 85, 87, 100, 102, 103, 108, 111, 113, 115, 117, 121, 126, 128], "summary": {"covered_lines": 46, "num_statements": 46, "percent_covered": 100.0, "percent_covered_display": "100", "missing_lines": 0, "excluded_lines": 0, "percent_statements_covered": 100.0, "percent_statements_covered_display": "100"}, "missing_lines": [], "excluded_lines": [], "functions": {"CompetenceMapper.__init__": {"executed_lines": [19, 20], "summary": {"covered_lines": 2, "num_statements": 2, "percent_covered": 100.0, "percent_covered_display": "100", "missing_lines": 0, "excluded_lines": 0, "percent_statements_covered": 100.0, "percent_statements_covered_display": "100"}, "missing_lines": [], "excluded_lines": [], "start_line": 18}, "CompetenceMapper.add_competence": {"executed_lines": [24], "summary": {"covered_lines": 1, "num_statements": 1, "percent_covered": 100.0, "percent_covered_display": "100", "missing_lines": 0, "excluded_lines": 0, "percent_statements_covered": 100.0, "percent_statements_covered_display": "100"}, "missing_lines": [], "excluded_lines": [], "start_line": 22}, "CompetenceMapper.add_credentials": {"executed_lines": [28], "summary": {"covered_lines": 1, "num_statements": 1, "percent_covered": 100.0, "percent_covered_display": "100", "missing_lines": 0, "excluded_lines": 0, "percent_statements_covered": 100.0, "percent_statements_covered_display": "100"}, "missing_lines": [], "excluded_lines": [], "start_line": 26}, "CompetenceMapper.get_competences_by_axis": {"executed_lines": [32], "summary": {"covered_lines": 1, "num_statements": 1, "percent_covered": 100.0, "percent_covered_display": "100", "missing_lines": 0, "excluded_lines": 0, "percent_statements_covered": 100.0, "percent_statements_covered_display": "100"}, "missing_lines": [], "excluded_lines": [], "start_line": 30}, "CompetenceMapper.get_competences_by_level": {"executed_lines": [36], "summary": {"covered_lines": 1, "num_statements": 1, "percent_covered": 100.0, "percent_covered_display": "100", "missing_lines": 0, "excluded_lines": 0, "percent_statements_covered": 100.0, "percent_statements_covered_display": "100"}, "missing_lines": [], "excluded_lines": [], "start_line": 34}, "CompetenceMapper.get_sector_competences": {"executed_lines": [40, 46, 47, 48, 50], "summary": {"covered_lines": 5, "num_statements": 5, "percent_covered": 100.0, "percent_covered_display": "100", "missing_lines": 0, "excluded_lines": 0, "percent_statements_covered": 100.0, "percent_statements_covered_display": "100"}, "missing_lines": [], "excluded_lines": [], "start_line": 38}, "CompetenceMapper.analyze_competence_gaps": {"executed_lines": [65, 66, 68, 70, 76, 77, 82, 83, 85], "summary": {"covered_lines": 9, "num_statements": 9, "percent_covered": 100.0, "percent_covered_display": "100", "missing_lines": 0, "excluded_lines": 0, "percent_statements_covered": 100.0, "percent_statements_covered_display": "100"}, "missing_lines": [], "excluded_lines": [], "start_line": 52}, "CompetenceMapper.suggest_credential_pathway": {"executed_lines": [100, 102, 103, 108, 111, 113], "summary": {"covered_lines": 6, "num_statements": 6, "percent_covered": 100.0, "percent_covered_display": "100", "missing_lines": 0, "excluded_lines": 0, "percent_statements_covered": 100.0, "percent_statements_covered_display": "100"}, "missing_lines": [], "excluded_lines": [], "start_line": 87}, "CompetenceMapper.get_summary": {"executed_lines": [117, 121, 126, 128], "summary": {"covered_lines": 4, "num_statements": 4, "percent_covered": 100.0, "percent_covered_display": "100", "missing_lines": 0, "excluded_lines": 0, "percent_statements_covered": 100.0, "percent_statements_covered_display": "100"}, "missing_lines": [], "excluded_lines": [], "start_line": 115}, "": {"executed_lines": [5, 6, 9, 10, 11, 12, 15, 18, 22, 26, 30, 34, 38, 52, 87, 115], "summary": {"covered_lines": 16, "num_statements": 16, "percent_covered": 100.0, "percent_covered_display": "100", "missing_lines": 0, "excluded_lines": 0, "percent_statements_covered": 100.0, "percent_statements_covered_display": "100"}, "missing_lines": [], "excluded_lines": [], "start_line": 1}}, "classes": {"GapAnalysisResult": {"executed_lines": [], "summary": {"covered_lines": 0, "num_statements": 0, "percent_covered": 100.0, "percent_covered_display": "100", "missing_lines": 0, "excluded_lines": 0, "percent_statements_covered": 100.0, "percent_statements_covered_display": "100"}, "missing_lines": [], "excluded_lines": [], "start_line": 9}, "CompetenceMapper": {"executed_lines": [19, 20, 24, 28, 32, 36, 40, 46, 47, 48, 50, 65, 66, 68, 70, 76, 77, 82, 83, 85, 100, 102, 103, 108, 111, 113, 117, 121, 126, 128], "summary": {"covered_lines": 30, "num_statements": 30, "percent_covered": 100.0, "percent_covered_display": "100", "missing_lines": 0, "excluded_lines": 0, "percent_statements_covered": 100.0, "percent_statements_covered_display": "100"}, "missing_lines": [], "excluded_lines": [], "start_line": 15}, "": {"executed_lines": [5, 6, 9, 10, 11, 12, 15, 18, 22, 26, 30, 34, 38, 52, 87, 115], "summary": {"covered_lines": 16, "num_statements": 16, "percent_covered": 100.0, "percent_covered_display": "100", "missing_lines": 0, "excluded_lines": 0, "percent_statements_covered": 100.0, "percent_statements_covered_display": "100"}, "missing_lines": [], "excluded_lines": [], "start_line": 1}}}, "src/competence_repository.py": {"executed_lines": [3, 5, 6, 8, 9, 10, 13, 16, 19, 22, 23, 24, 27, 36, 37, 38, 39, 40, 41, 44, 55, 58, 61, 70, 71, 72, 73, 75, 77, 78, 79, 80, 83, 85, 89, 91, 92, 93, 96, 98, 106, 108, 109, 111, 113, 114, 116, 118, 119, 120, 121, 122, 123, 125, 127, 128, 129, 131, 133, 134, 135, 137, 141, 142, 143, 145, 147, 148, 149], "summary": {"covered_lines": 69, "num_statements": 69, "percent_covered": 100.0, "percent_covered_display": "100", "missing_lines": 0, "excluded_lines": 0, "percent_statements_covered": 100.0, "percent_statements_covered_display": "100"}, "missing_lines": [], "excluded_lines": [], "functions": {"classify_competence_origin": {"executed_lines": [36, 37, 38, 39, 40, 41], "summary": {"covered_lines": 6, "num_statements": 6, "percent_covered": 100.0, "percent_covered_display": "100", "missing_lines": 0, "excluded_lines": 0, "percent_statements_covered": 100.0, "percent_statements_covered_display": "100"}, "missing_lines": [], "excluded_lines": [], "start_line": 27}, "normalize_sector_name": {"executed_lines": [55], "summary": {"covered_lines": 1, "num_statements": 1, "percent_covered": 100.0, "percent_covered_display": "100", "missing_lines": 0, "excluded_lines": 0, "percent_statements_covered": 100.0, "percent_statements_covered_display": "100"}, "missing_lines": [], "excluded_lines": [], "start_line": 44}, "LiteratureCompetenceRepository.__init__": {"executed_lines": [70, 71, 72, 73], "summary": {"covered_lines": 4, "num_statements": 4, "percent_covered": 100.0, "percent_covered_display": "100", "missing_lines": 0, "excluded_lines": 0, "percent_statements_covered": 100.0, "percent_statements_covered_display": "100"}, "missing_lines": [], "excluded_lines": [], "start_line": 61}, "LiteratureCompetenceRepository._load": {"executed_lines": [77, 78, 79, 80, 83], "summary": {"covered_lines": 5, "num_statements": 5, "percent_covered": 100.0, "percent_covered_display": "100", "missing_lines": 0, "excluded_lines": 0, "percent_statements_covered": 100.0, "percent_statements_covered_display": "100"}, "missing_lines": [], "excluded_lines": [], "start_line": 75}, "LiteratureCompetenceRepository._build_normalized_sector_index": {"executed_lines": [89, 91, 98], "summary": {"covered_lines": 3, "num_statements": 3, "percent_covered": 100.0, "percent_covered_display": "100", "missing_lines": 0, "excluded_lines": 0, "percent_statements_covered": 100.0, "percent_statements_covered_display": "100"}, "missing_lines": [], "excluded_lines": [], "start_line": 85}, "LiteratureCompetenceRepository._build_normalized_sector_index._normalize_cached": {"executed_lines": [92, 93, 96], "summary": {"covered_lines": 3, "num_statements": 3, "percent_covered": 100.0, "percent_covered_display": "100", "missing_lines": 0, "excluded_lines": 0, "percent_statements_covered": 100.0, "percent_statements_covered_display": "100"}, "missing_lines": [], "excluded_lines": [], "start_line": 91}, "LiteratureCompetenceRepository.iter_all_competences": {"executed_lines": [108, 109], "summary": {"covered_lines": 2, "num_statements": 2, "percent_covered": 100.0, "percent_covered_display": "100", "missing_lines": 0, "excluded_lines": 0, "percent_statements_covered": 100.0, "percent_statements_covered_display": "100"}, "missing_lines": [], "excluded_lines": [], "start_line": 106}, "LiteratureCompetenceRepository.get_competence_by_id": {"executed_lines": [113, 114], "summary": {"covered_lines": 2, "num_statements": 2, "percent_covered": 100.0, "percent_covered_display": "100", "missing_lines": 0, "excluded_lines": 0, "percent_statements_covered": 100.0, "percent_statements_covered_display": "100"}, "missing_lines": [], "excluded_lines": [], "start_line": 111}, "LiteratureCompetenceRepository.iter_competences_for_sector": {"executed_lines": [118, 119, 120, 121, 122, 123], "summary": {"covered_lines": 6, "num_statements": 6, "percent_covered": 100.0, "percent_covered_display": "100", "missing_lines": 0, "excluded_lines": 0, "percent_statements_covered": 100.0, "percent_statements_covered_display": "100"}, "missing_lines": [], "excluded_lines": [], "start_line": 116}, "LiteratureCompetenceRepository.iter_literature_competences": {"executed_lines": [127, 128, 129], "summary": {"covered_lines": 3, "num_statements": 3, "percent_covered": 100.0, "percent_covered_display": "100", "missing_lines": 0, "excluded_lines": 0, "percent_statements_covered": 100.0, "percent_statements_covered_display": "100"}, "missing_lines": [], "excluded_lines": [], "start_line": 125}, "LiteratureCompetenceRepository.iter_baseline_competences": {"executed_lines": [133, 134, 135], "summary": {"covered_lines": 3, "num_statements": 3, "percent_covered": 100.0, "percent_covered_display": "100", "missing_lines": 0, "excluded_lines": 0, "percent_statements_covered": 100.0, "percent_statements_covered_display": "100"}, "missing_lines": [], "excluded_lines": [], "start_line": 131}, "LiteratureCompetenceRepository.iter_literature_competences_for_sector": {"executed_lines": [141, 142, 143], "summary": {"covered_lines": 3, "num_statements": 3, "percent_covered": 100.0, "percent_covered_display": "100", "missing_lines": 0, "excluded_lines": 0, "percent_statements_covered": 100.0, "percent_statements_covered_display": "100"}, "missing_lines": [], "excluded_lines": [], "start_line": 137}, "LiteratureCompetenceRepository.iter_competences_for_axis": {"executed_lines": [147, 148, 149], "summary": {"covered_lines": 3, "num_statements": 3, "percent_covered": 100.0, "percent_covered_display": "100", "missing_lines": 0, "excluded_lines": 0, "percent_statements_covered": 100.0, "percent_statements_covered_display": "100"}, "missing_lines": [], "excluded_lines": [], "start_line": 145}, "": {"executed_lines": [3, 5, 6, 8, 9, 10, 13, 16, 19, 22, 23, 24, 27, 44, 58, 61, 75, 85, 106, 111, 116, 125, 131, 137, 145], "summary": {"covered_lines": 25, "num_statements": 25, "percent_covered": 100.0, "percent_covered_display": "100", "missing_lines": 0, "excluded_lines": 0, "percent_statements_covered": 100.0, "percent_statements_covered_display": "100"}, "missing_lines": [], "excluded_lines": [], "start_line": 1}}, "classes": {"AxisLike": {"executed_lines": [], "summary": {"covered_lines": 0, "num_statements": 0, "percent_covered": 100.0, "percent_covered_display": "100", "missing_lines": 0, "excluded_lines": 0, "percent_statements_covered": 100.0, "percent_statements_covered_display": "100"}, "missing_lines": [], "excluded_lines": [], "start_line": 13}, "CompetenceLike": {"executed_lines": [], "summary": {"covered_lines": 0, "num_statements": 0, "percent_covered": 100.0, "percent_covered_display": "100", "missing_lines": 0, "excluded_lines": 0, "percent_statements_covered": 100.0, "percent_statements_covered_display": "100"}, "missing_lines": [], "excluded_lines": [], "start_line": 19}, "LiteratureCompetenceRepository": {"executed_lines": [70, 71, 72, 73, 77, 78, 79, 80, 83, 89, 91, 92, 93, 96, 98, 108, 109, 113, 114, 118, 119, 120, 121, 122, 123, 127, 128, 129, 133, 134, 135, 141, 142, 143, 147, 148, 149], "summary": {"covered_lines": 37, "num_statements": 37, "percent_covered": 100.0, "percent_covered_display": "100", "missing_lines": 0, "excluded_lines": 0, "percent_statements_covered": 100.0, "percent_statements_covered_display": "100"}, "missing_lines": [], "excluded_lines": [], "start_line": 58}, "": {"executed_lines": [3, 5, 6, 8, 9, 10, 13, 16, 19, 22, 23, 24, 27, 36, 37, 38, 39, 40, 41, 44, 55, 58, 61, 75, 85, 106, 111, 116, 125, 131, 137, 145], "summary": {"covered_lines": 32, "num_statements": 32, "percent_covered": 100.0, "percent_covered_display": "100", "missing_lines": 0, "excluded_lines": 0, "percent_statements_covered": 100.0, "percent_statements_covered_display": "100"}, "missing_lines": [], "excluded_lines": [], "start_line": 1}}}, "src/core.py": {"executed_lines": [5, 6, 7, 8, 11, 14, 15, 16, 19, 22, 23, 24, 25, 28, 29, 42, 43, 44, 45, 46, 47, 49, 51, 61, 62, 74, 75, 76, 77, 78, 80, 82, 91, 101, 102, 104, 105, 106, 107, 108, 110, 112, 113, 114, 122, 124, 125, 126, 131, 133], "summary": {"covered_lines": 50, "num_statements": 50, "percent_covered": 100.0, "percent_covered_display": "100", "missing_lines": 0, "excluded_lines": 0, "percent_statements_covered": 100.0, "percent_statements_covered_display": "100"}, "missing_lines": [], "excluded_lines": [], "f
[...]
_lines": 8, "num_statements": 8, "percent_covered": 100.0, "percent_covered_display": "100", "missing_lines": 0, "excluded_lines": 0, "percent_statements_covered": 100.0, "percent_statements_covered_display": "100"}, "missing_lines": [], "excluded_lines": [], "start_line": 368}, "test_extract_literature_competences_with_sample_data": {"executed_lines": [394, 396, 402, 403, 405, 415, 423, 430, 432, 433, 434, 435, 436], "summary": {"covered_lines": 13, "num_statements": 13, "percent_covered": 100.0, "percent_covered_display": "100", "missing_lines": 0, "excluded_lines": 0, "percent_statements_covered": 100.0, "percent_statements_covered_display": "100"}, "missing_lines": [], "excluded_lines": [], "start_line": 392}, "test_extract_literature_competences_deduplicates_titles": {"executed_lines": [441, 443, 449, 450, 452, 462, 470, 476, 479, 480, 481], "summary": {"covered_lines": 11, "num_statements": 11, "percent_covered": 100.0, "percent_covered_display": "100", "missing_lines": 0, "excluded_lines": 0, "percent_statements_covered": 100.0, "percent_statements_covered_display": "100"}, "missing_lines": [], "excluded_lines": [], "start_line": 439}, "test_run_gap_analysis_calculates_correctly": {"executed_lines": [486, 488, 509, 521, 526, 527, 528, 529, 530, 533], "summary": {"covered_lines": 10, "num_statements": 10, "percent_covered": 100.0, "percent_covered_display": "100", "missing_lines": 0, "excluded_lines": 0, "percent_statements_covered": 100.0, "percent_statements_covered_display": "100"}, "missing_lines": [], "excluded_lines": [], "start_line": 484}, "test_compute_sector_pathways_finds_bridges": {"executed_lines": [538, 540, 561, 578, 581, 585, 586], "summary": {"covered_lines": 7, "num_statements": 7, "percent_covered": 100.0, "percent_covered_display": "100", "missing_lines": 0, "excluded_lines": 0, "percent_statements_covered": 100.0, "percent_statements_covered_display": "100"}, "missing_lines": [], "excluded_lines": [], "start_line": 536}, "test_export_gaps_summary_csv_creates_file": {"executed_lines": [591, 593, 604, 606, 607, 609, 610, 611, 612], "summary": {"covered_lines": 9, "num_statements": 9, "percent_covered": 100.0, "percent_covered_display": "100", "missing_lines": 0, "excluded_lines": 0, "percent_statements_covered": 100.0, "percent_statements_covered_display": "100"}, "missing_lines": [], "excluded_lines": [], "start_line": 589}, "test_export_competences_json_creates_file": {"executed_lines": [617, 619, 631, 643, 644, 646, 647, 648, 649, 650, 651, 652], "summary": {"covered_lines": 12, "num_statements": 12, "percent_covered": 100.0, "percent_covered_display": "100", "missing_lines": 0, "excluded_lines": 0, "percent_statements_covered": 100.0, "percent_statements_covered_display": "100"}, "missing_lines": [], "excluded_lines": [], "start_line": 615}, "test_export_credentials_json_creates_file": {"executed_lines": [657, 659, 676, 677, 679, 680, 681, 682, 683], "summary": {"covered_lines": 9, "num_statements": 9, "percent_covered": 100.0, "percent_covered_display": "100", "missing_lines": 0, "excluded_lines": 0, "percent_statements_covered": 100.0, "percent_statements_covered_display": "100"}, "missing_lines": [], "excluded_lines": [], "start_line": 655}, "test_export_pathways_json_creates_file": {"executed_lines": [688, 690, 699, 700, 702, 703, 704, 705, 706], "summary": {"covered_lines": 9, "num_statements": 9, "percent_covered": 100.0, "percent_covered_display": "100", "missing_lines": 0, "excluded_lines": 0, "percent_statements_covered": 100.0, "percent_statements_covered_display": "100"}, "missing_lines": [], "excluded_lines": [], "start_line": 686}, "test_axis_badge_generates_html": {"executed_lines": [711, 713, 714, 715, 717, 718, 720, 721], "summary": {"covered_lines": 8, "num_statements": 8, "percent_covered": 100.0, "percent_covered_display": "100", "missing_lines": 0, "excluded_lines": 0, "percent_statements_covered": 100.0, "percent_statements_covered_display": "100"}, "missing_lines": [], "excluded_lines": [], "start_line": 709}, "test_generate_report_index_creates_html": {"executed_lines": [726, 728, 740, 742, 754, 756, 757, 759, 760, 761, 762], "summary": {"covered_lines": 11, "num_statements": 11, "percent_covered": 100.0, "percent_covered_display": "100", "missing_lines": 0, "excluded_lines": 0, "percent_statements_covered": 100.0, "percent_statements_covered_display": "100"}, "missing_lines": [], "excluded_lines": [], "start_line": 724}, "test_generate_gaps_html_creates_file": {"executed_lines": [767, 769, 779, 790, 792, 794, 795, 797, 798, 799, 800], "summary": {"covered_lines": 11, "num_statements": 11, "percent_covered": 100.0, "percent_covered_display": "100", "missing_lines": 0, "excluded_lines": 0, "percent_statements_covered": 100.0, "percent_statements_covered_display": "100"}, "missing_lines": [], "excluded_lines": [], "start_line": 765}, "test_generate_credentials_html_creates_file": {"executed_lines": [805, 807, 824, 825, 827, 828, 829, 830], "summary": {"covered_lines": 8, "num_statements": 8, "percent_covered": 100.0, "percent_covered_display": "100", "missing_lines": 0, "excluded_lines": 0, "percent_statements_covered": 100.0, "percent_statements_covered_display": "100"}, "missing_lines": [], "excluded_lines": [], "start_line": 803}, "test_generate_literature_html_creates_file": {"executed_lines": [835, 837, 852, 853, 855, 856, 859], "summary": {"covered_lines": 7, "num_statements": 7, "percent_covered": 100.0, "percent_covered_display": "100", "missing_lines": 0, "excluded_lines": 0, "percent_statements_covered": 100.0, "percent_statements_covered_display": "100"}, "missing_lines": [], "excluded_lines": [], "start_line": 833}, "test_main_handles_missing_baseline_csv": {"executed_lines": [864, 866, 868, 869, 871], "summary": {"covered_lines": 5, "num_statements": 5, "percent_covered": 100.0, "percent_covered_display": "100", "missing_lines": 0, "excluded_lines": 0, "percent_statements_covered": 100.0, "percent_statements_covered_display": "100"}, "missing_lines": [], "excluded_lines": [], "start_line": 862}, "test_main_handles_no_literature_files": {"executed_lines": [876, 878, 879, 885, 887, 893, 896], "summary": {"covered_lines": 7, "num_statements": 7, "percent_covered": 100.0, "percent_covered_display": "100", "missing_lines": 0, "excluded_lines": 0, "percent_statements_covered": 100.0, "percent_statements_covered_display": "100"}, "missing_lines": [], "excluded_lines": [], "start_line": 874}, "TestCLIAndEdgeCases.test_parse_cli_args_defaults": {"executed_lines": [904, 907, 908, 909, 911], "summary": {"covered_lines": 5, "num_statements": 5, "percent_covered": 100.0, "percent_covered_display": "100", "missing_lines": 0, "excluded_lines": 0, "percent_statements_covered": 100.0, "percent_statements_covered_display": "100"}, "missing_lines": [], "excluded_lines": [], "start_line": 902}, "TestCLIAndEdgeCases.test_main_with_cli_sector_selection": {"executed_lines": [915, 916, 922, 924, 930, 932], "summary": {"covered_lines": 6, "num_statements": 6, "percent_covered": 100.0, "percent_covered_display": "100", "missing_lines": 0, "excluded_lines": 0, "percent_statements_covered": 100.0, "percent_statements_covered_display": "100"}, "missing_lines": [], "excluded_lines": [], "start_line": 913}, "TestCLIAndEdgeCases.test_main_if_name_main_block": {"executed_lines": [939, 941, 942, 943], "summary": {"covered_lines": 4, "num_statements": 4, "percent_covered": 100.0, "percent_covered_display": "100", "missing_lines": 0, "excluded_lines": 0, "percent_statements_covered": 100.0, "percent_statements_covered_display": "100"}, "missing_lines": [], "excluded_lines": [], "start_line": 934}, "": {"executed_lines": [3, 4, 5, 7, 9, 24, 75, 163, 205, 258, 280, 291, 300, 309, 318, 328, 340, 368, 392, 439, 484, 536, 589, 615, 655, 686, 709, 724, 765, 803, 833, 862, 874, 899, 902, 913, 934], "summary": {"covered_lines": 37, "num_statements": 37, "percent_covered": 100.0, "percent_covered_display": "100", "missing_lines": 0, "excluded_lines": 0, "percent_statements_covered": 100.0, "percent_statements_covered_display": "100"}, "missing_lines": [], "excluded_lines": [], "start_line": 1}}, "classes": {"TestCLIAndEdgeCases": {"executed_lines": [904, 907, 908, 909, 911, 915, 916, 922, 924, 930, 932, 939, 941, 942, 943], "summary": {"covered_lines": 15, "num_statements": 15, "percent_covered": 100.0, "percent_covered_display": "100", "missing_lines": 0, "excluded_lines": 0, "percent_statements_covered": 100.0, "percent_statements_covered_display": "100"}, "missing_lines": [], "excluded_lines": [], "start_line": 899}, "": {"executed_lines": [3, 4, 5, 7, 9, 24, 25, 34, 44, 45, 51, 52, 57, 58, 61, 62, 63, 68, 70, 71, 72, 75, 76, 77, 78, 80, 91, 102, 113, 114, 116, 150, 152, 153, 154, 155, 156, 157, 158, 159, 160, 163, 164, 175, 186, 197, 201, 202, 205, 206, 207, 208, 209, 210, 221, 233, 251, 253, 254, 255, 258, 259, 260, 261, 271, 272, 273, 275, 276, 277, 280, 281, 282, 283, 291, 293, 295, 296, 297, 300, 302, 304, 305, 306, 309, 311, 313, 314, 315, 318, 320, 322, 324, 325, 328, 330, 332, 333, 334, 336, 337, 340, 342, 344, 350, 351, 353, 357, 359, 360, 361, 362, 363, 364, 365, 368, 370, 372, 378, 379, 381, 385, 388, 389, 392, 394, 396, 402, 403, 405, 415, 423, 430, 432, 433, 434, 435, 436, 439, 441, 443, 449, 450, 452, 462, 470, 476, 479, 480, 481, 484, 486, 488, 509, 521, 526, 527, 528, 529, 530, 533, 536, 538, 540, 561, 578, 581, 585, 586, 589, 591, 593, 604, 606, 607, 609, 610, 611, 612, 615, 617, 619, 631, 643, 644, 646, 647, 648, 649, 650, 651, 652, 655, 657, 659, 676, 677, 679, 680, 681, 682, 683, 686, 688, 690, 699, 700, 702, 703, 704, 705, 706, 709, 711, 713, 714, 715, 717, 718, 720, 721, 724, 726, 728, 740, 742, 754, 756, 757, 759, 760, 761, 762, 765, 767, 769, 779, 790, 792, 794, 795, 797, 798, 799, 800, 803, 805, 807, 824, 825, 827, 828, 829, 830, 833, 835, 837, 852, 853, 855, 856, 859, 862, 864, 866, 868, 869, 871, 874, 876, 878, 879, 885, 887, 893, 896, 899, 902, 913, 934], "summary": {"covered_lines": 280, "num_statements": 280, "percent_covered": 100.0, "percent_covered_display": "100", "missing_lines": 0, "excluded_lines": 0, "percent_statements_covered": 100.0, "percent_statements_covered_display": "100"}, "missing_lines": [], "excluded_lines": [], "start_line": 1}}}, "tests/test_script_cli.py": {"executed_lines": [3, 4, 5, 7, 10, 13, 16, 18, 20, 21, 23, 25, 27, 29, 30, 32, 34, 36, 37, 39, 40, 42, 44, 46, 49, 50, 55, 57, 59, 61, 63, 67, 69, 70, 72, 74, 77, 78, 80, 82, 83, 85, 87, 90, 94, 95, 97, 103, 104, 105, 106, 107, 109, 111, 112, 113, 114, 115, 117, 118, 119, 122, 125, 127, 130, 131, 132, 134, 136, 137, 139, 141, 142, 143, 144, 146, 148, 151, 152, 154, 158, 165, 166, 168, 170, 171, 172, 173, 175, 177, 179, 180, 181, 182, 183, 185, 187, 189, 190, 191, 192, 194, 196, 198, 199, 200, 202, 204, 206, 207, 210, 213, 215, 217, 218, 220, 222, 223, 225, 227, 230, 233, 234, 235, 236, 237, 238, 239, 240, 241, 243, 244, 246, 247, 249, 251, 252, 255, 256], "summary": {"covered_lines": 139, "num_statements": 140, "percent_covered": 99.28571428571429, "percent_covered_display": "99", "missing_lines": 1, "excluded_lines": 0, "percent_statements_covered": 99.28571428571429, "percent_statements_covered_display": "99"}, "missing_lines": [91], "excluded_lines": [], "functions": {"TestBuildTmbdDictionaryCLI.test_parse_args_default_sector": {"executed_lines": [18, 20, 21, 23], "summary": {"covered_lines": 4, "num_statements": 4, "percent_covered": 100.0, "percent_covered_display": "100", "missing_lines": 0, "excluded_lines": 0, "percent_statements_covered": 100.0, "percent_statements_covered_display": "100"}, "missing_lines": [], "excluded_lines": [], "start_line": 16}, "TestBuildTmbdDictionaryCLI.test_parse_args_custom_sector": {"executed_lines": [27, 29, 30, 32], "summary": {"covered_lines": 4, "num_statements": 4, "percent_covered": 100.0, "percent_covered_display": "100", "missing_lines": 0, "excluded_lines": 0, "percent_statements_covered": 100.0, "percent_statements_covered_display": "100"}, "missing_lines": [], "excluded_lines": [], "start_line": 25}, "TestBuildTmbdDictionaryCLI.test_parse_args_custom_output_dir": {"executed_lines": [36, 37, 39, 40, 42], "summary": {"covered_lines": 5, "num_statements": 5, "percent_covered": 100.0, "percent_covered_display": "100", "missing_lines": 0, "excluded_lines": 0, "percent_statements_covered": 100.0, "percent_statements_covered_display": "100"}, "missing_lines": [], "excluded_lines": [], "start_line": 34}, "TestBuildTmbdDictionaryCLI.test_load_literature_competence_extractor_success": {"executed_lines": [46, 49, 50, 55, 57, 59], "summary": {"covered_lines": 6, "num_statements": 6, "percent_covered": 100.0, "percent_covered_display": "100", "missing_lines": 0, "excluded_lines": 0, "percent_statements_covered": 100.0, "percent_statements_covered_display": "100"}, "missing_lines": [], "excluded_lines": [], "start_line": 44}, "TestBuildTmbdDictionaryCLI.test_load_literature_competence_extractor_missing_file": {"executed_lines": [63, 67, 69, 70], "summary": {"covered_lines": 4, "num_statements": 4, "percent_covered": 100.0, "percent_covered_display": "100", "missing_lines": 0, "excluded_lines": 0, "percent_statements_covered": 100.0, "percent_statements_covered_display": "100"}, "missing_lines": [], "excluded_lines": [], "start_line": 61}, "TestBuildTmbdDictionaryCLI.test_load_literature_competence_extractor_missing_function": {"executed_lines": [74, 77, 78, 80, 82, 83], "summary": {"covered_lines": 6, "num_statements": 6, "percent_covered": 100.0, "percent_covered_display": "100", "missing_lines": 0, "excluded_lines": 0, "percent_statements_covered": 100.0, "percent_statements_covered_display": "100"}, "missing_lines": [], "excluded_lines": [], "start_line": 72}, "TestBuildTmbdDictionaryCLI.test_main_integration": {"executed_lines": [87, 90, 94, 95, 97, 103, 104, 105, 106, 107, 109, 111, 112, 113, 114, 115, 117, 118, 119], "summary": {"covered_lines": 19, "num_statements": 19, "percent_covered": 100.0, "percent_covered_display": "100", "missing_lines": 0, "excluded_lines": 0, "percent_statements_covered": 100.0, "percent_statements_covered_display": "100"}, "missing_lines": [], "excluded_lines": [], "start_line": 85}, "TestBuildTmbdDictionaryCLI.test_main_integration.mock_extract": {"executed_lines": [], "summary": {"covered_lines": 0, "num_statements": 1, "percent_covered": 0.0, "percent_covered_display": "0", "missing_lines": 1, "excluded_lines": 0, "percent_statements_covered": 0.0, "percent_statements_covered_display": "0"}, "missing_lines": [91], "excluded_lines": [], "start_line": 90}, "TestGenerateManifestCLI.test_main_generates_manifest": {"executed_lines": [127, 130, 131, 132, 134, 136, 137, 139, 141, 142, 143, 144], "summary": {"covered_lines": 12, "num_statements": 12, "percent_covered": 100.0, "percent_covered_display": "100", "missing_lines": 0, "excluded_lines": 0, "percent_statements_covered": 100.0, "percent_statements_covered_display": "100"}, "missing_lines": [], "excluded_lines": [], "start_line": 125}, "TestGenerateManifestCLI.test_main_preserves_manual_metadata": {"executed_lines": [148, 151, 152, 154, 158, 165, 166, 168, 170, 171, 172, 173], "summary": {"covered_lines": 12, "num_statements": 12, "percent_covered": 100.0, "percent_covered_display": "100", "missing_lines": 0, "excluded_lines": 0, "percent_statements_covered": 100.0, "percent_statements_covered_display": "100"}, "missing_lines": [], "excluded_lines": [], "start_line": 146}, "TestGenerateManifestCLI.test_scan_files_skips_ignored_dirs": {"executed_lines": [177, 179, 180, 181, 182, 183, 185, 187, 189, 190, 191, 192], "summary": {"covered_lines": 12, "num_statements": 12, "percent_covered": 100.0, "percent_covered_display": "100", "missing_lines": 0, "excluded_lines": 0, "percent_statements_covered": 100.0, "percent_statements_covered_display": "100"}, "missing_lines": [], "excluded_lines": [], "start_line": 175}, "TestGenerateManifestCLI.test_scan_files_sorts_results": {"executed_lines": [196, 198, 199, 200, 202, 204, 206, 207], "summary": {"covered_lines": 8, "num_statements": 8, "percent_covered": 100.0, "percent_covered_display": "100", "missing_lines": 0, "excluded_lines": 0, "percent_statements_covered": 100.0, "percent_statements_covered_display": "100"}, "missing_lines": [], "excluded_lines": [], "start_line": 194}, "TestBuildDerivedCLI.test_main_with_no_excel_files": {"executed_lines": [215, 217, 218, 220, 222, 223], "summary": {"covered_lines": 6, "num_statements": 6, "percent_covered": 100.0, "percent_covered_display": "100", "missing_lines": 0, "excluded_lines": 0, "percent_statements_covered": 100.0, "percent_statements_covered_display": "100"}, "missing_lines": [], "excluded_lines": [], "start_line": 213}, "TestBuildDerivedCLI.test_main_processes_excel_files": {"executed_lines": [227, 230, 233, 234, 235, 236, 237, 238, 239, 240, 241, 243, 244, 246, 247, 249, 251, 252, 255, 256], "summary": {"covered_lines": 20, "num_statements": 20, "percent_covered": 100.0, "percent_covered_display": "100", "missing_lines": 0, "excluded_lines": 0, "percent_statements_covered": 100.0, "percent_statements_covered_display": "100"}, "missing_lines": [], "excluded_lines": [], "start_line": 225}, "": {"executed_lines": [3, 4, 5, 7, 10, 13, 16, 25, 34, 44, 61, 72, 85, 122, 125, 146, 175, 194, 210, 213, 225], "summary": {"covered_lines": 21, "num_statements": 21, "percent_covered": 100.0, "percent_covered_display": "100", "missing_lines": 0, "excluded_lines": 0, "percent_statements_covered": 100.0, "percent_statements_covered_display": "100"}, "missing_lines": [], "excluded_lines": [], "start_line": 1}}, "classes": {"TestBuildTmbdDictionaryCLI": {"executed_lines": [18, 20, 21, 23, 27, 29, 30, 32, 36, 37, 39, 40, 42, 46, 49, 50, 55, 57, 59, 63, 67, 69, 70, 74, 77, 78, 80, 82, 83, 87, 90, 94, 95, 97, 103, 104, 105, 106, 107, 109, 111, 112, 113, 114, 115, 117, 118, 119], "summary": {"covered_lines": 48, "num_statements": 49, "percent_covered": 97.95918367346938, "percent_covered_display": "98", "missing_lines": 1, "excluded_lines": 0, "percent_statements_covered": 97.95918367346938, "percent_statements_covered_display": "98"}, "missing_lines": [91], "excluded_lines": [], "start_line": 13}, "TestGenerateManifestCLI": {"executed_lines": [127, 130, 131, 132, 134, 136, 137, 139, 141, 142, 143, 144, 148, 151, 152, 154, 158, 165, 166, 168, 170, 171, 172, 173, 177, 179, 180, 181, 182, 183, 185, 187, 189, 190, 191, 192, 196, 198, 199, 200, 202, 204, 206, 207], "summary": {"covered_lines": 44, "num_statements": 44, "percent_covered": 100.0, "percent_covered_display": "100", "missing_lines": 0, "excluded_lines": 0, "percent_statements_covered": 100.0, "percent_statements_covered_display": "100"}, "missing_lines": [], "excluded_lines": [], "start_line": 122}, "TestBuildDerivedCLI": {"executed_lines": [215, 217, 218, 220, 222, 223, 227, 230, 233, 234, 235, 236, 237, 238, 239, 240, 241, 243, 244, 246, 247, 249, 251, 252, 255, 256], "summary": {"covered_lines": 26, "num_statements": 26, "percent_covered": 100.0, "percent_covered_display": "100", "missing_lines": 0, "excluded_lines": 0, "percent_statements_covered": 100.0, "percent_statements_covered_display": "100"}, "missing_lines": [], "excluded_lines": [], "start_line": 210}, "": {"executed_lines": [3, 4, 5, 7, 10, 13, 16, 25, 34, 44, 61, 72, 85, 122, 125, 146, 175, 194, 210, 213, 225], "summary": {"covered_lines": 21, "num_statements": 21, "percent_covered": 100.0, "percent_covered_display": "100", "missing_lines": 0, "excluded_lines": 0, "percent_statements_covered": 100.0, "percent_statements_covered_display": "100"}, "missing_lines": [], "excluded_lines": [], "start_line": 1}}}}, "totals": {"covered_lines": 2584, "num_statements": 3621, "percent_covered": 71.36150234741784, "percent_covered_display": "71", "missing_lines": 1037, "excluded_lines": 0, "percent_statements_covered": 71.36150234741784, "percent_statements_covered_display": "71"}}