{"meta": {"format": 3, "version": "7.13.5", "timestamp": "2026-04-20T13:56:59.481734", "branch_coverage": false, "show_contexts": false}, "files": {"demo_additional_tasks.py": {"executed_lines": [], "summary": {"covered_lines": 0, "num_statements": 377, "percent_covered": 0.0, "percent_covered_display": "0", "missing_lines": 377, "excluded_lines": 0, "percent_statements_covered": 0.0, "percent_statements_covered_display": "0"}, "missing_lines": [11, 12, 13, 14, 17, 28, 29, 30, 39, 64, 66, 67, 68, 69, 70, 71, 72, 73, 74, 75, 76, 77, 78, 79, 80, 81, 82, 83, 84, 85, 86, 87, 88, 89, 90, 91, 92, 93, 94, 96, 99, 112, 113, 114, 117, 125, 138, 140, 141, 142, 143, 144, 145, 146, 147, 148, 149, 150, 151, 152, 153, 154, 155, 156, 157, 158, 159, 160, 161, 162, 163, 164, 165, 166, 167, 168, 169, 170, 171, 172, 173, 174, 175, 176, 177, 178, 179, 180, 181, 182, 183, 184, 185, 186, 187, 188, 189, 190, 191, 192, 193, 194, 195, 196, 197, 198, 199, 200, 201, 202, 203, 204, 205, 206, 207, 208, 209, 210, 211, 212, 213, 214, 215, 216, 217, 218, 219, 220, 221, 222, 223, 224, 225, 226, 227, 228, 229, 230, 231, 232, 233, 234, 235, 236, 237, 238, 239, 240, 241, 242, 244, 247, 258, 259, 260, 263, 265, 266, 267, 268, 270, 271, 274, 276, 277, 278, 279, 281, 282, 285, 291, 292, 294, 295, 296, 297, 299, 300, 301, 304, 305, 324, 325, 327, 328, 329, 331, 332, 351, 352, 354, 355, 356, 358, 359, 378, 379, 381, 382, 383, 385, 386, 387, 389, 390, 391, 392, 393, 394, 395, 396, 398, 401, 411, 412, 413, 415, 416, 419, 427, 428, 429, 430, 431, 432, 436, 444, 445, 446, 447, 448, 449, 450, 453, 454, 456, 457, 459, 460, 461, 462, 463, 464, 465, 466, 467, 468, 470, 471, 472, 473, 474, 475, 478, 479, 480, 481, 482, 483, 484, 485, 486, 488, 489, 490, 491, 492, 495, 496, 497, 498, 499, 500, 501, 502, 503, 504, 505, 506, 507, 508, 509, 510, 511, 512, 513, 514, 515, 516, 517, 518, 519, 522, 523, 524, 525, 526, 527, 528, 529, 530, 531, 532, 533, 534, 535, 536, 537, 538, 539, 540, 541, 542, 543, 544, 545, 546, 547, 548, 551, 554, 555, 556, 557, 558, 559, 560, 561, 564, 566, 568, 569, 570, 571, 572, 573, 574, 575, 576, 577, 578, 579, 581, 582, 583, 584, 585, 588, 589, 590, 591, 594, 595, 596, 597, 598, 599, 600, 601, 602, 603, 604, 605, 606, 607, 608, 609, 610, 611, 612, 613, 614, 615, 616, 617, 620, 621], "excluded_lines": [], "functions": {"task_1_offshore_wind_maintenance": {"executed_lines": [], "summary": {"covered_lines": 0, "num_statements": 35, "percent_covered": 0.0, "percent_covered_display": "0", "missing_lines": 35, "excluded_lines": 0, "percent_statements_covered": 0.0, "percent_statements_covered_display": "0"}, "missing_lines": [28, 29, 30, 39, 64, 66, 67, 68, 69, 70, 71, 72, 73, 74, 75, 76, 77, 78, 79, 80, 81, 82, 83, 84, 85, 86, 87, 88, 89, 90, 91, 92, 93, 94, 96], "excluded_lines": [], "start_line": 17}, "task_2_marine_data_analyst_credential": {"executed_lines": [], "summary": {"covered_lines": 0, "num_statements": 110, "percent_covered": 0.0, "percent_covered_display": "0", "missing_lines": 110, "excluded_lines": 0, "percent_statements_covered": 0.0, "percent_statements_covered_display": "0"}, "missing_lines": [112, 113, 114, 117, 125, 138, 140, 141, 142, 143, 144, 145, 146, 147, 148, 149, 150, 151, 152, 153, 154, 155, 156, 157, 158, 159, 160, 161, 162, 163, 164, 165, 166, 167, 168, 169, 170, 171, 172, 173, 174, 175, 176, 177, 178, 179, 180, 181, 182, 183, 184, 185, 186, 187, 188, 189, 190, 191, 192, 193, 194, 195, 196, 197, 198, 199, 200, 201, 202, 203, 204, 205, 206, 207, 208, 209, 210, 211, 212, 213, 214, 215, 216, 217, 218, 219, 220, 221, 222, 223, 224, 225, 226, 227, 228, 229, 230, 231, 232, 233, 234, 235, 236, 237, 238, 239, 240, 241, 242, 244], "excluded_lines": [], "start_line": 99}, "task_3_extract_from_literature": {"executed_lines": [], "summary": {"covered_lines": 0, "num_statements": 60, "percent_covered": 0.0, "percent_covered_display": "0", "missing_lines": 60, "excluded_lines": 0, "percent_statements_covered": 0.0, "percent_statements_covered_display": "0"}, "missing_lines": [258, 259, 260, 263, 265, 266, 267, 268, 270, 271, 274, 276, 277, 278, 279, 281, 282, 285, 291, 292, 294, 295, 296, 297, 299, 300, 301, 304, 305, 324, 325, 327, 328, 329, 331, 332, 351, 352, 354, 355, 356, 358, 359, 378, 379, 381, 382, 383, 385, 386, 387, 389, 390, 391, 392, 393, 394, 395, 396, 398], "excluded_lines": [], "start_line": 247}, "task_4_fisheries_aquaculture_transition": {"executed_lines": [], "summary": {"covered_lines": 0, "num_statements": 106, "percent_covered": 0.0, "percent_covered_display": "0", "missing_lines": 106, "excluded_lines": 0, "percent_statements_covered": 0.0, "percent_statements_covered_display": "0"}, "missing_lines": [411, 412, 413, 415, 416, 419, 427, 428, 429, 430, 431, 432, 436, 444, 445, 446, 447, 448, 449, 450, 453, 454, 456, 457, 459, 460, 461, 462, 463, 464, 465, 466, 467, 468, 470, 471, 472, 473, 474, 475, 478, 479, 480, 481, 482, 483, 484, 485, 486, 488, 489, 490, 491, 492, 495, 496, 497, 498, 499, 500, 501, 502, 503, 504, 505, 506, 507, 508, 509, 510, 511, 512, 513, 514, 515, 516, 517, 518, 519, 522, 523, 524, 525, 526, 527, 528, 529, 530, 531, 532, 533, 534, 535, 536, 537, 538, 539, 540, 541, 542, 543, 544, 545, 546, 547, 548], "excluded_lines": [], "start_line": 401}, "main": {"executed_lines": [], "summary": {"covered_lines": 0, "num_statements": 55, "percent_covered": 0.0, "percent_covered_display": "0", "missing_lines": 55, "excluded_lines": 0, "percent_statements_covered": 0.0, "percent_statements_covered_display": "0"}, "missing_lines": [554, 555, 556, 557, 558, 559, 560, 561, 564, 566, 568, 569, 570, 571, 572, 573, 574, 575, 576, 577, 578, 579, 581, 582, 583, 584, 585, 588, 589, 590, 591, 594, 595, 596, 597, 598, 599, 600, 601, 602, 603, 604, 605, 606, 607, 608, 609, 610, 611, 612, 613, 614, 615, 616, 617], "excluded_lines": [], "start_line": 551}, "": {"executed_lines": [], "summary": {"covered_lines": 0, "num_statements": 11, "percent_covered": 0.0, "percent_covered_display": "0", "missing_lines": 11, "excluded_lines": 0, "percent_statements_covered": 0.0, "percent_statements_covered_display": "0"}, "missing_lines": [11, 12, 13, 14, 17, 99, 247, 401, 551, 620, 621], "excluded_lines": [], "start_line": 1}}, "classes": {"": {"executed_lines": [], "summary": {"covered_lines": 0, "num_statements": 377, "percent_covered": 0.0, "percent_covered_display": "0", "missing_lines": 377, "excluded_lines": 0, "percent_statements_covered": 0.0, "percent_statements_covered_display": "0"}, "missing_lines": [11, 12, 13, 14, 17, 28, 29, 30, 39, 64, 66, 67, 68, 69, 70, 71, 72, 73, 74, 75, 76, 77, 78, 79, 80, 81, 82, 83, 84, 85, 86, 87, 88, 89, 90, 91, 92, 93, 94, 96, 99, 112, 113, 114, 117, 125, 138, 140, 141, 142, 143, 144, 145, 146, 147, 148, 149, 150, 151, 152, 153, 154, 155, 156, 157, 158, 159, 160, 161, 162, 163, 164, 165, 166, 167, 168, 169, 170, 171, 172, 173, 174, 175, 176, 177, 178, 179, 180, 181, 182, 183, 184, 185, 186, 187, 188, 189, 190, 191, 192, 193, 194, 195, 196, 197, 198, 199, 200, 201, 202, 203, 204, 205, 206, 207, 208, 209, 210, 211, 212, 213, 214, 215, 216, 217, 218, 219, 220, 221, 222, 223, 224, 225, 226, 227, 228, 229, 230, 231, 232, 233, 234, 235, 236, 237, 238, 239, 240, 241, 242, 244, 247, 258, 259, 260, 263, 265, 266, 267, 268, 270, 271, 274, 276, 277, 278, 279, 281, 282, 285, 291, 292, 294, 295, 296, 297, 299, 300, 301, 304, 305, 324, 325, 327, 328, 329, 331, 332, 351, 352, 354, 355, 356, 358, 359, 378, 379, 381, 382, 383, 385, 386, 387, 389, 390, 391, 392, 393, 394, 395, 396, 398, 401, 411, 412, 413, 415, 416, 419, 427, 428, 429, 430, 431, 432, 436, 444, 445, 446, 447, 448, 449, 450, 453, 454, 456, 457, 459, 460, 461, 462, 463, 464, 465, 466, 467, 468, 470, 471, 472, 473, 474, 475, 478, 479, 480, 481, 482, 483, 484, 485, 486, 488, 489, 490, 491, 492, 495, 496, 497, 498, 499, 500, 501, 502, 503, 504, 505, 506, 507, 508, 509, 510, 511, 512, 513, 514, 515, 516, 517, 518, 519, 522, 523, 524, 525, 526, 527, 528, 529, 530, 531, 532, 533, 534, 535, 536, 537, 538, 539, 540, 541, 542, 543, 544, 545, 546, 547, 548, 551, 554, 555, 556, 557, 558, 559, 560, 561, 564, 566, 568, 569, 570, 571, 572, 573, 574, 575, 576, 577, 578, 579, 581, 582, 583, 584, 585, 588, 589, 590, 591, 594, 595, 596, 597, 598, 599, 600, 601, 602, 603, 604, 605, 606, 607, 608, 609, 610, 611, 612, 613, 614, 615, 616, 617, 620, 621], "excluded_lines": [], "start_line": 1}}}, "demo_workspace_instructions.py": {"executed_lines": [], "summary": {"covered_lines": 0, "num_statements": 175, "percent_covered": 0.0, "percent_covered_display": "0", "missing_lines": 175, "excluded_lines": 0, "percent_statements_covered": 0.0, "percent_statements_covered_display": "0"}, "missing_lines": [10, 11, 12, 15, 28, 51, 53, 54, 55, 56, 57, 58, 59, 60, 61, 62, 64, 67, 78, 86, 98, 100, 101, 102, 103, 104, 105, 106, 107, 108, 109, 110, 111, 112, 113, 114, 115, 116, 117, 118, 119, 120, 121, 122, 123, 124, 125, 126, 127, 128, 129, 130, 131, 132, 133, 134, 135, 136, 137, 139, 142, 152, 153, 154, 157, 163, 164, 165, 166, 167, 168, 169, 170, 173, 178, 179, 180, 181, 182, 183, 184, 185, 187, 188, 189, 190, 191, 192, 193, 194, 197, 198, 199, 200, 203, 204, 205, 206, 207, 208, 209, 212, 213, 214, 215, 216, 217, 218, 219, 222, 233, 234, 235, 236, 237, 238, 239, 240, 241, 242, 243, 244, 245, 246, 247, 250, 253, 254, 255, 256, 257, 258, 259, 260, 263, 266, 268, 270, 271, 272, 273, 274, 275, 276, 277, 279, 280, 281, 283, 284, 285, 286, 287, 290, 291, 292, 293, 296, 297, 298, 299, 300, 301, 302, 303, 304, 305, 306, 307, 308, 309, 310, 311, 314, 315], "excluded_lines": [], "functions": {"task_1_add_coastal_resilience_competence": {"executed_lines": [], "summary": {"covered_lines": 0, "num_statements": 13, "percent_covered": 0.0, "percent_covered_display": "0", "missing_lines": 13, "excluded_lines": 0, "percent_statements_covered": 0.0, "percent_statements_covered_display": "0"}, "missing_lines": [28, 51, 53, 54, 55, 56, 57, 58, 59, 60, 61, 62, 64], "excluded_lines": [], "start_line": 15}, "task_2_create_port_sustainability_credential": {"executed_lines": [], "summary": {"covered_lines": 0, "num_statements": 42, "percent_covered": 0.0, "percent_covered_display": "0", "missing_lines": 42, "excluded_lines": 0, "percent_statements_covered": 0.0, "percent_statements_covered_display": "0"}, "missing_lines": [78, 86, 98, 100, 101, 102, 103, 104, 105, 106, 107, 108, 109, 110, 111, 112, 113, 114, 115, 116, 117, 118, 119, 120, 121, 122, 123, 124, 125, 126, 127, 128, 129, 130, 131, 132, 133, 134, 135, 136, 137, 139], "excluded_lines": [], "start_line": 67}, "task_3_analyze_renewable_energy_gaps": {"executed_lines": [], "summary": {"covered_lines": 0, "num_statements": 48, "percent_covered": 0.0, "percent_covered_display": "0", "missing_lines": 48, "excluded_lines": 0, "percent_statements_covered": 0.0, "percent_statements_covered_display": "0"}, "missing_lines": [152, 153, 154, 157, 163, 164, 165, 166, 167, 168, 169, 170, 173, 178, 179, 180, 181, 182, 183, 184, 185, 187, 188, 189, 190, 191, 192, 193, 194, 197, 198, 199, 200, 203, 204, 205, 206, 207, 208, 209, 212, 213, 214, 215, 216, 217, 218, 219], "excluded_lines": [], "start_line": 142}, "task_4_validate_type_safety": {"executed_lines": [], "summary": {"covered_lines": 0, "num_statements": 15, "percent_covered": 0.0, "percent_covered_display": "0", "missing_lines": 15, "excluded_lines": 0, "percent_statements_covered": 0.0, "percent_statements_covered_display": "0"}, "missing_lines": [233, 234, 235, 236, 237, 238, 239, 240, 241, 242, 243, 244, 245, 246, 247], "excluded_lines": [], "start_line": 222}, "main": {"executed_lines": [], "summary": {"covered_lines": 0, "num_statements": 47, "percent_covered": 0.0, "percent_covered_display": "0", "missing_lines": 47, "excluded_lines": 0, "percent_statements_covered": 0.0, "percent_statements_covered_display": "0"}, "missing_lines": [253, 254, 255, 256, 257, 258, 259, 260, 263, 266, 268, 270, 271, 272, 273, 274, 275, 276, 277, 279, 280, 281, 283, 284, 285, 286, 287, 290, 291, 292, 293, 296, 297, 298, 299, 300, 301, 302, 303, 304, 305, 306, 307, 308, 309, 310, 311], "excluded_lines": [], "start_line": 250}, "": {"executed_lines": [], "summary": {"covered_lines": 0, "num_statements": 10, "percent_covered": 0.0, "percent_covered_display": "0", "missing_lines": 10, "excluded_lines": 0, "percent_statements_covered": 0.0, "percent_statements_covered_display": "0"}, "missing_lines": [10, 11, 12, 15, 67, 142, 222, 250, 314, 315], "excluded_lines": [], "start_line": 1}}, "classes": {"": {"executed_lines": [], "summary": {"covered_lines": 0, "num_statements": 175, "percent_covered": 0.0, "percent_covered_display": "0", "missing_lines": 175, "excluded_lines": 0, "percent_statements_covered": 0.0, "percent_statements_covered_display": "0"}, "missing_lines": [10, 11, 12, 15, 28, 51, 53, 54, 55, 56, 57, 58, 59, 60, 61, 62, 64, 67, 78, 86, 98, 100, 101, 102, 103, 104, 105, 106, 107, 108, 109, 110, 111, 112, 113, 114, 115, 116, 117, 118, 119, 120, 121, 122, 123, 124, 125, 126, 127, 128, 129, 130, 131, 132, 133, 134, 135, 136, 137, 139, 142, 152, 153, 154, 157, 163, 164, 165, 166, 167, 168, 169, 170, 173, 178, 179, 180, 181, 182, 183, 184, 185, 187, 188, 189, 190, 191, 192, 193, 194, 197, 198, 199, 200, 203, 204, 205, 206, 207, 208, 209, 212, 213, 214, 215, 216, 217, 218, 219, 222, 233, 234, 235, 236, 237, 238, 239, 240, 241, 242, 243, 244, 245, 246, 247, 250, 253, 254, 255, 256, 257, 258, 259, 260, 263, 266, 268, 270, 271, 272, 273, 274, 275, 276, 277, 279, 280, 281, 283, 284, 285, 286, 287, 290, 291, 292, 293, 296, 297, 298, 299, 300, 301, 302, 303, 304, 305, 306, 307, 308, 309, 310, 311, 314, 315], "excluded_lines": [], "start_line": 1}}}, "fix_all_md.py": {"executed_lines": [], "summary": {"covered_lines": 0, "num_statements": 10, "percent_covered": 0.0, "percent_covered_display": "0", "missing_lines": 10, "excluded_lines": 0, "percent_statements_covered": 0.0, "percent_statements_covered_display": "0"}, "missing_lines": [2, 5, 6, 9, 12, 15, 18, 19, 21, 22], "excluded_lines": [], "functions": {"": {"executed_lines": [], "summary": {"covered_lines": 0, "num_statements": 10, "percent_covered": 0.0, "percent_covered_display": "0", "missing_lines": 10, "excluded_lines": 0, "percent_statements_covered": 0.0, "percent_statements_covered_display": "0"}, "missing_lines": [2, 5, 6, 9, 12, 15, 18, 19, 21, 22], "excluded_lines": [], "start_line": 1}}, "classes": {"": {"executed_lines": [], "summary": {"covered_lines": 0, "num_statements": 10, "percent_covered": 0.0, "percent_covered_display": "0", "missing_lines": 10, "excluded_lines": 0, "percent_statements_covered": 0.0, "percent_statements_covered_display": "0"}, "missing_lines": [2, 5, 6, 9, 12, 15, 18, 19, 21, 22], "excluded_lines": [], "start_line": 1}}}, "fix_markdown.py": {"executed_lines": [], "summary": {"covered_lines": 0, "num_statements": 14, "percent_covered": 0.0, "percent_covered_display": "0", "missing_lines": 14, "excluded_lines": 0, "percent_statements_covered": 0.0, "percent_statements_covered_display": "0"}, "missing_lines": [1, 4, 5, 8, 9, 12, 13, 14, 17, 20, 21, 23, 24, 25], "excluded_lines": [], "functions": {"": {"executed_lines": [], "summary": {"covered_lines": 0, "num_statements": 14, "percent_covered": 0.0, "percent_covered_display": "0", "missing_lines": 14, "excluded_lines": 0, "percent_statements_covered": 0.0, "percent_statements_covered_display": "0"}, "missing_lines": [1, 4, 5, 8, 9, 12, 13, 14, 17, 20, 21, 23, 24, 25], "excluded_lines": [], "start_line": 1}}, "classes": {"": {"executed_lines": [], "summary": {"covered_lines": 0, "num_statements": 14, "percent_covered": 0.0, "percent_covered_display": "0", "missing_lines": 14, "excluded_lines": 0, "percent_statements_covered": 0.0, "percent_statements_covered_display": "0"}, "missing_lines": [1, 4, 5, 8, 9, 12, 13, 14, 17, 20, 21, 23, 24, 25], "excluded_lines": [], "start_line": 1}}}, "fix_markdown_bulk.py": {"executed_lines": [], "summary": {"covered_lines": 0, "num_statements": 32, "percent_covered": 0.0, "percent_covered_display": "0", "missing_lines": 32, "excluded_lines": 0, "percent_statements_covered": 0.0, "percent_statements_covered_display": "0"}, "missing_lines": [3, 4, 5, 7, 9, 10, 13, 14, 15, 18, 21, 24, 25, 26, 30, 34, 37, 40, 42, 43, 45, 48, 51, 52, 53, 54, 55, 56, 57, 58, 59, 61], "excluded_lines": [], "functions": {"fix_markdown_file": {"executed_lines": [], "summary": {"covered_lines": 0, "num_statements": 17, "percent_covered": 0.0, "percent_covered_display": "0", "missing_lines": 17, "excluded_lines": 0, "percent_statements_covered": 0.0, "percent_statements_covered_display": "0"}, "missing_lines": [9, 10, 13, 14, 15, 18, 21, 24, 25, 26, 30, 34, 37, 40, 42, 43, 45], "excluded_lines": [], "start_line": 7}, "": {"executed_lines": [], "summary": {"covered_lines": 0, "num_statements": 15, "percent_covered": 0.0, "percent_covered_display": "0", "missing_lines": 15, "excluded_lines": 0, "percent_statements_covered": 0.0, "percent_statements_covered_display": "0"}, "missing_lines": [3, 4, 5, 7, 48, 51, 52, 53, 54, 55, 56, 57, 58, 59, 61], "excluded_lines": [], "start_line": 1}}, "classes": {"": {"executed_lines": [], "summary": {"covered_lines": 0, "num_statements": 32, "percent_covered": 0.0, "percent_covered_display": "0", "missing_lines": 32, "excluded_lines": 0, "percent_statements_covered": 0.0, "percent_statements_covered_display": "0"}, "missing_lines": [3, 4, 5, 7, 9, 10, 13, 14, 15, 18, 21, 24, 25, 26, 30, 34, 37, 40, 42, 43, 45, 48, 51, 52, 53, 54, 55, 56, 57, 58, 59, 61], "excluded_lines": [], "start_line": 1}}}, "load_real_competences.py": {"executed_lines": [9, 10, 11, 12, 15, 24, 26, 33, 36, 42, 44, 45, 47, 49, 50, 52, 54, 55, 56, 60, 61, 64, 67, 70, 84, 85, 88, 89, 91, 94, 95, 96, 97, 98, 100, 102, 105, 157], "summary": {"covered_lines": 38, "num_statements": 67, "percent_covered": 56.71641791044776, "percent_covered_display": "57", "missing_lines": 29, "excluded_lines": 0, "percent_statements_covered": 56.71641791044776, "percent_statements_covered_display": "57"}, "missing_lines": [92, 109, 110, 117, 118, 119, 122, 125, 126, 128, 129, 130, 131, 134, 135, 136, 137, 138, 139, 142, 143, 144, 146, 150, 151, 153, 154, 158, 160], "excluded_lines": [], "functions": {"map_dimension_to_axis": {"executed_lines": [24, 26, 33], "summary": {"covered_lines": 3, "num_statements": 3, "percent_covered": 100.0, "percent_covered_display": "100", "missing_lines": 0, "excluded_lines": 0, "percent_statements_covered": 100.0, "percent_statements_covered_display": "100"}, "missing_lines": [], "excluded_lines": [], "start_line": 15}, "load_blue_competences": {"executed_lines": [42, 44, 45, 47, 49, 50, 52, 54, 55, 56, 60, 61, 64, 67, 70, 84, 85, 88, 89, 91, 94, 95, 96, 97, 98, 100, 102], "summary": {"covered_lines": 27, "num_statements": 28, "percent_covered": 96.42857142857143, "percent_covered_display": "96", "missing_lines": 1, "excluded_lines": 0, "percent_statements_covered": 96.42857142857143, "percent_statements_covered_display": "96"}, "missing_lines": [92], "excluded_lines": [], "start_line": 36}, "main": {"executed_lines": [], "summary": {"covered_lines": 0, "num_statements": 26, "percent_covered": 0.0, "percent_covered_display": "0", "missing_lines": 26, "excluded_lines": 0, "percent_statements_covered": 0.0, "percent_statements_covered_display": "0"}, "missing_lines": [109, 110, 117, 118, 119, 122, 125, 126, 128, 129, 130, 131, 134, 135, 136, 137, 138, 139, 142, 143, 144, 146, 150, 151, 153, 154], "excluded_lines": [], "start_line": 105}, "": {"executed_lines": [9, 10, 11, 12, 15, 36, 105, 157], "summary": {"covered_lines": 8, "num_statements": 10, "percent_covered": 80.0, "percent_covered_display": "80", "missing_lines": 2, "excluded_lines": 0, "percent_statements_covered": 80.0, "percent_statements_covered_display": "80"}, "missing_lines": [158, 160], "excluded_lines": [], "start_line": 1}}, "classes": {"": {"executed_lines": [9, 10, 11, 12, 15, 24, 26, 33, 36, 42, 44, 45, 47, 49, 50, 52, 54, 55, 56, 60, 61, 64, 67, 70, 84, 85, 88, 89, 91, 94, 95, 96, 97, 98, 100, 102, 105, 157], "summary": {"covered_lines": 38, "num_statements": 67, "percent_covered": 56.71641791044776, "percent_covered_display": "57", "missing_lines": 29, "excluded_lines": 0, "percent_statements_covered": 56.71641791044776, "percent_statements_covered_display": "57"}, "missing_lines": [92, 109, 110, 117, 118, 119, 122, 125, 126, 128, 129, 130, 131, 134, 135, 136, 137, 138, 139, 142, 143, 144, 146, 150, 151, 153, 154, 158, 160], "excluded_lines": [], "start_line": 1}}}, "main.py": {"executed_lines": [], "summary": {"covered_lines": 0, "num_statements": 65, "percent_covered": 0.0, "percent_covered_display": "0", "missing_lines": 65, "excluded_lines": 0, "percent_statements_covered": 0.0, "percent_statements_covered_display": "0"}, "missing_lines": [8, 9, 16, 19, 21, 22, 23, 24, 27, 30, 31, 32, 33, 34, 35, 38, 39, 56, 57, 58, 59, 62, 63, 64, 65, 66, 67, 68, 69, 70, 71, 72, 75, 76, 77, 78, 82, 83, 84, 85, 86, 87, 90, 91, 92, 93, 94, 95, 96, 98, 99, 100, 101, 102, 103, 104, 105, 106, 107, 110, 111, 112, 113, 114, 115], "excluded_lines": [], "functions": {"main": {"executed_lines": [], "summary": {"covered_lines": 0, "num_statements": 55, "percent_covered": 0.0, "percent_covered_display": "0", "missing_lines": 55, "excluded_lines": 0, "percent_statements_covered": 0.0, "percent_statements_covered_display": "0"}, "missing_lines": [21, 22, 23, 24, 27, 30, 31, 32, 33, 34, 35, 38, 39, 56, 57, 58, 59, 62, 63, 64, 65, 66, 67, 68, 69, 70, 71, 72, 75, 76, 77, 78, 82, 83, 84, 85, 86, 87, 90, 91, 92, 93, 94, 95, 96, 98, 99, 100, 101, 102, 103, 104, 105, 106, 107], "excluded_lines": [], "start_line": 19}, "": {"executed_lines": [], "summary": {"covered_lines": 0, "num_statements": 10, "percent_covered": 0.0, "percent_covered_display": "0", "missing_lines": 10, "excluded_lines": 0, "percent_statements_covered": 0.0, "percent_statements_covered_display": "0"}, "missing_lines": [8, 9, 16, 19, 110, 111, 112, 113, 114, 115], "excluded_lines": [], "start_line": 1}}, "classes": {"": {"executed_lines": [], "summary": {"covered_lines": 0, "num_statements": 65, "percent_covered": 0.0, "percent_covered_display": "0", "missing_lines": 65, "excluded_lines": 0, "percent_statements_covered": 0.0, "percent_statements_covered_display": "0"}, "missing_lines": [8, 9, 16, 19, 21, 22, 23, 24, 27, 30, 31, 32, 33, 34, 35, 38, 39, 56, 57, 58, 59, 62, 63, 64, 65, 66, 67, 68, 69, 70, 71, 72, 75, 76, 77, 78, 82, 83, 84, 85, 86, 87, 90, 91, 92, 93, 94, 95, 96, 98, 99, 100, 101, 102, 103, 104, 105, 106, 107, 110, 111, 112, 113, 114, 115], "excluded_lines": [], "start_line": 1}}}, "main_real_data.py": {"executed_lines": [], "summary": {"covered_lines": 0, "num_statements": 78, "percent_covered": 0.0, "percent_covered_display": "0", "missing_lines": 78, "excluded_lines": 0, "percent_statements_covered": 0.0, "percent_statements_covered_display": "0"}, "missing_lines": [9, 10, 11, 12, 13, 16, 19, 20, 21, 22, 25, 28, 29, 30, 32, 33, 34, 36, 37, 40, 41, 42, 43, 44, 47, 50, 51, 52, 54, 78, 79, 80, 81, 84, 85, 86, 87, 88, 91, 92, 93, 95, 96, 101, 102, 104, 105, 106, 107, 108, 109, 110, 113, 114, 115, 116, 117, 118, 119, 121, 122, 123, 124, 125, 126, 127, 128, 129, 130, 131, 132, 133, 134, 135, 136, 138, 141, 142], "excluded_lines": [], "functions": {"main": {"executed_lines": [], "summary": {"covered_lines": 0, "num_statements": 70, "percent_covered": 0.0, "percent_covered_display": "0", "missing_lines": 70, "excluded_lines": 0, "percent_statements_covered": 0.0, "percent_statements_covered_display": "0"}, "missing_lines": [19, 20, 21, 22, 25, 28, 29, 30, 32, 33, 34, 36, 37, 40, 41, 42, 43, 44, 47, 50, 51, 52, 54, 78, 79, 80, 81, 84, 85, 86, 87, 88, 91, 92, 93, 95, 96, 101, 102, 104, 105, 106, 107, 108, 109, 110, 113, 114, 115, 116, 117, 118, 119, 121, 122, 123, 124, 125, 126, 127, 128, 129, 130, 131, 132, 133, 134, 135, 136, 138], "excluded_lines": [], "start_line": 16}, "": {"executed_lines": [], "summary": {"covered_lines": 0, "num_statements": 8, "percent_covered": 0.0, "percent_covered_display": "0", "missing_lines": 8, "excluded_lines": 0, "percent_statements_covered": 0.0, "percent_statements_covered_display": "0"}, "missing_lines": [9, 10, 11, 12, 13, 16, 141, 142], "excluded_lines": [], "start_line": 1}}, "classes": {"": {"executed_lines": [], "summary": {"covered_lines": 0, "num_statements": 78, "percent_covered": 0.0, "percent_covered_display": "0", "missing_lines": 78, "excluded_lines": 0, "percent_statements_covered": 0.0, "percent_statements_covered_display": "0"}, "missing_lines": [9, 10, 11, 12, 13, 16, 19, 20, 21, 22, 25, 28, 29, 30, 32, 33, 34, 36, 37, 40, 41, 42, 43, 44, 47, 50, 51, 52, 54, 78, 79, 80, 81, 84, 85, 86, 87, 88, 91, 92, 93, 95, 96, 101, 102, 104, 105, 106, 107, 108, 109, 110, 113, 114, 115, 116, 117, 118, 119, 121, 122, 123, 124, 125, 126, 127, 128, 129, 130, 131, 132, 133, 134, 135, 136, 138, 141, 142], "excluded_lines": [], "start_line": 1}}}, "run_full_analysis.py": {"executed_lines": [24, 25, 26, 27, 28, 29, 30, 31, 32, 33, 34, 36, 40, 42, 47, 52, 53, 54, 55, 56, 59, 75, 91, 117, 120, 121, 122, 125, 128, 129, 130, 131, 134, 135, 138, 139, 140, 141, 142, 143, 145, 146, 152, 153, 156, 157, 158, 159, 160, 161, 162, 163, 165, 187, 188, 191, 192, 193, 194, 195, 196, 197, 198, 199, 200, 201, 202, 204, 221, 222, 225, 226, 227, 228, 229, 230, 233, 234, 237, 238, 239, 240, 246, 274, 302, 330, 347, 359, 363, 369, 439, 519, 524, 657, 678, 681, 682, 683, 685, 686, 688, 690, 691, 692, 693, 695, 696, 699, 701, 703, 706, 707, 708, 709, 711, 719, 723, 724, 731, 782, 798, 818, 820, 821, 822, 824, 826, 827, 828, 830, 831, 832, 835, 836, 837, 839, 842, 845, 846, 847, 848, 878, 879, 880, 881, 911, 912, 913, 914, 948, 949, 984, 985, 993, 1052, 1088, 1110, 1128, 1150, 1165, 1166, 1167, 1169, 1170, 1171, 1174, 1176, 1183, 1242, 1254, 1255, 1256, 1259, 1267, 1268, 1270, 1276, 1280, 1302, 1303, 1304, 1310, 1312, 1313, 1314, 1318, 1319, 1320, 1321, 1322, 1323, 1329, 1331, 1335, 1336, 1337, 1340, 1346, 1351, 1352, 1353, 1354, 1355, 1356, 1363, 1364, 1365, 1368, 1369, 1370, 1375, 1380, 1383, 1400, 1403, 1404, 1405, 1408, 1413, 1418, 1419, 1420, 1421, 1422, 1426, 1427, 1433, 1436, 1449, 1451, 1454, 1455, 1456, 1459, 1464, 1469, 1470, 1472, 1473, 1474, 1476, 1477, 1478, 1483, 1484, 1489, 1491, 1492, 1493, 1494, 1495, 1523, 1526, 1527, 1528, 1536, 1662], "summary": {"covered_lines": 257, "num_statements": 457, "percent_covered": 56.2363238512035, "percent_covered_display": "56", "missing_lines": 200, "excluded_lines": 0, "percent_statements_covered": 56.2363238512035, "percent_statements_covered_display": "56"}, "missing_lines": [148, 149, 166, 205, 332, 333, 338, 339, 340, 341, 379, 380, 382, 384, 385, 386, 388, 391, 392, 393, 394, 395, 396, 397, 398, 399, 400, 402, 403, 406, 407, 408, 409, 410, 412, 416, 417, 430, 431, 521, 544, 545, 547, 549, 550, 551, 552, 553, 554, 555, 557, 558, 559, 560, 563, 564, 565, 566, 568, 569, 570, 571, 572, 573, 574, 575, 576, 578, 579, 582, 583, 584, 585, 588, 589, 592, 595, 596, 599, 600, 603, 604, 606, 616, 617, 639, 641, 648, 649, 1008, 1011, 1012, 1013, 1016, 1017, 1018, 1019, 1021, 1023, 1024, 1025, 1026, 1027, 1028, 1030, 1031, 1032, 1034, 1043, 1044, 1057, 1058, 1059, 1071, 1072, 1073, 1085, 1094, 1105, 1106, 1107, 1115, 1123, 1124, 1125, 1133, 1145, 1146, 1147, 1384, 1385, 1386, 1387, 1388, 1389, 1390, 1391, 1398, 1497, 1498, 1499, 1500, 1501, 1502, 1506, 1507, 1511, 1512, 1521, 1552, 1553, 1554, 1557, 1558, 1561, 1562, 1563, 1565, 1568, 1570, 1571, 1574, 1575, 1576, 1578, 1586, 1589, 1592, 1595, 1596, 1599, 1600, 1601, 1602, 1607, 1610, 1611, 1618, 1619, 1620, 1623, 1624, 1625, 1626, 1627, 1633, 1636, 1637, 1638, 1639, 1649, 1650, 1651, 1652, 1653, 1654, 1657, 1658, 1659, 1663], "excluded_lines": [], "functions": {"CompetenceSource.github_url": {"executed_lines": [], "summary": {"covered_lines": 0, "num_statements": 2, "percent_covered": 0.0, "percent_covered_display": "0", "missing_lines": 2, "excluded_lines": 0, "percent_statements_covered": 0.0, "percent_statements_covered_display": "0"}, "missing_lines": [148, 149], "excluded_lines": [], "start_line": 146}, "Competence.to_dict": {"executed_lines": [], "summary": {"covered_lines": 0, "num_statements": 1, "percent_covered": 0.0, "percent_covered_display": "0", "missing_lines": 1, "excluded_lines": 0, "percent_statements_covered": 0.0, "percent_statements_covered_display": "0"}, "missing_lines": [166], "excluded_lines": [], "start_line": 165}, "MicroCredential.to_dict": {"executed_lines": [], "summary": {"covered_lines": 0, "num_statements": 1, "percent_covered": 0.0, "percent_covered_display": "0", "missing_lines": 1, "excluded_lines": 0, "percent_statements_covered": 0.0, "percent_statements_covered_display": "0"}, "missing_lines": [205], "excluded_lines": [], "start_line": 204}, "_detect_axis": {"executed_lines": [], "summary": {"covered_lines": 0, "num_statements": 6, "percent_covered": 0.0, "percent_covered_display": "0", "missing_lines": 6, "excluded_lines": 0, "percent_statements_covered": 0.0, "percent_statements_covered_display": "0"}, "missing_lines": [332, 333, 338, 339, 340, 341], "excluded_lines": [], "start_line": 330}, "load_baseline_competences": {"executed_lines": [], "summary": {"covered_lines": 0, "num_statements": 29, "percent_covered": 0.0, "percent_covered_display": "0", "missing_lines": 29, "excluded_lines": 0, "percent_statements_covered": 0.0, "percent_statements_covered_display": "0"}, "missing_lines": [379, 380, 382, 384, 385, 386, 388, 391, 392, 393, 394, 395, 396, 397, 398, 399, 400, 402, 403, 406, 407, 408, 409, 410, 412, 416, 417, 430, 431], "excluded_lines": [], "start_line": 369}, "_slugify": {"executed_lines": [], "summary": {"covered_lines": 0, "num_statements": 1, "percent_covered": 0.0, "percent_covered_display": "0", "missing_lines": 1, "excluded_lines": 0, "percent_statements_covered": 0.0, "percent_statements_covered_display": "0"}, "missing_lines": [521], "excluded_lines": [], "start_line": 519}, "extract_literature_competences": {"executed_lines": [], "summary": {"covered_lines": 0, "num_statements": 49, "percent_covered": 0.0, "percent_covered_display": "0", "missing_lines": 49, "excluded_lines": 0, "percent_statements_covered": 0.0, "percent_statements_covered_display": "0"}, "missing_lines": [544, 545, 547, 549, 550, 551, 552, 553, 554, 555, 557, 558, 559, 560, 563, 564, 565, 566, 568, 569, 570, 571, 572, 573, 574, 575, 576, 578, 579, 582, 583, 584, 585, 588, 589, 592, 595, 596, 599, 600, 603, 604, 606, 616, 617, 639, 641, 648, 649], "excluded_lines": [], "start_line": 524}, "run_gap_analysis": {"executed_lines": [678, 681, 682, 683, 685, 686, 688, 690, 691, 692, 693, 695, 696, 699, 701, 703, 706, 707, 708, 709, 711, 719, 723, 724], "summary": {"covered_lines": 24, "num_statements": 24, "percent_covered": 100.0, "percent_covered_display": "100", "missing_lines": 0, "excluded_lines": 0, "percent_statements_covered": 100.0, "percent_statements_covered_display": "100"}, "missing_lines": [], "excluded_lines": [], "start_line": 657}, "generate_micro_credentials": {"executed_lines": [818, 820, 821, 822, 824, 826, 827, 828, 830, 831, 832, 835, 836, 837, 839, 842, 845, 846, 847, 848, 878, 879, 880, 881, 911, 912, 913, 914, 948, 949, 984, 985], "summary": {"covered_lines": 32, "num_statements": 32, "percent_covered": 100.0, "percent_covered_display": "100", "missing_lines": 0, "excluded_lines": 0, "percent_statements_covered": 100.0, "percent_statements_covered_display": "100"}, "missing_lines": [], "excluded_lines": [], "start_line": 798}, "compute_sector_pathways": {"executed_lines": [], "summary": {"covered_lines": 0, "num_statements": 21, "percent_covered": 0.0, "percent_covered_display": "0", "missing_lines": 21, "excluded_lines": 0, "percent_statements_covered": 0.0, "percent_statements_covered_display": "0"}, "missing_lines": [1008, 1011, 1012, 1013, 1016, 1017, 1018, 1019, 1021, 1023, 1024, 1025, 1026, 1027, 1028, 1030, 1031, 1032, 1034, 1043, 1044], "excluded_lines": [], "start_line": 993}, "export_gaps_summary_csv": {"executed_lines": [], "summary": {"covered_lines": 0, "num_statements": 7, "percent_covered": 0.0, "percent_covered_display": "0", "missing_lines": 7, "excluded_lines": 0, "percent_statements_covered": 0.0, "percent_statements_covered_display": "0"}, "missing_lines": [1057, 1058, 1059, 1071, 1072, 1073, 1085], "excluded_lines": [], "start_line": 1052}, "export_competences_json": {"executed_lines": [], "summary": {"covered_lines": 0, "num_statements": 4, "percent_covered": 0.0, "percent_covered_display": "0", "missing_lines": 4, "excluded_lines": 0, "percent_statements_covered": 0.0, "percent_statements_covered_display": "0"}, "missing_lines": [1094, 1105, 1106, 1107], "excluded_lines": [], "start_line": 1088}, "export_credentials_json": {"executed_lines": [], "summary": {"covered_lines": 0, "num_statements": 4, "percent_covered": 0.0, "percent_covered_display": "0", "missing_lines": 4, "excluded_lines": 0, "percent_statements_covered": 0.0, "percent_statements_covered_display": "0"}, "missing_lines": [1115, 1123, 1124, 1125], "excluded_lines": [], "start_line": 1110}, "export_pathways_json": {"executed_lines": [], "summary": {"covered_lines": 0, "num_statements": 4, "percent_covered": 0.0, "percent_covered_display": "0", "missing_lines": 4, "excluded_lines": 0, "percent_statements_covered": 0.0, "percent_statements_covered_display": "0"}, "missing_lines": [1133, 1145, 1146, 1147], "excluded_lines": [], "start_line": 1128}, "export_sector_dictionaries": {"executed_lines": [1165, 1166, 1167, 1169, 1170, 1171, 1174, 1176], "summary": {"covered_lines": 8, "num_statements": 8, "percent_covered": 100.0, "percent_covered_display": "100", "missing_lines": 0, "excluded_lines": 0, "percent_statements_covered": 100.0, "percent_statements_covered_display": "100"}, "missing_lines": [], "excluded_lines": [], "start_line": 1150}, "_axis_badge": {"executed_lines": [1255, 1256], "summary": {"covered_lines": 2, "num_statements": 2, "percent_covered": 100.0, "percent_covered_display": "100", "missing_lines": 0, "excluded_lines": 0, "percent_statements_covered": 100.0, "percent_statements_covered_display": "100"}, "missing_lines": [], "excluded_lines": [], "start_line": 1254}, "generate_report_index": {"executed_lines": [1267, 1268, 1270, 1276, 1280, 1302, 1303, 1304, 1310, 1312, 1313, 1314, 1318, 1319, 1320, 1321, 1322, 1323, 1329, 1331, 1335, 1336, 1337], "summary": {"covered_lines": 23, "num_statements": 23, "percent_covered": 100.0, "percent_covered_display": "100", "missing_lines": 0, "excluded_lines": 0, "percent_statements_covered": 100.0, "percent_statements_covered_display": "100"}, "missing_lines": [], "excluded_lines": [], "start_line": 1259}, "generate_gaps_html": {"executed_lines": [1346, 1351, 1352, 1353, 1354, 1355, 1356, 1363, 1364, 1365, 1368, 1369, 1370, 1375, 1380, 1383, 1400, 1403, 1404, 1405], "summary": {"covered_lines": 20, "num_statements": 29, "percent_covered": 68.96551724137932, "percent_covered_display": "69", "missing_lines": 9, "excluded_lines": 0, "percent_statements_covered": 68.96551724137932, "percent_statements_covered_display": "69"}, "missing_lines": [1384, 1385, 1386, 1387, 1388, 1389, 1390, 1391, 1398], "excluded_lines": [], "start_line": 1340}, "generate_credentials_html": {"executed_lines": [1413, 1418, 1419, 1420, 1421, 1422, 1426, 1427, 1433, 1436, 1449, 1451, 1454, 1455, 1456], "summary": {"covered_lines": 15, "num_statements": 15, "percent_covered": 100.0, "percent_covered_display": "100", "missing_lines": 0, "excluded_lines": 0, "percent_statements_covered": 100.0, "percent_statements_covered_display": "100"}, "missing_lines": [], "excluded_lines": [], "start_line": 1408}, "generate_literature_html": {"executed_lines": [1464, 1469, 1470, 1472, 1473, 1474, 1476, 1477, 1478, 1483, 1484, 1489, 1491, 1492, 1493, 1494, 1495, 1523, 1526, 1527, 1528], "summary": {"covered_lines": 21, "num_statements": 32, "percent_covered": 65.625, "percent_covered_display": "66", "missing_lines": 11, "excluded_lines": 0, "percent_statements_covered": 65.625, "percent_statements_covered_display": "66"}, "missing_lines": [1497, 1498, 1499, 1500, 1501, 1502, 1506, 1507, 1511, 1512, 1521], "excluded_lines": [], "start_line": 1459}, "main": {"executed_lines": [], "summary": {"covered_lines": 0, "num_statements": 50, "percent_covered": 0.0, "percent_covered_display": "0", "missing_lines": 50, "excluded_lines": 0, "percent_statements_covered": 0.0, "percent_statements_covered_display": "0"}, "missing_lines": [1552, 1553, 1554, 1557, 1558, 1561, 1562, 1563, 1565, 1568, 1570, 1571, 1574, 1575, 1576, 1578, 1586, 1589, 1592, 1595, 1596, 1599, 1600, 1601, 1602, 1607, 1610, 1611, 1618, 1619, 1620, 1623, 1624, 1625, 1626, 1627, 1633, 1636, 1637, 1638, 1639, 1649, 1650, 1651, 1652, 1653, 1654, 1657, 1658, 1659], "excluded_lines": [], "start_line": 1536}, "": {"executed_lines": [24, 25, 26, 27, 28, 29, 30, 31, 32, 33, 34, 36, 40, 42, 47, 52, 53, 54, 55, 56, 59, 75, 91, 117, 120, 121, 122, 125, 128, 129, 130, 131, 134, 135, 138, 139, 140, 141, 142, 143, 145, 146, 152, 153, 156, 157, 158, 159, 160, 161, 162, 163, 165, 187, 188, 191, 192, 193, 194, 195, 196, 197, 198, 199, 200, 201, 202, 204, 221, 222, 225, 226, 227, 228, 229, 230, 233, 234, 237, 238, 239, 240, 246, 274, 302, 330, 347, 359, 363, 369, 439, 519, 524, 657, 731, 782, 798, 993, 1052, 1088, 1110, 1128, 1150, 1183, 1242, 1254, 1259, 1340, 1408, 1459, 1536, 1662], "summary": {"covered_lines": 112, "num_statements": 113, "percent_covered": 99.11504424778761, "percent_covered_display": "99", "missing_lines": 1, "excluded_lines": 0, "percent_statements_covered": 99.11504424778761, "percent_statements_covered_display": "99"}, "missing_lines": [1663], "excluded_lines": [], "start_line": 1}}, "classes": {"TMBDAxis": {"executed_lines": [], "summary": {"covered_lines": 0, "num_statements": 0, "percent_covered": 100.0, "percent_covered_display": "100", "missing_lines": 0, "excluded_lines": 0, "percent_statements_covered": 100.0, "percent_statements_covered_display": "100"}, "missing_lines": [], "excluded_lines": [], "start_line": 117}, "EQFLevel": {"executed_lines": [], "summary": {"covered_lines": 0, "num_statements": 0, "percent_covered": 100.0, "percent_covered_display": "100", "missing_lines": 0, "excluded_lines": 0, "percent_statements_covered": 100.0, "percent_statements_covered_display": "100"}, "missing_lines": [], "excluded_lines": [], "start_line": 125}, "CompetenceSource": {"executed_lines": [], "summary": {"covered_lines": 0, "num_statements": 2, "percent_covered": 0.0, "percent_covered_display": "0", "missing_lines": 2, "excluded_lines": 0, "percent_statements_covered": 0.0, "percent_statements_covered_display": "0"}, "missing_lines": [148, 149], "excluded_lines": [], "start_line": 135}, "Competence": {"executed_lines": [], "summary": {"covered_lines": 0, "num_statements": 1, "percent_covered": 0.0, "percent_covered_display": "0", "missing_lines": 1, "excluded_lines": 0, "percent_statements_covered": 0.0, "percent_statements_covered_display": "0"}, "missing_lines": [166], "excluded_lines": [], "start_line": 153}, "MicroCredential": {"executed_lines": [], "summary": {"covered_lines": 0, "num_statements": 1, "percent_covered": 0.0, "percent_covered_display": "0", "missing_lines": 1, "excluded_lines": 0, "percent_statements_covered": 0.0, "percent_statements_covered_display": "0"}, "missing_lines": [205], "excluded_lines": [], "start_line": 188}, "GapAnalysis": {"executed_lines": [], "summary": {"covered_lines": 0, "num_statements": 0, "percent_covered": 100.0, "percent_covered_display": "100", "missing_lines": 0, "excluded_lines": 0, "percent_statements_covered": 100.0, "percent_statements_covered_display": "100"}, "missing_lines": [], "excluded_lines": [], "start_line": 222}, "SectorPathway": {"executed_lines": [], "summary": {"covered_lines": 0, "num_statements": 0, "percent_covered": 100.0, "percent_covered_display": "100", "missing_lines": 0, "excluded_lines": 0, "percent_statements_covered": 100.0, "percent_statements_covered_display": "100"}, "missing_lines": [], "excluded_lines": [], "start_line": 234}, "": {"executed_lines": [24, 25, 26, 27, 28, 29, 30, 31, 32, 33, 34, 36, 40, 42, 47, 52, 53, 54, 55, 56, 59, 75, 91, 117, 120, 121, 122, 125, 128, 129, 130, 131, 134, 135, 138, 139, 140, 141, 142, 143, 145, 146, 152, 153, 156, 157, 158, 159, 160, 161, 162, 163, 165, 187, 188, 191, 192, 193, 194, 195, 196, 197, 198, 199, 200, 201, 202, 204, 221, 222, 225, 226, 227, 228, 229, 230, 233, 234, 237, 238, 239, 240, 246, 274, 302, 330, 347, 359, 363, 369, 439, 519, 524, 657, 678, 681, 682, 683, 685, 686, 688, 690, 691, 692, 693, 695, 696, 699, 701, 703, 706, 707, 708, 709, 711, 719, 723, 724, 731, 782, 798, 818, 820, 821, 822, 824, 826, 827, 828, 830, 831, 832, 835, 836, 837, 839, 842, 845, 846, 847, 848, 878, 879, 880, 881, 911, 912, 913, 914, 948, 949, 984, 985, 993, 1052, 1088, 1110, 1128, 1150, 1165, 1166, 1167, 1169, 1170, 1171, 1174, 1176, 1183, 1242, 1254, 1255, 1256, 1259, 1267, 1268, 1270, 1276, 1280, 1302, 1303, 1304, 1310, 1312, 1313, 1314, 1318, 1319, 1320, 1321, 1322, 1323, 1329, 1331, 1335, 1336, 1337, 1340, 1346, 1351, 1352, 1353, 1354, 1355, 1356, 1363, 1364, 1365, 1368, 1369, 1370, 1375, 1380, 1383, 1400, 1403, 1404, 1405, 1408, 1413, 1418, 1419, 1420, 1421, 1422, 1426, 1427, 1433, 1436, 1449, 1451, 1454, 1455, 1456, 1459, 1464, 1469, 1470, 1472, 1473, 1474, 1476, 1477, 1478, 1483, 1484, 1489, 1491, 1492, 1493, 1494, 1495, 1523, 1526, 1527, 1528, 1536, 1662], "summary": {"covered_lines": 257, "num_statements": 453, "percent_covered": 56.73289183222958, "percent_covered_display": "57", "missing_lines": 196, "excluded_lines": 0, "percent_statements_covered": 56.73289183222958, "percent_statements_covered_display": "57"}, "missing_lines": [332, 333, 338, 339, 340, 341, 379, 380, 382, 384, 385, 386, 388, 391, 392, 393, 394, 395, 396, 397, 398, 399, 400, 402, 403, 406, 407, 408, 409, 410, 412, 416, 417, 430, 431, 521, 544, 545, 547, 549, 550, 551, 552, 553, 554, 555, 557, 558, 559, 560, 563, 564, 565, 566, 568, 569, 570, 571, 572, 573, 574, 575, 576, 578, 579, 582, 583, 584, 585, 588, 589, 592, 595, 596, 599, 600, 603, 604, 606, 616, 617, 639, 641, 648, 649, 1008, 1011, 1012, 1013, 1016, 1017, 1018, 1019, 1021, 1023, 1024, 1025, 1026, 1027, 1028, 1030, 1031, 1032, 1034, 1043, 1044, 1057, 1058, 1059, 1071, 1072, 1073, 1085, 1094, 1105, 1106, 1107, 1115, 1123, 1124, 1125, 1133, 1145, 1146, 1147, 1384, 1385, 1386, 1387, 1388, 1389, 1390, 1391, 1398, 1497, 1498, 1499, 1500, 1501, 1502, 1506, 1507, 1511, 1512, 1521, 1552, 1553, 1554, 1557, 1558, 1561, 1562, 1563, 1565, 1568, 1570, 1571, 1574, 1575, 1576, 1578, 1586, 1589, 1592, 1595, 1596, 1599, 1600, 1601, 1602, 1607, 1610, 1611, 1618, 1619, 1620, 1623, 1624, 1625, 1626, 1627, 1633, 1636, 1637, 1638, 1639, 1649, 1650, 1651, 1652, 1653, 1654, 1657, 1658, 1659, 1663], "excluded_lines": [], "start_line": 1}}}, "scientific_bridge.py": {"executed_lines": [], "summary": {"covered_lines": 0, "num_statements": 128, "percent_covered": 0.0, "percent_covered_display": "0", "missing_lines": 128, "excluded_lines": 0, "percent_statements_covered": 0.0, "percent_statements_covered_display": "0"}, "missing_lines": [33, 34, 35, 36, 37, 38, 41, 44, 45, 46, 48, 59, 66, 68, 74, 75, 76, 78, 79, 81, 82, 83, 84, 85, 86, 87, 89, 92, 93, 96, 97, 99, 100, 101, 102, 103, 104, 107, 115, 117, 119, 120, 122, 124, 125, 127, 128, 130, 131, 133, 134, 135, 136, 138, 140, 141, 143, 144, 146, 148, 150, 151, 153, 154, 164, 167, 168, 170, 175, 176, 178, 180, 182, 184, 186, 187, 197, 199, 200, 205, 206, 207, 208, 211, 212, 214, 215, 216, 217, 218, 219, 221, 228, 229, 231, 232, 241, 243, 246, 247, 293, 294, 295, 297, 298, 299, 301, 302, 303, 305, 307, 309, 310, 311, 312, 314, 315, 316, 318, 319, 320, 321, 325, 328, 330, 331, 334, 335], "excluded_lines": [], "functions": {"ScientificBridge.__init__": {"executed_lines": [], "summary": {"covered_lines": 0, "num_statements": 2, "percent_covered": 0.0, "percent_covered_display": "0", "missing_lines": 2, "excluded_lines": 0, "percent_statements_covered": 0.0, "percent_statements_covered_display": "0"}, "missing_lines": [45, 46], "excluded_lines": [], "start_line": 44}, "ScientificBridge.search_crossref": {"executed_lines": [], "summary": {"covered_lines": 0, "num_statements": 31, "percent_covered": 0.0, "percent_covered_display": "0", "missing_lines": 31, "excluded_lines": 0, "percent_statements_covered": 0.0, "percent_statements_covered_display": "0"}, "missing_lines": [59, 66, 68, 74, 75, 76, 78, 79, 81, 82, 83, 84, 85, 86, 87, 89, 92, 93, 96, 97, 99, 100, 101, 102, 103, 104, 107, 115, 117, 119, 120], "excluded_lines": [], "start_line": 48}, "ScientificBridge.format_citation_markdown": {"executed_lines": [], "summary": {"covered_lines": 0, "num_statements": 16, "percent_covered": 0.0, "percent_covered_display": "0", "missing_lines": 16, "excluded_lines": 0, "percent_statements_covered": 0.0, "percent_statements_covered_display": "0"}, "missing_lines": [124, 125, 127, 128, 130, 131, 133, 134, 135, 136, 138, 140, 141, 143, 144, 146], "excluded_lines": [], "start_line": 122}, "ScientificBridge.handle_fetch_scientific_proofs": {"executed_lines": [], "summary": {"covered_lines": 0, "num_statements": 12, "percent_covered": 0.0, "percent_covered_display": "0", "missing_lines": 12, "excluded_lines": 0, "percent_statements_covered": 0.0, "percent_statements_covered_display": "0"}, "missing_lines": [150, 151, 153, 154, 164, 167, 168, 170, 175, 176, 178, 180], "excluded_lines": [], "start_line": 148}, "ScientificBridge.handle_verify_citation": {"executed_lines": [], "summary": {"covered_lines": 0, "num_statements": 23, "percent_covered": 0.0, "percent_covered_display": "0", "missing_lines": 23, "excluded_lines": 0, "percent_statements_covered": 0.0, "percent_statements_covered_display": "0"}, "missing_lines": [184, 186, 187, 197, 199, 200, 205, 206, 207, 208, 211, 212, 214, 215, 216, 217, 218, 219, 221, 228, 229, 231, 232], "excluded_lines": [], "start_line": 182}, "ScientificBridge.handle_request": {"executed_lines": [], "summary": {"covered_lines": 0, "num_statements": 13, "percent_covered": 0.0, "percent_covered_display": "0", "missing_lines": 13, "excluded_lines": 0, "percent_statements_covered": 0.0, "percent_statements_covered_display": "0"}, "missing_lines": [243, 246, 247, 293, 294, 295, 297, 298, 299, 301, 302, 303, 305], "excluded_lines": [], "start_line": 241}, "ScientificBridge.run": {"executed_lines": [], "summary": {"covered_lines": 0, "num_statements": 12, "percent_covered": 0.0, "percent_covered_display": "0", "missing_lines": 12, "excluded_lines": 0, "percent_statements_covered": 0.0, "percent_statements_covered_display": "0"}, "missing_lines": [309, 310, 311, 312, 314, 315, 316, 318, 319, 320, 321, 325], "excluded_lines": [], "start_line": 307}, "main": {"executed_lines": [], "summary": {"covered_lines": 0, "num_statements": 2, "percent_covered": 0.0, "percent_covered_display": "0", "missing_lines": 2, "excluded_lines": 0, "percent_statements_covered": 0.0, "percent_statements_covered_display": "0"}, "missing_lines": [330, 331], "excluded_lines": [], "start_line": 328}, "": {"executed_lines": [], "summary": {"covered_lines": 0, "num_statements": 17, "percent_covered": 0.0, "percent_covered_display": "0", "missing_lines": 17, "excluded_lines": 0, "percent_statements_covered": 0.0, "percent_statements_covered_display": "0"}, "missing_lines": [33, 34, 35, 36, 37, 38, 41, 44, 48, 122, 148, 182, 241, 307, 328, 334, 335], "excluded_lines": [], "start_line": 1}}, "classes": {"ScientificBridge": {"executed_lines": [], "summary": {"covered_lines": 0, "num_statements": 109, "percent_covered": 0.0, "percent_covered_display": "0", "missing_lines": 109, "excluded_lines": 0, "percent_statements_covered": 0.0, "percent_statements_covered_display": "0"}, "missing_lines": [45, 46, 59, 66, 68, 74, 75, 76, 78, 79, 81, 82, 83, 84, 85, 86, 87, 89, 92, 93, 96, 97, 99, 100, 101, 102, 103, 104, 107, 115, 117, 119, 120, 124, 125, 127, 128, 130, 131, 133, 134, 135, 136, 138, 140, 141, 143, 144, 146, 150, 151, 153, 154, 164, 167, 168, 170, 175, 176, 178, 180, 184, 186, 187, 197, 199, 200, 205, 206, 207, 208, 211, 212, 214, 215, 216, 217, 218, 219, 221, 228, 229, 231, 232, 243, 246, 247, 293, 294, 295, 297, 298, 299, 301, 302, 303, 305, 309, 310, 311, 312, 314, 315, 316, 318, 319, 320, 321, 325], "excluded_lines": [], "start_line": 41}, "": {"executed_lines": [], "summary": {"covered_lines": 0, "num_statements": 19, "percent_covered": 0.0, "percent_covered_display": "0", "missing_lines": 19, "excluded_lines": 0, "percent_statements_covered": 0.0, "percent_statements_covered_display": "0"}, "missing_lines": [33, 34, 35, 36, 37, 38, 41, 44, 48, 122, 148, 182, 241, 307, 328, 330, 331, 334, 335], "excluded_lines": [], "start_line": 1}}}, "scripts/build_derived.py": {"executed_lines": [14, 16, 17, 18, 20, 22, 23, 24, 26, 32, 33, 34, 35, 36, 37, 40, 41, 42, 43, 44, 45, 46, 48, 49, 50, 52, 53, 56, 57, 58, 61, 62, 70, 73, 74, 75, 76, 77, 79, 80, 82, 83, 84, 85, 86, 87, 88, 89, 91, 92, 93, 94, 95, 96, 99, 100, 101, 103, 104, 105, 107, 108, 109, 111, 113, 116], "summary": {"covered_lines": 66, "num_statements": 67, "percent_covered": 98.50746268656717, "percent_covered_display": "99", "missing_lines": 1, "excluded_lines": 0, "percent_statements_covered": 98.50746268656717, "percent_statements_covered_display": "99"}, "missing_lines": [117], "excluded_lines": [], "functions": {"sanitize": {"executed_lines": [33, 34, 35, 36, 37], "summary": {"covered_lines": 5, "num_statements": 5, "percent_covered": 100.0, "percent_covered_display": "100", "missing_lines": 0, "excluded_lines": 0, "percent_statements_covered": 100.0, "percent_statements_covered_display": "100"}, "missing_lines": [], "excluded_lines": [], "start_line": 32}, "scan_excel_files": {"executed_lines": [41, 42, 43, 44, 45, 46, 48, 49, 50, 52, 53], "summary": {"covered_lines": 11, "num_statements": 11, "percent_covered": 100.0, "percent_covered_display": "100", "missing_lines": 0, "excluded_lines": 0, "percent_statements_covered": 100.0, "percent_statements_covered_display": "100"}, "missing_lines": [], "excluded_lines": [], "start_line": 40}, "export_sheet": {"executed_lines": [57, 58], "summary": {"covered_lines": 2, "num_statements": 2, "percent_covered": 100.0, "percent_covered_display": "100", "missing_lines": 0, "excluded_lines": 0, "percent_statements_covered": 100.0, "percent_statements_covered_display": "100"}, "missing_lines": [], "excluded_lines": [], "start_line": 56}, "write_datadict": {"executed_lines": [62, 70], "summary": {"covered_lines": 2, "num_statements": 2, "percent_covered": 100.0, "percent_covered_display": "100", "missing_lines": 0, "excluded_lines": 0, "percent_statements_covered": 100.0, "percent_statements_covered_display": "100"}, "missing_lines": [], "excluded_lines": [], "start_line": 61}, "main": {"executed_lines": [74, 75, 76, 77, 79, 80, 82, 83, 84, 85, 86, 87, 88, 89, 91, 92, 93, 94, 95, 96, 99, 100, 101, 103, 104, 105, 107, 108, 109, 111, 113], "summary": {"covered_lines": 31, "num_statements": 31, "percent_covered": 100.0, "percent_covered_display": "100", "missing_lines": 0, "excluded_lines": 0, "percent_statements_covered": 100.0, "percent_statements_covered_display": "100"}, "missing_lines": [], "excluded_lines": [], "start_line": 73}, "": {"executed_lines": [14, 16, 17, 18, 20, 22, 23, 24, 26, 32, 40, 56, 61, 73, 116], "summary": {"covered_lines": 15, "num_statements": 16, "percent_covered": 93.75, "percent_covered_display": "94", "missing_lines": 1, "excluded_lines": 0, "percent_statements_covered": 93.75, "percent_statements_covered_display": "94"}, "missing_lines": [117], "excluded_lines": [], "start_line": 1}}, "classes": {"": {"executed_lines": [14, 16, 17, 18, 20, 22, 23, 24, 26, 32, 33, 34, 35, 36, 37, 40, 41, 42, 43, 44, 45, 46, 48, 49, 50, 52, 53, 56, 57, 58, 61, 62, 70, 73, 74, 75, 76, 77, 79, 80, 82, 83, 84, 85, 86, 87, 88, 89, 91, 92, 93, 94, 95, 96, 99, 100, 101, 103, 104, 105, 107, 108, 109, 111, 113, 116], "summary": {"covered_lines": 66, "num_statements": 67, "percent_covered": 98.50746268656717, "percent_covered_display": "99", "missing_lines": 1, "excluded_lines": 0, "percent_statements_covered": 98.50746268656717, "percent_statements_covered_display": "99"}, "missing_lines": [117], "excluded_lines": [], "start_line": 1}}}, "scripts/build_tmbd_dictionary.py": {"executed_lines": [4, 6, 7, 8, 9, 10, 11, 12, 14, 15, 18, 23, 24, 27, 29, 32, 34, 50, 54, 55, 58, 59, 60, 61, 66, 67, 70, 74, 75, 83, 86, 90, 95, 99, 100, 101, 109, 110, 111, 114, 136, 161, 177], "summary": {"covered_lines": 43, "num_statements": 71, "percent_covered": 60.563380281690144, "percent_covered_display": "61", "missing_lines": 28, "excluded_lines": 0, "percent_statements_covered": 60.563380281690144, "percent_statements_covered_display": "61"}, "missing_lines": [16, 116, 122, 127, 133, 138, 139, 140, 141, 142, 147, 148, 150, 151, 152, 153, 158, 163, 164, 165, 166, 167, 170, 171, 172, 173, 174, 178], "excluded_lines": [], "functions": {"slugify": {"executed_lines": [29], "summary": {"covered_lines": 1, "num_statements": 1, "percent_covered": 100.0, "percent_covered_display": "100", "missing_lines": 0, "excluded_lines": 0, "percent_statements_covered": 100.0, "percent_statements_covered_display": "100"}, "missing_lines": [], "excluded_lines": [], "start_line": 27}, "_to_dictionary_record": {"executed_lines": [34], "summary": {"covered_lines": 1, "num_statements": 1, "percent_covered": 100.0, "percent_covered_display": "100", "missing_lines": 0, "excluded_lines": 0, "percent_statements_covered": 100.0, "percent_statements_covered_display": "100"}, "missing_lines": [], "excluded_lines": [], "start_line": 32}, "build_axis_dictionary": {"executed_lines": [54, 55, 58, 59, 60, 61, 66, 67], "summary": {"covered_lines": 8, "num_statements": 8, "percent_covered": 100.0, "percent_covered_display": "100", "missing_lines": 0, "excluded_lines": 0, "percent_statements_covered": 100.0, "percent_statements_covered_display": "100"}, "missing_lines": [], "excluded_lines": [], "start_line": 50}, "build_sector_dictionary": {"executed_lines": [74, 75, 83], "summary": {"covered_lines": 3, "num_statements": 3, "percent_covered": 100.0, "percent_covered_display": "100", "missing_lines": 0, "excluded_lines": 0, "percent_statements_covered": 100.0, "percent_statements_covered_display": "100"}, "missing_lines": [], "excluded_lines": [], "start_line": 70}, "build_sector_dictionary_from_repository": {"executed_lines": [90], "summary": {"covered_lines": 1, "num_statements": 1, "percent_covered": 100.0, "percent_covered_display": "100", "missing_lines": 0, "excluded_lines": 0, "percent_statements_covered": 100.0, "percent_statements_covered_display": "100"}, "missing_lines": [], "excluded_lines": [], "start_line": 86}, "export_sector_dictionary": {"executed_lines": [99, 100, 101, 109, 110, 111], "summary": {"covered_lines": 6, "num_statements": 6, "percent_covered": 100.0, "percent_covered_display": "100", "missing_lines": 0, "excluded_lines": 0, "percent_statements_covered": 100.0, "percent_statements_covered_display": "100"}, "missing_lines": [], "excluded_lines": [], "start_line": 95}, "parse_args": {"executed_lines": [], "summary": {"covered_lines": 0, "num_statements": 4, "percent_covered": 0.0, "percent_covered_display": "0", "missing_lines": 4, "excluded_lines": 0, "percent_statements_covered": 0.0, "percent_statements_covered_display": "0"}, "missing_lines": [116, 122, 127, 133], "excluded_lines": [], "start_line": 114}, "load_literature_competence_extractor": {"executed_lines": [], "summary": {"covered_lines": 0, "num_statements": 12, "percent_covered": 0.0, "percent_covered_display": "0", "missing_lines": 12, "excluded_lines": 0, "percent_statements_covered": 0.0, "percent_statements_covered_display": "0"}, "missing_lines": [138, 139, 140, 141, 142, 147, 148, 150, 151, 152, 153, 158], "excluded_lines": [], "start_line": 136}, "main": {"executed_lines": [], "summary": {"covered_lines": 0, "num_statements": 10, "percent_covered": 0.0, "percent_covered_display": "0", "missing_lines": 10, "excluded_lines": 0, "percent_statements_covered": 0.0, "percent_statements_covered_display": "0"}, "missing_lines": [163, 164, 165, 166, 167, 170, 171, 172, 173, 174], "excluded_lines": [], "start_line": 161}, "": {"executed_lines": [4, 6, 7, 8, 9, 10, 11, 12, 14, 15, 18, 23, 24, 27, 32, 50, 70, 86, 95, 114, 136, 161, 177], "summary": {"covered_lines": 23, "num_statements": 25, "percent_covered": 92.0, "percent_covered_display": "92", "missing_lines": 2, "excluded_lines": 0, "percent_statements_covered": 92.0, "percent_statements_covered_display": "92"}, "missing_lines": [16, 178], "excluded_lines": [], "start_line": 1}}, "classes": {"": {"executed_lines": [4, 6, 7, 8, 9, 10, 11, 12, 14, 15, 18, 23, 24, 27, 29, 32, 34, 50, 54, 55, 58, 59, 60, 61, 66, 67, 70, 74, 75, 83, 86, 90, 95, 99, 100, 101, 109, 110, 111, 114, 136, 161, 177], "summary": {"covered_lines": 43, "num_statements": 71, "percent_covered": 60.563380281690144, "percent_covered_display": "61", "missing_lines": 28, "excluded_lines": 0, "percent_statements_covered": 60.563380281690144, "percent_statements_covered_display": "61"}, "missing_lines": [16, 116, 122, 127, 133, 138, 139, 140, 141, 142, 147, 148, 150, 151, 152, 153, 158, 163, 164, 165, 166, 167, 170, 171, 172, 173, 174, 178], "excluded_lines": [], "start_line": 1}}}, "scripts/generate_manifest.py": {"executed_lines": [12, 14, 15, 16, 17, 18, 20, 21, 23, 35, 47, 53, 54, 55, 56, 57, 58, 59, 60, 61, 62, 63, 64, 65, 66, 67, 68, 71, 72, 73, 74, 75, 76, 77, 78, 80, 81, 82, 85, 86, 87, 88, 89, 91, 92, 93, 94, 95, 96, 99, 100, 101, 102, 103, 104, 105, 106, 107, 108, 109, 112, 113, 114, 115, 118, 119, 120, 121, 122, 123, 125, 126, 128, 129, 131, 132, 133, 136, 137, 138, 139, 140, 143, 177], "summary": {"covered_lines": 84, "num_statements": 110, "percent_covered": 76.36363636363636, "percent_covered_display": "76", "missing_lines": 26, "excluded_lines": 0, "percent_statements_covered": 76.36363636363636, "percent_statements_covered_display": "76"}, "missing_lines": [79, 124, 134, 144, 145, 147, 148, 149, 150, 151, 152, 155, 156, 157, 158, 161, 162, 164, 165, 167, 169, 170, 171, 172, 174, 178], "excluded_lines": [], "functions": {"classify": {"executed_lines": [54, 55, 56, 57, 58, 59, 60, 61, 62, 63, 64, 65, 66, 67, 68, 71, 72, 73, 74, 75, 76, 77, 78, 80, 81, 82], "summary": {"covered_lines": 26, "num_statements": 27, "percent_covered": 96.29629629629629, "percent_covered_display": "96", "missing_lines": 1, "excluded_lines": 0, "percent_statements_covered": 96.29629629629629, "percent_statements_covered_display": "96"}, "missing_lines": [79], "excluded_lines": [], "start_line": 53}, "text_available": {"executed_lines": [86, 87, 88, 89, 91, 92, 93, 94, 95, 96], "summary": {"covered_lines": 10, "num_statements": 10, "percent_covered": 100.0, "percent_covered_display": "100", "missing_lines": 0, "excluded_lines": 0, "percent_statements_covered": 100.0, "percent_statements_covered_display": "100"}, "missing_lines": [], "excluded_lines": [], "start_line": 85}, "load_existing": {"executed_lines": [100, 101, 102, 103, 104, 105, 106, 107, 108, 109], "summary": {"covered_lines": 10, "num_statements": 10, "percent_covered": 100.0, "percent_covered_display": "100", "missing_lines": 0, "excluded_lines": 0, "percent_statements_covered": 100.0, "percent_statements_covered_display": "100"}, "missing_lines": [], "excluded_lines": [], "start_line": 99}, "scan_files": {"executed_lines": [113, 114, 115, 118, 119, 120, 121, 122, 123, 125, 126, 128, 129, 131, 132, 133, 136, 137, 138, 139, 140], "summary": {"covered_lines": 21, "num_statements": 23, "percent_covered": 91.30434782608695, "percent_covered_display": "91", "missing_lines": 2, "excluded_lines": 0, "percent_statements_covered": 91.30434782608695, "percent_statements_covered_display": "91"}, "missing_lines": [124, 134], "excluded_lines": [], "start_line": 112}, "main": {"executed_lines": [], "summary": {"covered_lines": 0, "num_statements": 22, "percent_covered": 0.0, "percent_covered_display": "0", "missing_lines": 22, "excluded_lines": 0, "percent_statements_covered": 0.0, "percent_statements_covered_display": "0"}, "missing_lines": [144, 145, 147, 148, 149, 150, 151, 152, 155, 156, 157, 158, 161, 162, 164, 165, 167, 169, 170, 171, 172, 174], "excluded_lines": [], "start_line": 143}, "": {"executed_lines": [12, 14, 15, 16, 17, 18, 20, 21, 23, 35, 47, 53, 85, 99, 112, 143, 177], "summary": {"covered_lines": 17, "num_statements": 18, "percent_covered": 94.44444444444444, "percent_covered_display": "94", "missing_lines": 1, "excluded_lines": 0, "percent_statements_covered": 94.44444444444444, "percent_statements_covered_display": "94"}, "missing_lines": [178], "excluded_lines": [], "start_line": 1}}, "classes": {"": {"executed_lines": [12, 14, 15, 16, 17, 18, 20, 21, 23, 35, 47, 53, 54, 55, 56, 57, 58, 59, 60, 61, 62, 63, 64, 65, 66, 67, 68, 71, 72, 73, 74, 75, 76, 77, 78, 80, 81, 82, 85, 86, 87, 88, 89, 91, 92, 93, 94, 95, 96, 99, 100, 101, 102, 103, 104, 105, 106, 107, 108, 109, 112, 113, 114, 115, 118, 119, 120, 121, 122, 123, 125, 126, 128, 129, 131, 132, 133, 136, 137, 138, 139, 140, 143, 177], "summary": {"covered_lines": 84, "num_statements": 110, "percent_covered": 76.36363636363636, "percent_covered_display": "76", "missing_lines": 26, "excluded_lines": 0, "percent_statements_covered": 76.36363636363636, "percent_statements_covered_display": "76"}, "missing_lines": [79, 124, 134, 144, 145, 147, 148, 149, 150, 151, 152, 155, 156, 157, 158, 161, 162, 164, 165, 167, 169, 170, 171, 172, 174, 178], "excluded_lines": [], "start_line": 1}}}, "src/__init__.py": {"executed_lines": [14, 15], "summary": {"covered_lines": 2, "num_statements": 2, "percent_covered": 100.0, "percent_covered_display": "100", "missing_lines": 0, "excluded_lines": 0, "percent_statements_covered": 100.0, "percent_statements_covered_display": "100"}, "missing_lines": [], "excluded_lines": [], "functions": {"": {"executed_lines": [14, 15], "summary": {"covered_lines": 2, "num_statements": 2, "percent_covered": 100.0, "percent_covered_display": "100", "missing_lines": 0, "excluded_lines": 0, "percent_statements_covered": 100.0, "percent_statements_covered_display": "100"}, "missing_lines": [], "excluded_lines": [], "start_line": 1}}, "classes": {"": {"executed_lines": [14, 15], "summary": {"covered_lines": 2, "num_statements": 2, "percent_covered": 100.0, "percent_covered_display": "100", "missing_lines": 0, "excluded_lines": 0, "percent_statements_covered": 100.0, "percent_statements_covered_display": "100"}, "missing_lines": [], "excluded_lines": [], "start_line": 1}}}, "src/axis_classifier.py": {"executed_lines": [], "summary": {"covered_lines": 0, "num_statements": 16, "percent_covered": 0.0, "percent_covered_display": "0", "missing_lines": 16, "excluded_lines": 0, "percent_statements_covered": 0.0, "percent_statements_covered_display": "0"}, "missing_lines": [3, 5, 7, 8, 11, 14, 20, 22, 23, 25, 26, 28, 30, 31, 32, 34], "excluded_lines": [], "functions": {"AxisClassifier.classify_axis": {"executed_lines": [], "summary": {"covered_lines": 0, "num_statements": 9, "percent_covered": 0.0, "percent_covered_display": "0", "missing_lines": 9, "excluded_lines": 0, "percent_statements_covered": 0.0, "percent_statements_covered_display": "0"}, "missing_lines": [22, 23, 25, 26, 28, 30, 31, 32, 34], "excluded_lines": [], "start_line": 20}, "": {"executed_lines": [], "summary": {"covered_lines": 0, "num_statements": 7, "percent_covered": 0.0, "percent_covered_display": "0", "missing_lines": 7, "excluded_lines": 0, "percent_statements_covered": 0.0, "percent_statements_covered_display": "0"}, "missing_lines": [3, 5, 7, 8, 11, 14, 20], "excluded_lines": [], "start_line": 1}}, "classes": {"AxisClassifier": {"executed_lines": [], "summary": {"covered_lines": 0, "num_statements": 9, "percent_covered": 0.0, "percent_covered_display": "0", "missing_lines": 9, "excluded_lines": 0, "percent_statements_covered": 0.0, "percent_statements_covered_display": "0"}, "missing_lines": [22, 23, 25, 26, 28, 30, 31, 32, 34], "excluded_lines": [], "start_line": 11}, "": {"executed_lines": [], "summary": {"covered_lines": 0, "num_statements": 7, "percent_covered": 0.0, "percent_covered_display": "0", "missing_lines": 7, "excluded_lines": 0, "percent_statements_covered": 0.0, "percent_statements_covered_display": "0"}, "missing_lines": [3, 5, 7, 8, 11, 14, 20], "excluded_lines": [], "start_line": 1}}}, "src/competence_mapper.py": {"executed_lines": [5, 6, 9, 10, 11, 12, 15, 18, 19, 20, 22, 24, 26, 28, 30, 32, 34, 36, 38, 40, 46, 47, 48, 50, 52, 65, 66, 68, 70, 76, 77, 82, 83, 85, 87, 100, 102, 103, 108, 111, 113, 115, 117, 121, 126, 128], "summary": {"covered_lines": 46, "num_statements": 46, "percent_covered": 100.0, "percent_covered_display": "100", "missing_lines": 0, "excluded_lines": 0, "percent_statements_covered": 100.0, "percent_statements_covered_display": "100"}, "missing_lines": [], "excluded_lines": [], "functions": {"CompetenceMapper.__init__": {"executed_lines": [19, 20], "summary": {"covered_lines": 2, "num_statements": 2, "percent_covered": 100.0, "percent_covered_display": "100", "missing_lines": 0, "excluded_lines": 0, "percent_statements_covered": 100.0, "percent_statements_covered_display": "100"}, "missing_lines": [], "excluded_lines": [], "start_line": 18}, "CompetenceMapper.add_competence": {"executed_lines": [24], "summary": {"covered_lines": 1, "num_statements": 1, "percent_covered": 100.0, "percent_covered_display": "100", "missing_lines": 0, "excluded_lines": 0, "percent_statements_covered": 100.0, "percent_statements_covered_display": "100"}, "missing_lines": [], "excluded_lines": [], "start_line": 22}, "CompetenceMapper.add_credentials": {"executed_lines": [28], "summary": {"covered_lines": 1, "num_statements": 1, "percent_covered": 100.0, "percent_covered_display": "100", "missing_lines": 0, "excluded_lines": 0, "percent_statements_covered": 100.0, "percent_statements_covered_display": "100"}, "missing_lines": [], "excluded_lines": [], "start_line": 26}, "CompetenceMapper.get_competences_by_axis": {"executed_lines": [32], "summary": {"covered_lines": 1, "num_statements": 1, "percent_covered": 100.0, "percent_covered_display": "100", "missing_lines": 0, "excluded_lines": 0, "percent_statements_covered": 100.0, "percent_statements_covered_display": "100"}, "missing_lines": [], "excluded_lines": [], "start_line": 30}, "CompetenceMapper.get_competences_by_level": {"executed_lines": [36], "summary": {"covered_lines": 1, "num_statements": 1, "percent_covered": 100.0, "percent_covered_display": "100", "missing_lines": 0, "excluded_lines": 0, "percent_statements_covered": 100.0, "percent_statements_covered_display": "100"}, "missing_lines": [], "excluded_lines": [], "start_line": 34}, "CompetenceMapper.get_sector_competences": {"executed_lines": [40, 46, 47, 48, 50], "summary": {"covered_lines": 5, "num_statements": 5, "percent_covered": 100.0, "percent_covered_display": "100", "missing_lines": 0, "excluded_lines": 0, "percent_statements_covered": 100.0, "percent_statements_covered_display": "100"}, "missing_lines": [], "excluded_lines": [], "start_line": 38}, "CompetenceMapper.analyze_competence_gaps": {"executed_lines": [65, 66, 68, 70, 76, 77, 82, 83, 85], "summary": {"covered_lines": 9, "num_statements": 9, "percent_covered": 100.0, "percent_covered_display": "100", "missing_lines": 0, "excluded_lines": 0, "percent_statements_covered": 100.0, "percent_statements_covered_display": "100"}, "missing_lines": [], "excluded_lines": [], "start_line": 52}, "CompetenceMapper.suggest_credential_pathway": {"executed_lines": [100, 102, 103, 108, 111, 113], "summary": {"covered_lines": 6, "num_statements": 6, "percent_covered": 100.0, "percent_covered_display": "100", "missing_lines": 0, "excluded_lines": 0, "percent_statements_covered": 100.0, "percent_statements_covered_display": "100"}, "missing_lines": [], "excluded_lines": [], "start_line": 87}, "CompetenceMapper.get_summary": {"executed_lines": [117, 121, 126, 128], "summary": {"covered_lines": 4, "num_statements": 4, "percent_covered": 100.0, "percent_covered_display": "100", "missing_lines": 0, "excluded_lines": 0, "percent_statements_covered": 100.0, "percent_statements_covered_display": "100"}, "missing_lines": [], "excluded_lines": [], "start_line": 115}, "": {"executed_lines": [5, 6, 9, 10, 11, 12, 15, 18, 22, 26, 30, 34, 38, 52, 87, 115], "summary": {"covered_lines": 16, "num_statements": 16, "percent_covered": 100.0, "percent_covered_display": "100", "missing_lines": 0, "excluded_lines": 0, "percent_statements_covered": 100.0, "percent_statements_covered_display": "100"}, "missing_lines": [], "excluded_lines": [], "start_line": 1}}, "classes": {"GapAnalysisResult": {"executed_lines": [], "summary": {"covered_lines": 0, "num_statements": 0, "percent_covered": 100.0, "percent_covered_display": "100", "missing_lines": 0, "excluded_lines": 0, "percent_statements_covered": 100.0, "percent_statements_covered_display": "100"}, "missing_lines": [], "excluded_lines": [], "start_line": 9}, "CompetenceMapper": {"executed_lines": [19, 20, 24, 28, 32, 36, 40, 46, 47, 48, 50, 65, 66, 68, 70, 76, 77, 82, 83, 85, 100, 102, 103, 108, 111, 113, 117, 121, 126, 128], "summary": {"covered_lines": 30, "num_statements": 30, "percent_covered": 100.0, "percent_covered_display": "100", "missing_lines": 0, "excluded_lines": 0, "percent_statements_covered": 100.0, "percent_statements_covered_display": "100"}, "missing_lines": [], "excluded_lines": [], "start_line": 15}, "": {"executed_lines": [5, 6, 9, 10, 11, 12, 15, 18, 22, 26, 30, 34, 38, 52, 87, 115], "summary": {"covered_lines": 16, "num_statements": 16, "percent_covered": 100.0, "percent_covered_display": "100", "missing_lines": 0, "excluded_lines": 0, "percent_statements_covered": 100.0, "percent_statements_covered_display": "100"}, "missing_lines": [], "excluded_lines": [], "start_line": 1}}}, "src/competence_repository.py": {"executed_lines": [3, 5, 6, 8, 9, 10, 13, 16, 19, 22, 23, 24, 27, 36, 37, 38, 39, 40, 41, 44, 55, 58, 61, 70, 71, 72, 73, 75, 77, 78, 79, 80, 83, 85, 89, 91, 92, 93, 96, 98, 106, 108, 109, 111, 113, 114, 116, 118, 119, 120, 121, 122, 123, 125, 127, 128, 129, 131, 133, 134, 135, 137, 141, 142, 143, 145, 147, 148, 149], "summary": {"covered_lines": 69, "num_statements": 69, "percent_covered": 100.0, "percent_covered_display": "100", "missing_lines": 0, "excluded_lines": 0, "percent_statements_covered": 100.0, "percent_statements_covered_display": "100"}, "missing_lines": [], "excluded_lines": [], "functions": {"classify_competence_origin": {"executed_lines": [36, 37, 38, 39, 40, 41], "summary": {"covered_lines": 6, "num_statements": 6, "percent_covered": 100.0, "percent_covered_display": "100", "missing_lines": 0, "excluded_lines": 0, "percent_statements_covered": 100.0, "percent_statements_covered_display": "100"}, "missing_lines": [], "excluded_lines": [], "start_line": 27}, "normalize_sector_name": {"executed_lines": [55], "summary": {"covered_lines": 1, "num_statements": 1, "percent_covered": 100.0, "percent_covered_display": "100", "missing_lines": 0, "excluded_lines": 0, "percent_statements_covered": 100.0, "percent_statements_covered_display": "100"}, "missing_lines": [], "excluded_lines": [], "start_line": 44}, "LiteratureCompetenceRepository.__init__": {"executed_lines": [70, 71, 72, 73], "summary": {"covered_lines": 4, "num_statements": 4, "percent_covered": 100.0, "percent_covered_display": "100", "missing_lines": 0, "excluded_lines": 0, "percent_statements_covered": 100.0, "percent_statements_covered_display": "100"}, "missing_lines": [], "excluded_lines": [], "start_line": 61}, "LiteratureCompetenceRepository._load": {"executed_lines": [77, 78, 79, 80, 83], "summary": {"covered_lines": 5, "num_statements": 5, "percent_covered": 100.0, "percent_covered_display": "100", "missing_lines": 0, "excluded_lines": 0, "percent_statements_covered": 100.0, "percent_statements_covered_display": "100"}, "missing_lines": [], "excluded_lines": [], "start_line": 75}, "LiteratureCompetenceRepository._build_normalized_sector_index": {"executed_lines": [89, 91, 98], "summary": {"covered_lines": 3, "num_statements": 3, "percent_covered": 100.0, "percent_covered_display": "100", "missing_lines": 0, "excluded_lines": 0, "percent_statements_covered": 100.0, "percent_statements_covered_display": "100"}, "missing_lines": [], "excluded_lines": [], "start_line": 85}, "LiteratureCompetenceRepository._build_normalized_sector_index._normalize_cached": {"executed_lines": [92, 93, 96], "summary": {"covered_lines": 3, "num_statements": 3, "percent_covered": 100.0, "percent_covered_display": "100", "missing_lines": 0, "excluded_lines": 0, "percent_statements_covered": 100.0, "percent_statements_covered_display": "100"}, "missing_lines": [], "excluded_lines": [], "start_line": 91}, "LiteratureCompetenceRepository.iter_all_competences": {"executed_lines": [108, 109], "summary": {"covered_lines": 2, "num_statements": 2, "percent_covered": 100.0, "percent_covered_display": "100", "missing_lines": 0, "excluded_lines": 0, "percent_statements_covered": 100.0, "percent_statements_covered_display": "100"}, "missing_lines": [], "excluded_lines": [], "start_line": 106}, "LiteratureCompetenceRepository.get_competence_by_id": {"executed_lines": [113, 114], "summary": {"covered_lines": 2, "num_statements": 2, "percent_covered": 100.0, "percent_covered_display": "100", "missing_lines": 0, "excluded_lines": 0, "percent_statements_covered": 100.0, "percent_statements_covered_display": "100"}, "missing_lines": [], "excluded_lines": [], "start_line": 111}, "LiteratureCompetenceRepository.iter_competences_for_sector": {"executed_lines": [118, 119, 120, 121, 122, 123], "summary": {"covered_lines": 6, "num_statements": 6, "percent_covered": 100.0, "percent_covered_display": "100", "missing_lines": 0, "excluded_lines": 0, "percent_statements_covered": 100.0, "percent_statements_covered_display": "100"}, "missing_lines": [], "excluded_lines": [], "start_line": 116}, "LiteratureCompetenceRepository.iter_literature_competences": {"executed_lines": [127, 128, 129], "summary": {"covered_lines": 3, "num_statements": 3, "percent_covered": 100.0, "percent_covered_display": "100", "missing_lines": 0, "excluded_lines": 0, "percent_statements_covered": 100.0, "percent_statements_covered_display": "100"}, "missing_lines": [], "excluded_lines": [], "start_line": 125}, "LiteratureCompetenceRepository.iter_baseline_competences": {"executed_lines": [133, 134, 135], "summary": {"covered_lines": 3, "num_statements": 3, "percent_covered": 100.0, "percent_covered_display": "100", "missing_lines": 0, "excluded_lines": 0, "percent_statements_covered": 100.0, "percent_statements_covered_display": "100"}, "missing_lines": [], "excluded_lines": [], "start_line": 131}, "LiteratureCompetenceRepository.iter_literature_competences_for_sector": {"executed_lines": [141, 142, 143], "summary": {"covered_lines": 3, "num_statements": 3, "percent_covered": 100.0, "percent_covered_display": "100", "missing_lines": 0, "excluded_lines": 0, "percent_statements_covered": 100.0, "percent_statements_covered_display": "100"}, "missing_lines": [], "excluded_lines": [], "start_line": 137}, "LiteratureCompetenceRepository.iter_competences_for_axis": {"executed_lines": [147, 148, 149], "summary": {"covered_lines": 3, "num_statements": 3, "percent_covered": 100.0, "percent_covered_display": "100", "missing_lines": 0, "excluded_lines": 0, "percent_statements_covered": 100.0, "percent_statements_covered_display": "100"}, "missing_lines": [], "excluded_lines": [], "start_line": 145}, "": {"executed_lines": [3, 5, 6, 8, 9, 10, 13, 16, 19, 22, 23, 24, 27, 44, 58, 61, 75, 85, 106, 111, 116, 125, 131, 137, 145], "summary": {"covered_lines": 25, "num_statements": 25, "percent_covered": 100.0, "percent_covered_display": "100", "missing_lines": 0, "excluded_lines": 0, "percent_statements_covered": 100.0, "percent_statements_covered_display": "100"}, "missing_lines": [], "excluded_lines": [], "start_line": 1}}, "classes": {"AxisLike": {"executed_lines": [], "summary": {"covered_lines": 0, "num_statements": 0, "percent_covered": 100.0, "percent_covered_display": "100", "missing_lines": 0, "excluded_lines": 0, "percent_statements_covered": 100.0, "percent_statements_covered_display": "100"}, "missing_lines": [], "excluded_lines": [], "start_line": 13}, "CompetenceLike": {"executed_lines": [], "summary": {"covered_lines": 0, "num_statements": 0, "percent_covered": 100.0, "percent_covered_display": "100", "missing_lines": 0, "excluded_lines": 0, "percent_statements_covered": 100.0, "percent_statements_covered_display": "100"}, "missing_lines": [], "excluded_lines": [], "start_line": 19}, "LiteratureCompetenceRepository": {"executed_lines": [70, 71, 72, 73, 77, 78, 79, 80, 83, 89, 91, 92, 93, 96, 98, 108, 109, 113, 114, 118, 119, 120, 121, 122, 123, 127, 128, 129, 133, 134, 135, 141, 142, 143, 147, 148, 149], "summary": {"covered_lines": 37, "num_statements": 37, "percent_covered": 100.0, "percent_covered_display": "100", "missing_lines": 0, "excluded_lines": 0, "percent_statements_covered": 100.0, "percent_statements_covered_display": "100"}, "missing_lines": [], "excluded_lines": [], "start_line": 58}, "": {"executed_lines": [3, 5, 6, 8, 9, 10, 13, 16, 19, 22, 23, 24, 27, 36, 37, 38, 39, 40, 41, 44, 55, 58, 61, 75, 85, 106, 111, 116, 125, 131, 137, 145], "summary": {"covered_lines": 32, "num_statements": 32, "percent_covered": 100.0, "percent_covered_display": "100", "missing_lines": 0, "excluded_lines": 0, "percent_statements_covered": 100.0, "percent_statements_covered_display": "100"}, "missing_lines": [], "excluded_lines": [], "start_line": 1}}}, "src/core.py": {"executed_lines": [5, 6, 7, 8, 11, 14, 15, 16, 19, 22, 23, 24, 25, 28, 29, 42, 43, 44, 45, 46, 47, 49, 51, 61, 62, 74, 75, 76, 77, 78, 80, 82, 91, 101, 102, 104, 105, 106, 107, 108, 110, 112, 113, 114, 122, 124, 125, 131, 133], "summary": {"covered_lines": 49, "num_statements": 50, "percent_covered": 98.0, "percent_covered_display": "98", "missing_lines": 1, "excluded_lines": 0, "percent_statements_covered": 98.0, "percent_statements_covered_display": "98"}, "missing_lines": [126], "excluded_lines": [], "functions": {"Competence.to_dict": {"executed_lines": [51], "summary": {"covered_lines": 1, "num_statements": 1, "percent_covered": 100.0, "percent_covered_display": "100", "missing_lines": 0, "excluded_lines": 0, "percent_statements_covered": 100.0, "percent_statements_covered_display": "100"}, "missing_lines": [], "excluded_lines": [], "start_line": 49}, "MicroCredential.to_dict": {"executed_lines": [82], "summary": {"covered_lines": 1, "num_statements": 1, "percent_covered": 100.0, "percent_covered_display": "100", "missing_lines": 0, "excluded_lines": 0, "percent_statements_covered": 100.0, "percent_statements_covered_display": "100"}, "missing_lines": [], "excluded_lines": [], "start_line": 80}, "load_competence_matrix": {"executed_lines": [101, 102, 104, 105, 106, 107, 108, 110, 112, 113, 114, 122, 124, 125], "summary": {"covered_lines": 14, "num_statements": 15, "percent_covered": 93.33333333333333, "percent_covered_display": "93", "missing_lines": 1, "excluded_lines": 0, "percent_statements_covered": 93.33333333333333, "percent_statements_covered_display": "93"}, "missing_lines": [126], "excluded_lines": [], "start_line": 91}, "create_sample_competences": {"executed_lines": [133], "summary": {"covered_lines": 1, "num_statements": 1, "percent_covered": 100.0, "percent_covered_display": "100", "missing_lines": 0, "excluded_lin
[...]
s_covered": 100.0, "percent_statements_covered_display": "100"}, "missing_lines": [], "excluded_lines": [], "start_line": 79}, "TestTextAvailable.test_pdf_without_sidecar": {"executed_lines": [92, 93], "summary": {"covered_lines": 2, "num_statements": 2, "percent_covered": 100.0, "percent_covered_display": "100", "missing_lines": 0, "excluded_lines": 0, "percent_statements_covered": 100.0, "percent_statements_covered_display": "100"}, "missing_lines": [], "excluded_lines": [], "start_line": 90}, "TestTextAvailable.test_pdf_with_sidecar": {"executed_lines": [98, 99, 102, 104, 105, 108, 109], "summary": {"covered_lines": 7, "num_statements": 7, "percent_covered": 100.0, "percent_covered_display": "100", "missing_lines": 0, "excluded_lines": 0, "percent_statements_covered": 100.0, "percent_statements_covered_display": "100"}, "missing_lines": [], "excluded_lines": [], "start_line": 95}, "TestTextAvailable.test_pdf_with_alternate_sidecar": {"executed_lines": [113, 114, 117, 119, 120, 123, 124], "summary": {"covered_lines": 7, "num_statements": 7, "percent_covered": 100.0, "percent_covered_display": "100", "missing_lines": 0, "excluded_lines": 0, "percent_statements_covered": 100.0, "percent_statements_covered_display": "100"}, "missing_lines": [], "excluded_lines": [], "start_line": 111}, "TestTextAvailable.test_excel_available": {"executed_lines": [128, 129, 131, 132], "summary": {"covered_lines": 4, "num_statements": 4, "percent_covered": 100.0, "percent_covered_display": "100", "missing_lines": 0, "excluded_lines": 0, "percent_statements_covered": 100.0, "percent_statements_covered_display": "100"}, "missing_lines": [], "excluded_lines": [], "start_line": 126}, "TestTextAvailable.test_word_available": {"executed_lines": [136, 137, 139, 140], "summary": {"covered_lines": 4, "num_statements": 4, "percent_covered": 100.0, "percent_covered_display": "100", "missing_lines": 0, "excluded_lines": 0, "percent_statements_covered": 100.0, "percent_statements_covered_display": "100"}, "missing_lines": [], "excluded_lines": [], "start_line": 134}, "TestTextAvailable.test_unknown_format_not_available": {"executed_lines": [144, 145], "summary": {"covered_lines": 2, "num_statements": 2, "percent_covered": 100.0, "percent_covered_display": "100", "missing_lines": 0, "excluded_lines": 0, "percent_statements_covered": 100.0, "percent_statements_covered_display": "100"}, "missing_lines": [], "excluded_lines": [], "start_line": 142}, "TestLoadExisting.test_load_nonexistent_manifest": {"executed_lines": [154, 155, 157, 158], "summary": {"covered_lines": 4, "num_statements": 4, "percent_covered": 100.0, "percent_covered_display": "100", "missing_lines": 0, "excluded_lines": 0, "percent_statements_covered": 100.0, "percent_statements_covered_display": "100"}, "missing_lines": [], "excluded_lines": [], "start_line": 151}, "TestLoadExisting.test_load_existing_manifest": {"executed_lines": [163, 164, 166, 167, 172, 173, 185, 187, 188, 189, 191, 193, 194, 195, 198, 200, 201], "summary": {"covered_lines": 17, "num_statements": 17, "percent_covered": 100.0, "percent_covered_display": "100", "missing_lines": 0, "excluded_lines": 0, "percent_statements_covered": 100.0, "percent_statements_covered_display": "100"}, "missing_lines": [], "excluded_lines": [], "start_line": 160}, "TestScanFiles.test_scan_finds_files": {"executed_lines": [209, 212, 213, 216, 217], "summary": {"covered_lines": 5, "num_statements": 5, "percent_covered": 100.0, "percent_covered_display": "100", "missing_lines": 0, "excluded_lines": 0, "percent_statements_covered": 100.0, "percent_statements_covered_display": "100"}, "missing_lines": [], "excluded_lines": [], "start_line": 207}, "TestScanFiles.test_scan_excludes_ignored_dirs": {"executed_lines": [221, 224, 225, 226, 227, 228], "summary": {"covered_lines": 6, "num_statements": 6, "percent_covered": 100.0, "percent_covered_display": "100", "missing_lines": 0, "excluded_lines": 0, "percent_statements_covered": 100.0, "percent_statements_covered_display": "100"}, "missing_lines": [], "excluded_lines": [], "start_line": 219}, "TestScanFiles.test_scan_excludes_manifest_itself": {"executed_lines": [232, 235, 238], "summary": {"covered_lines": 3, "num_statements": 3, "percent_covered": 100.0, "percent_covered_display": "100", "missing_lines": 0, "excluded_lines": 0, "percent_statements_covered": 100.0, "percent_statements_covered_display": "100"}, "missing_lines": [], "excluded_lines": [], "start_line": 230}, "TestScanFiles.test_scan_results_are_sorted": {"executed_lines": [242, 245, 248], "summary": {"covered_lines": 3, "num_statements": 3, "percent_covered": 100.0, "percent_covered_display": "100", "missing_lines": 0, "excluded_lines": 0, "percent_statements_covered": 100.0, "percent_statements_covered_display": "100"}, "missing_lines": [], "excluded_lines": [], "start_line": 240}, "": {"executed_lines": [3, 4, 5, 6, 16, 19, 26, 32, 37, 42, 46, 50, 54, 58, 62, 66, 71, 76, 79, 90, 95, 111, 126, 134, 142, 148, 151, 160, 204, 207, 219, 230, 240, 251], "summary": {"covered_lines": 34, "num_statements": 35, "percent_covered": 97.14285714285714, "percent_covered_display": "97", "missing_lines": 1, "excluded_lines": 0, "percent_statements_covered": 97.14285714285714, "percent_statements_covered_display": "97"}, "missing_lines": [252], "excluded_lines": [], "start_line": 1}}, "classes": {"TestClassify": {"executed_lines": [21, 22, 23, 24, 28, 29, 30, 34, 35, 39, 40, 44, 48, 52, 56, 60, 64, 68, 69, 73], "summary": {"covered_lines": 20, "num_statements": 20, "percent_covered": 100.0, "percent_covered_display": "100", "missing_lines": 0, "excluded_lines": 0, "percent_statements_covered": 100.0, "percent_statements_covered_display": "100"}, "missing_lines": [], "excluded_lines": [], "start_line": 16}, "TestTextAvailable": {"executed_lines": [82, 83, 84, 86, 87, 88, 92, 93, 98, 99, 102, 104, 105, 108, 109, 113, 114, 117, 119, 120, 123, 124, 128, 129, 131, 132, 136, 137, 139, 140, 144, 145], "summary": {"covered_lines": 32, "num_statements": 32, "percent_covered": 100.0, "percent_covered_display": "100", "missing_lines": 0, "excluded_lines": 0, "percent_statements_covered": 100.0, "percent_statements_covered_display": "100"}, "missing_lines": [], "excluded_lines": [], "start_line": 76}, "TestLoadExisting": {"executed_lines": [154, 155, 157, 158, 163, 164, 166, 167, 172, 173, 185, 187, 188, 189, 191, 193, 194, 195, 198, 200, 201], "summary": {"covered_lines": 21, "num_statements": 21, "percent_covered": 100.0, "percent_covered_display": "100", "missing_lines": 0, "excluded_lines": 0, "percent_statements_covered": 100.0, "percent_statements_covered_display": "100"}, "missing_lines": [], "excluded_lines": [], "start_line": 148}, "TestScanFiles": {"executed_lines": [209, 212, 213, 216, 217, 221, 224, 225, 226, 227, 228, 232, 235, 238, 242, 245, 248], "summary": {"covered_lines": 17, "num_statements": 17, "percent_covered": 100.0, "percent_covered_display": "100", "missing_lines": 0, "excluded_lines": 0, "percent_statements_covered": 100.0, "percent_statements_covered_display": "100"}, "missing_lines": [], "excluded_lines": [], "start_line": 204}, "": {"executed_lines": [3, 4, 5, 6, 16, 19, 26, 32, 37, 42, 46, 50, 54, 58, 62, 66, 71, 76, 79, 90, 95, 111, 126, 134, 142, 148, 151, 160, 204, 207, 219, 230, 240, 251], "summary": {"covered_lines": 34, "num_statements": 35, "percent_covered": 97.14285714285714, "percent_covered_display": "97", "missing_lines": 1, "excluded_lines": 0, "percent_statements_covered": 97.14285714285714, "percent_statements_covered_display": "97"}, "missing_lines": [252], "excluded_lines": [], "start_line": 1}}}, "tests/test_literature_extraction.py": {"executed_lines": [3, 6, 7, 9, 11, 12, 15, 16, 18, 20, 21, 22, 25, 26, 28, 29], "summary": {"covered_lines": 16, "num_statements": 16, "percent_covered": 100.0, "percent_covered_display": "100", "missing_lines": 0, "excluded_lines": 0, "percent_statements_covered": 100.0, "percent_statements_covered_display": "100"}, "missing_lines": [], "excluded_lines": [], "functions": {"test_extracts_excerpt_with_competence_phrase": {"executed_lines": [7, 9, 11, 12], "summary": {"covered_lines": 4, "num_statements": 4, "percent_covered": 100.0, "percent_covered_display": "100", "missing_lines": 0, "excluded_lines": 0, "percent_statements_covered": 100.0, "percent_statements_covered_display": "100"}, "missing_lines": [], "excluded_lines": [], "start_line": 6}, "test_records_include_required_fields": {"executed_lines": [16, 18, 20, 21, 22], "summary": {"covered_lines": 5, "num_statements": 5, "percent_covered": 100.0, "percent_covered_display": "100", "missing_lines": 0, "excluded_lines": 0, "percent_statements_covered": 100.0, "percent_statements_covered_display": "100"}, "missing_lines": [], "excluded_lines": [], "start_line": 15}, "test_empty_input_returns_no_records": {"executed_lines": [26, 28, 29], "summary": {"covered_lines": 3, "num_statements": 3, "percent_covered": 100.0, "percent_covered_display": "100", "missing_lines": 0, "excluded_lines": 0, "percent_statements_covered": 100.0, "percent_statements_covered_display": "100"}, "missing_lines": [], "excluded_lines": [], "start_line": 25}, "": {"executed_lines": [3, 6, 15, 25], "summary": {"covered_lines": 4, "num_statements": 4, "percent_covered": 100.0, "percent_covered_display": "100", "missing_lines": 0, "excluded_lines": 0, "percent_statements_covered": 100.0, "percent_statements_covered_display": "100"}, "missing_lines": [], "excluded_lines": [], "start_line": 1}}, "classes": {"": {"executed_lines": [3, 6, 7, 9, 11, 12, 15, 16, 18, 20, 21, 22, 25, 26, 28, 29], "summary": {"covered_lines": 16, "num_statements": 16, "percent_covered": 100.0, "percent_covered_display": "100", "missing_lines": 0, "excluded_lines": 0, "percent_statements_covered": 100.0, "percent_statements_covered_display": "100"}, "missing_lines": [], "excluded_lines": [], "start_line": 1}}}, "tests/test_load_real_competences.py": {"executed_lines": [3, 4, 5, 6, 9, 12, 14, 15, 17, 19, 20, 22, 24, 25, 27, 29, 30, 32, 34, 35, 36, 37, 39, 41, 42, 45, 48, 50, 51, 54, 57, 58, 59, 60, 61, 63, 65, 66, 69, 70, 71, 74, 75, 76, 79, 80, 81, 84, 85, 86, 88, 90, 91, 93, 94, 96, 98, 99, 101, 102, 103, 105, 107, 108, 110, 111, 112, 113, 114, 116, 118, 119, 121, 124, 125, 126, 128, 130, 132, 133, 135, 138, 144, 145, 147, 149, 150, 153], "summary": {"covered_lines": 88, "num_statements": 89, "percent_covered": 98.87640449438203, "percent_covered_display": "99", "missing_lines": 1, "excluded_lines": 0, "percent_statements_covered": 98.87640449438203, "percent_statements_covered_display": "99"}, "missing_lines": [154], "excluded_lines": [], "functions": {"TestMapDimensionToAxis.test_dimension_a_maps_to_oceanic": {"executed_lines": [14, 15], "summary": {"covered_lines": 2, "num_statements": 2, "percent_covered": 100.0, "percent_covered_display": "100", "missing_lines": 0, "excluded_lines": 0, "percent_statements_covered": 100.0, "percent_statements_covered_display": "100"}, "missing_lines": [], "excluded_lines": [], "start_line": 12}, "TestMapDimensionToAxis.test_dimension_b_maps_to_maritime": {"executed_lines": [19, 20], "summary": {"covered_lines": 2, "num_statements": 2, "percent_covered": 100.0, "percent_covered_display": "100", "missing_lines": 0, "excluded_lines": 0, "percent_statements_covered": 100.0, "percent_statements_covered_display": "100"}, "missing_lines": [], "excluded_lines": [], "start_line": 17}, "TestMapDimensionToAxis.test_dimension_c_maps_to_marine": {"executed_lines": [24, 25], "summary": {"covered_lines": 2, "num_statements": 2, "percent_covered": 100.0, "percent_covered_display": "100", "missing_lines": 0, "excluded_lines": 0, "percent_statements_covered": 100.0, "percent_statements_covered_display": "100"}, "missing_lines": [], "excluded_lines": [], "start_line": 22}, "TestMapDimensionToAxis.test_dimension_d_maps_to_maritime": {"executed_lines": [29, 30], "summary": {"covered_lines": 2, "num_statements": 2, "percent_covered": 100.0, "percent_covered_display": "100", "missing_lines": 0, "excluded_lines": 0, "percent_statements_covered": 100.0, "percent_statements_covered_display": "100"}, "missing_lines": [], "excluded_lines": [], "start_line": 27}, "TestMapDimensionToAxis.test_dimension_without_dot": {"executed_lines": [34, 35, 36, 37], "summary": {"covered_lines": 4, "num_statements": 4, "percent_covered": 100.0, "percent_covered_display": "100", "missing_lines": 0, "excluded_lines": 0, "percent_statements_covered": 100.0, "percent_statements_covered_display": "100"}, "missing_lines": [], "excluded_lines": [], "start_line": 32}, "TestMapDimensionToAxis.test_unknown_dimension_defaults_to_oceanic": {"executed_lines": [41, 42], "summary": {"covered_lines": 2, "num_statements": 2, "percent_covered": 100.0, "percent_covered_display": "100", "missing_lines": 0, "excluded_lines": 0, "percent_statements_covered": 100.0, "percent_statements_covered_display": "100"}, "missing_lines": [], "excluded_lines": [], "start_line": 39}, "TestLoadBlueCompetences.test_load_sample_competences": {"executed_lines": [50, 51, 54, 57, 58, 59, 60, 61], "summary": {"covered_lines": 8, "num_statements": 8, "percent_covered": 100.0, "percent_covered_display": "100", "missing_lines": 0, "excluded_lines": 0, "percent_statements_covered": 100.0, "percent_statements_covered_display": "100"}, "missing_lines": [], "excluded_lines": [], "start_line": 48}, "TestLoadBlueCompetences.test_competence_axis_mapping": {"executed_lines": [65, 66, 69, 70, 71, 74, 75, 76, 79, 80, 81, 84, 85, 86], "summary": {"covered_lines": 14, "num_statements": 14, "percent_covered": 100.0, "percent_covered_display": "100", "missing_lines": 0, "excluded_lines": 0, "percent_statements_covered": 100.0, "percent_statements_covered_display": "100"}, "missing_lines": [], "excluded_lines": [], "start_line": 63}, "TestLoadBlueCompetences.test_competence_level": {"executed_lines": [90, 91, 93, 94], "summary": {"covered_lines": 4, "num_statements": 4, "percent_covered": 100.0, "percent_covered_display": "100", "missing_lines": 0, "excluded_lines": 0, "percent_statements_covered": 100.0, "percent_statements_covered_display": "100"}, "missing_lines": [], "excluded_lines": [], "start_line": 88}, "TestLoadBlueCompetences.test_competence_names": {"executed_lines": [98, 99, 101, 102, 103], "summary": {"covered_lines": 5, "num_statements": 5, "percent_covered": 100.0, "percent_covered_display": "100", "missing_lines": 0, "excluded_lines": 0, "percent_statements_covered": 100.0, "percent_statements_covered_display": "100"}, "missing_lines": [], "excluded_lines": [], "start_line": 96}, "TestLoadBlueCompetences.test_competence_keywords": {"executed_lines": [107, 108, 110, 111, 112, 113, 114], "summary": {"covered_lines": 7, "num_statements": 7, "percent_covered": 100.0, "percent_covered_display": "100", "missing_lines": 0, "excluded_lines": 0, "percent_statements_covered": 100.0, "percent_statements_covered_display": "100"}, "missing_lines": [], "excluded_lines": [], "start_line": 105}, "TestLoadBlueCompetences.test_axis_distribution_in_summary": {"executed_lines": [118, 119, 121, 124, 125, 126], "summary": {"covered_lines": 6, "num_statements": 6, "percent_covered": 100.0, "percent_covered_display": "100", "missing_lines": 0, "excluded_lines": 0, "percent_statements_covered": 100.0, "percent_statements_covered_display": "100"}, "missing_lines": [], "excluded_lines": [], "start_line": 116}, "TestLoadBlueCompetences.test_missing_csv_file": {"executed_lines": [130, 132, 133], "summary": {"covered_lines": 3, "num_statements": 3, "percent_covered": 100.0, "percent_covered_display": "100", "missing_lines": 0, "excluded_lines": 0, "percent_statements_covered": 100.0, "percent_statements_covered_display": "100"}, "missing_lines": [], "excluded_lines": [], "start_line": 128}, "TestLoadBlueCompetences.test_empty_rows_are_skipped": {"executed_lines": [138, 144, 145, 147, 149, 150], "summary": {"covered_lines": 6, "num_statements": 6, "percent_covered": 100.0, "percent_covered_display": "100", "missing_lines": 0, "excluded_lines": 0, "percent_statements_covered": 100.0, "percent_statements_covered_display": "100"}, "missing_lines": [], "excluded_lines": [], "start_line": 135}, "": {"executed_lines": [3, 4, 5, 6, 9, 12, 17, 22, 27, 32, 39, 45, 48, 63, 88, 96, 105, 116, 128, 135, 153], "summary": {"covered_lines": 21, "num_statements": 22, "percent_covered": 95.45454545454545, "percent_covered_display": "95", "missing_lines": 1, "excluded_lines": 0, "percent_statements_covered": 95.45454545454545, "percent_statements_covered_display": "95"}, "missing_lines": [154], "excluded_lines": [], "start_line": 1}}, "classes": {"TestMapDimensionToAxis": {"executed_lines": [14, 15, 19, 20, 24, 25, 29, 30, 34, 35, 36, 37, 41, 42], "summary": {"covered_lines": 14, "num_statements": 14, "percent_covered": 100.0, "percent_covered_display": "100", "missing_lines": 0, "excluded_lines": 0, "percent_statements_covered": 100.0, "percent_statements_covered_display": "100"}, "missing_lines": [], "excluded_lines": [], "start_line": 9}, "TestLoadBlueCompetences": {"executed_lines": [50, 51, 54, 57, 58, 59, 60, 61, 65, 66, 69, 70, 71, 74, 75, 76, 79, 80, 81, 84, 85, 86, 90, 91, 93, 94, 98, 99, 101, 102, 103, 107, 108, 110, 111, 112, 113, 114, 118, 119, 121, 124, 125, 126, 130, 132, 133, 138, 144, 145, 147, 149, 150], "summary": {"covered_lines": 53, "num_statements": 53, "percent_covered": 100.0, "percent_covered_display": "100", "missing_lines": 0, "excluded_lines": 0, "percent_statements_covered": 100.0, "percent_statements_covered_display": "100"}, "missing_lines": [], "excluded_lines": [], "start_line": 45}, "": {"executed_lines": [3, 4, 5, 6, 9, 12, 17, 22, 27, 32, 39, 45, 48, 63, 88, 96, 105, 116, 128, 135, 153], "summary": {"covered_lines": 21, "num_statements": 22, "percent_covered": 95.45454545454545, "percent_covered_display": "95", "missing_lines": 1, "excluded_lines": 0, "percent_statements_covered": 95.45454545454545, "percent_statements_covered_display": "95"}, "missing_lines": [154], "excluded_lines": [], "start_line": 1}}}, "tests/test_run_full_analysis.py": {"executed_lines": [3, 4, 6, 14, 15, 24, 34, 35, 41, 42, 47, 48, 51, 52, 53, 58, 60, 61, 62], "summary": {"covered_lines": 19, "num_statements": 19, "percent_covered": 100.0, "percent_covered_display": "100", "missing_lines": 0, "excluded_lines": 0, "percent_statements_covered": 100.0, "percent_statements_covered_display": "100"}, "missing_lines": [], "excluded_lines": [], "functions": {"test_export_sector_dictionaries_per_sector": {"executed_lines": [15, 24, 34, 35, 41, 42, 47, 48, 51, 52, 53, 58, 60, 61, 62], "summary": {"covered_lines": 15, "num_statements": 15, "percent_covered": 100.0, "percent_covered_display": "100", "missing_lines": 0, "excluded_lines": 0, "percent_statements_covered": 100.0, "percent_statements_covered_display": "100"}, "missing_lines": [], "excluded_lines": [], "start_line": 14}, "": {"executed_lines": [3, 4, 6, 14], "summary": {"covered_lines": 4, "num_statements": 4, "percent_covered": 100.0, "percent_covered_display": "100", "missing_lines": 0, "excluded_lines": 0, "percent_statements_covered": 100.0, "percent_statements_covered_display": "100"}, "missing_lines": [], "excluded_lines": [], "start_line": 1}}, "classes": {"": {"executed_lines": [3, 4, 6, 14, 15, 24, 34, 35, 41, 42, 47, 48, 51, 52, 53, 58, 60, 61, 62], "summary": {"covered_lines": 19, "num_statements": 19, "percent_covered": 100.0, "percent_covered_display": "100", "missing_lines": 0, "excluded_lines": 0, "percent_statements_covered": 100.0, "percent_statements_covered_display": "100"}, "missing_lines": [], "excluded_lines": [], "start_line": 1}}}}, "totals": {"covered_lines": 1606, "num_statements": 2823, "percent_covered": 56.889833510449876, "percent_covered_display": "57", "missing_lines": 1217, "excluded_lines": 0, "percent_statements_covered": 56.889833510449876, "percent_statements_covered_display": "57"}}